[ 2018-11-29T15:19:39+08:00 ] 172.20.0.1 /index.php?g=User&m=Vote&a=index
INFO: [ app_begin ] --START--
INFO: Run ReadHtmlCache Behavior [ RunTime:0.014234s ]
INFO: [ app_begin ] --END-- [ RunTime:0.021735s ]
NOTIC: [8] Undefined offset: 1 /var/www/html/toupiao/31cms/_Core/Lib/Core/Action.class.php 第 209 行.
NOTIC: [2] Cannot use a scalar value as an array /var/www/html/toupiao/31cms/_Core/Lib/Core/Action.class.php 第 209 行.
SQL: SHOW COLUMNS FROM `tp_agent` [ RunTime:0.473703s ]
SQL: SELECT * FROM `tp_agent` WHERE ( `siteurl` = 'http://localhost' ) LIMIT 1   [ RunTime:0.068323s ]
SQL: SHOW COLUMNS FROM `tp_user_group` [ RunTime:0.020065s ]
SQL: SELECT * FROM `tp_user_group` WHERE ( `id` = 7 ) LIMIT 1   [ RunTime:0.020164s ]
SQL: SHOW COLUMNS FROM `tp_users` [ RunTime:0.019022s ]
SQL: SELECT * FROM `tp_users` WHERE ( `id` = 1 ) LIMIT 1   [ RunTime:0.014192s ]
SQL: SELECT * FROM `tp_users` WHERE ( `id` = 1 ) LIMIT 1   [ RunTime:0.000759s ]
SQL: SHOW COLUMNS FROM `tp_wxuser` [ RunTime:0.005839s ]
SQL: SELECT `wxname`,`weixin`,`wxid`,`headerpic` FROM `tp_wxuser` WHERE ( `token` = 'Eioa5C5oj3S32qhH' ) AND ( `uid` = 1 ) LIMIT 1   [ RunTime:0.021677s ]
SQL: SHOW COLUMNS FROM `tp_token_open` [ RunTime:0.004089s ]
SQL: SELECT `queryname` FROM `tp_token_open` WHERE ( `token` = 'Eioa5C5oj3S32qhH' ) LIMIT 1   [ RunTime:0.025496s ]
SQL: SELECT `gid`,`activitynum`,`sum` FROM `tp_users` WHERE ( `id` = 1 ) LIMIT 1   [ RunTime:0.000826s ]
SQL: SELECT * FROM `tp_user_group` WHERE ( `id` = 7 ) LIMIT 1   [ RunTime:0.000921s ]
SQL: SHOW COLUMNS FROM `tp_vote` [ RunTime:0.002083s ]
SQL: SELECT * FROM `tp_vote` WHERE ( `token` = 'Eioa5C5oj3S32qhH' ) ORDER BY id DESC  [ RunTime:0.023051s ]
SQL: SHOW COLUMNS FROM `tp_vote_item` [ RunTime:0.002824s ]
SQL: SELECT COUNT(*) AS tp_count FROM `tp_vote_item` WHERE ( `vid` = 16 ) AND ( `status` > 0 ) LIMIT 1   [ RunTime:0.011890s ]
SQL: SELECT COUNT(*) AS tp_count FROM `tp_vote_item` WHERE ( `vid` = 15 ) AND ( `status` > 0 ) LIMIT 1   [ RunTime:0.000557s ]
SQL: SELECT COUNT(*) AS tp_count FROM `tp_vote_item` WHERE ( `vid` = 14 ) AND ( `status` > 0 ) LIMIT 1   [ RunTime:0.000597s ]
SQL: SELECT COUNT(*) AS tp_count FROM `tp_vote_item` WHERE ( `vid` = 13 ) AND ( `status` > 0 ) LIMIT 1   [ RunTime:0.000600s ]
SQL: SELECT COUNT(*) AS tp_count FROM `tp_vote_item` WHERE ( `vid` = 12 ) AND ( `status` > 0 ) LIMIT 1   [ RunTime:0.000369s ]
SQL: SELECT COUNT(*) AS tp_count FROM `tp_vote_item` WHERE ( `vid` = 11 ) AND ( `status` > 0 ) LIMIT 1   [ RunTime:0.000334s ]
SQL: SELECT COUNT(*) AS tp_count FROM `tp_vote_item` WHERE ( `vid` = 9 ) AND ( `status` > 0 ) LIMIT 1   [ RunTime:0.000425s ]
SQL: SELECT COUNT(*) AS tp_count FROM `tp_vote` WHERE ( `token` = 'Eioa5C5oj3S32qhH' ) LIMIT 1   [ RunTime:0.002076s ]
INFO: [ view_template ] --START--
INFO: Run LocationTemplate Behavior [ RunTime:-1.691249s ]
INFO: [ view_template ] --END-- [ RunTime:0.006359s ]
INFO: [ view_parse ] --START--
NOTIC: [8] Undefined variable: ok /var/www/html/toupiao/Data/logs/Cache/User/f70321ef24e437eb7147c67ab8f0460a.php 第 165 行.
NOTIC: [8] Undefined index: id /var/www/html/toupiao/Data/logs/Cache/User/f70321ef24e437eb7147c67ab8f0460a.php 第 180 行.
INFO: Run ParseTemplate Behavior [ RunTime:-1.697833s ]
INFO: [ view_parse ] --END-- [ RunTime:0.139549s ]
INFO: [ view_filter ] --START--
INFO: Run ContentReplace Behavior [ RunTime:-1.837536s ]
INFO: Run TokenBuild Behavior [ RunTime:-1.841921s ]
INFO: Run WriteHtmlCache Behavior [ RunTime:-1.844779s ]
INFO: Run ShowRuntime Behavior [ RunTime:-1.846066s ]
INFO: [ view_filter ] --END-- [ RunTime:0.011417s ]
INFO: [ view_end ] --START--
INFO: Run ShowPageTrace Behavior [ RunTime:-1.849224s ]
INFO: [ view_end ] --END-- [ RunTime:0.001599s ]

[ 2018-11-29T15:19:49+08:00 ] 172.20.0.1 /index.php?g=User&m=Vote&a=eitem&token=Eioa5C5oj3S32qhH&id=14
INFO: [ app_begin ] --START--
INFO: Run ReadHtmlCache Behavior [ RunTime:0.002363s ]
INFO: [ app_begin ] --END-- [ RunTime:0.002616s ]
NOTIC: [8] Undefined offset: 1 /var/www/html/toupiao/31cms/_Core/Lib/Core/Action.class.php 第 209 行.
NOTIC: [2] Cannot use a scalar value as an array /var/www/html/toupiao/31cms/_Core/Lib/Core/Action.class.php 第 209 行.
SQL: SHOW COLUMNS FROM `tp_agent` [ RunTime:0.013940s ]
SQL: SELECT * FROM `tp_agent` WHERE ( `siteurl` = 'http://localhost' ) LIMIT 1   [ RunTime:0.005854s ]
SQL: SHOW COLUMNS FROM `tp_user_group` [ RunTime:0.003379s ]
SQL: SELECT * FROM `tp_user_group` WHERE ( `id` = 7 ) LIMIT 1   [ RunTime:0.009984s ]
SQL: SHOW COLUMNS FROM `tp_users` [ RunTime:0.003194s ]
SQL: SELECT * FROM `tp_users` WHERE ( `id` = 1 ) LIMIT 1   [ RunTime:0.004050s ]
SQL: SELECT * FROM `tp_users` WHERE ( `id` = 1 ) LIMIT 1   [ RunTime:0.000429s ]
SQL: SHOW COLUMNS FROM `tp_wxuser` [ RunTime:0.003157s ]
SQL: SELECT `wxname`,`weixin`,`wxid`,`headerpic` FROM `tp_wxuser` WHERE ( `token` = 'Eioa5C5oj3S32qhH' ) AND ( `uid` = 1 ) LIMIT 1   [ RunTime:0.006519s ]
SQL: SHOW COLUMNS FROM `tp_token_open` [ RunTime:0.003443s ]
SQL: SELECT `queryname` FROM `tp_token_open` WHERE ( `token` = 'Eioa5C5oj3S32qhH' ) LIMIT 1   [ RunTime:0.004187s ]
SQL: SHOW COLUMNS FROM `tp_vote_item` [ RunTime:0.001436s ]
SQL: SELECT COUNT(*) AS tp_count FROM `tp_vote_item` WHERE ( `vid` = 14 ) AND ( `status` > 0 ) LIMIT 1   [ RunTime:0.004162s ]
SQL: SELECT * FROM `tp_vote_item` WHERE ( `vid` = 14 ) AND ( `status` > 0 ) ORDER BY vcount desc LIMIT 0,20   [ RunTime:0.001898s ]
INFO: [ view_template ] --START--
INFO: Run LocationTemplate Behavior [ RunTime:-0.234084s ]
INFO: [ view_template ] --END-- [ RunTime:0.004299s ]
INFO: [ view_parse ] --START--
INFO: Run ParseTemplate Behavior [ RunTime:-0.238603s ]
INFO: [ view_parse ] --END-- [ RunTime:0.061744s ]
INFO: [ view_filter ] --START--
INFO: Run ContentReplace Behavior [ RunTime:-0.300490s ]
INFO: Run TokenBuild Behavior [ RunTime:-0.302758s ]
INFO: Run WriteHtmlCache Behavior [ RunTime:-0.304723s ]
INFO: Run ShowRuntime Behavior [ RunTime:-0.309339s ]
INFO: [ view_filter ] --END-- [ RunTime:0.010775s ]
INFO: [ view_end ] --START--
INFO: Run ShowPageTrace Behavior [ RunTime:-0.311557s ]
INFO: [ view_end ] --END-- [ RunTime:0.001395s ]

[ 2018-11-29T15:20:13+08:00 ] 172.20.0.1 /index.php?g=User&m=Lottery&a=index&id=1
INFO: [ app_begin ] --START--
INFO: Run ReadHtmlCache Behavior [ RunTime:0.001454s ]
INFO: [ app_begin ] --END-- [ RunTime:0.001681s ]
NOTIC: [2048] Declaration of LotteryAction::index() should be compatible with LotteryBaseAction::index($IIIIIIlIllIl) /var/www/html/toupiao/31cms/Lib/Action/User/LotteryAction.class.php 第 4 行.
NOTIC: [2048] Declaration of LotteryAction::add() should be compatible with LotteryBaseAction::add($IIIIIIlIllIl) /var/www/html/toupiao/31cms/Lib/Action/User/LotteryAction.class.php 第 4 行.
NOTIC: [2048] Declaration of LotteryAction::edit() should be compatible with LotteryBaseAction::edit($IIIIIIlIllIl) /var/www/html/toupiao/31cms/Lib/Action/User/LotteryAction.class.php 第 4 行.
NOTIC: [2048] Declaration of LotteryAction::sn() should be compatible with LotteryBaseAction::sn($IIIIIIlIllIl) /var/www/html/toupiao/31cms/Lib/Action/User/LotteryAction.class.php 第 4 行.
NOTIC: [8] Undefined offset: 1 /var/www/html/toupiao/31cms/_Core/Lib/Core/Action.class.php 第 209 行.
NOTIC: [2] Cannot use a scalar value as an array /var/www/html/toupiao/31cms/_Core/Lib/Core/Action.class.php 第 209 行.
SQL: SHOW COLUMNS FROM `tp_agent` [ RunTime:0.004388s ]
SQL: SELECT * FROM `tp_agent` WHERE ( `siteurl` = 'http://localhost' ) LIMIT 1   [ RunTime:0.002959s ]
SQL: SHOW COLUMNS FROM `tp_user_group` [ RunTime:0.002070s ]
SQL: SELECT * FROM `tp_user_group` WHERE ( `id` = 7 ) LIMIT 1   [ RunTime:0.005517s ]
SQL: SHOW COLUMNS FROM `tp_users` [ RunTime:0.002300s ]
SQL: SELECT * FROM `tp_users` WHERE ( `id` = 1 ) LIMIT 1   [ RunTime:0.006391s ]
SQL: SELECT * FROM `tp_users` WHERE ( `id` = 1 ) LIMIT 1   [ RunTime:0.000543s ]
SQL: SHOW COLUMNS FROM `tp_wxuser` [ RunTime:0.001776s ]
SQL: SELECT `wxname`,`weixin`,`wxid`,`headerpic` FROM `tp_wxuser` WHERE ( `token` = 'Eioa5C5oj3S32qhH' ) AND ( `uid` = 1 ) LIMIT 1   [ RunTime:0.003871s ]
SQL: SHOW COLUMNS FROM `tp_token_open` [ RunTime:0.001220s ]
SQL: SELECT `queryname` FROM `tp_token_open` WHERE ( `token` = 'Eioa5C5oj3S32qhH' ) LIMIT 1   [ RunTime:0.003109s ]
SQL: SELECT `queryname` FROM `tp_token_open` WHERE ( `token` = 'Eioa5C5oj3S32qhH' ) LIMIT 1   [ RunTime:0.000445s ]
SQL: SHOW COLUMNS FROM `tp_function` [ RunTime:0.003339s ]
SQL: SELECT * FROM `tp_function` WHERE ( `funname` = 'lottery' ) LIMIT 1   [ RunTime:0.011930s ]
SQL: SHOW COLUMNS FROM `tp_lottery` [ RunTime:0.005337s ]
SQL: SELECT * FROM `tp_lottery` WHERE ( `token` = 'Eioa5C5oj3S32qhH' ) AND ( `type` = 1 )  [ RunTime:0.006967s ]
SQL: SELECT COUNT(*) AS tp_count FROM `tp_lottery` WHERE ( `token` = 'Eioa5C5oj3S32qhH' ) AND ( `type` = 1 ) LIMIT 1   [ RunTime:0.000350s ]
INFO: [ view_template ] --START--
INFO: Run LocationTemplate Behavior [ RunTime:-0.131793s ]
INFO: [ view_template ] --END-- [ RunTime:0.002632s ]
INFO: [ view_parse ] --START--
INFO: Run ParseTemplate Behavior [ RunTime:-0.134611s ]
INFO: [ view_parse ] --END-- [ RunTime:0.033846s ]
INFO: [ view_filter ] --START--
INFO: Run ContentReplace Behavior [ RunTime:-0.168626s ]
INFO: Run TokenBuild Behavior [ RunTime:-0.170598s ]
INFO: Run WriteHtmlCache Behavior [ RunTime:-0.171647s ]
INFO: Run ShowRuntime Behavior [ RunTime:-0.172502s ]
INFO: [ view_filter ] --END-- [ RunTime:0.005017s ]
INFO: [ view_end ] --START--
INFO: Run ShowPageTrace Behavior [ RunTime:-0.173891s ]
INFO: [ view_end ] --END-- [ RunTime:0.001125s ]

[ 2018-11-29T15:20:16+08:00 ] 172.20.0.1 /index.php?g=User&m=Vote&a=gongzhong&id=1
INFO: [ app_begin ] --START--
INFO: Run ReadHtmlCache Behavior [ RunTime:0.001777s ]
INFO: [ app_begin ] --END-- [ RunTime:0.001984s ]
NOTIC: [8] Undefined offset: 1 /var/www/html/toupiao/31cms/_Core/Lib/Core/Action.class.php 第 209 行.
NOTIC: [2] Cannot use a scalar value as an array /var/www/html/toupiao/31cms/_Core/Lib/Core/Action.class.php 第 209 行.
SQL: SHOW COLUMNS FROM `tp_agent` [ RunTime:0.008701s ]
SQL: SELECT * FROM `tp_agent` WHERE ( `siteurl` = 'http://localhost' ) LIMIT 1   [ RunTime:0.003227s ]
SQL: SHOW COLUMNS FROM `tp_user_group` [ RunTime:0.002713s ]
SQL: SELECT * FROM `tp_user_group` WHERE ( `id` = 7 ) LIMIT 1   [ RunTime:0.003221s ]
SQL: SHOW COLUMNS FROM `tp_users` [ RunTime:0.002141s ]
SQL: SELECT * FROM `tp_users` WHERE ( `id` = 1 ) LIMIT 1   [ RunTime:0.010464s ]
SQL: SELECT * FROM `tp_users` WHERE ( `id` = 1 ) LIMIT 1   [ RunTime:0.000548s ]
SQL: SHOW COLUMNS FROM `tp_wxuser` [ RunTime:0.001837s ]
SQL: SELECT `wxname`,`weixin`,`wxid`,`headerpic` FROM `tp_wxuser` WHERE ( `token` = 'Eioa5C5oj3S32qhH' ) AND ( `uid` = 1 ) LIMIT 1   [ RunTime:0.003660s ]
SQL: SHOW COLUMNS FROM `tp_token_open` [ RunTime:0.001630s ]
SQL: SELECT `queryname` FROM `tp_token_open` WHERE ( `token` = 'Eioa5C5oj3S32qhH' ) LIMIT 1   [ RunTime:0.003208s ]
SQL: SHOW COLUMNS FROM `tp_diymen_set` [ RunTime:0.001382s ]
SQL: SELECT * FROM `tp_users` WHERE id=1 LIMIT 1   [ RunTime:0.000524s ]
SQL: SELECT * FROM `tp_diymen_set` WHERE token='Eioa5C5oj3S32qhH' LIMIT 1   [ RunTime:0.006625s ]
SQL: SHOW COLUMNS FROM `tp_lottery` [ RunTime:0.002087s ]
SQL: SELECT * FROM `tp_lottery` WHERE token='Eioa5C5oj3S32qhH'  [ RunTime:0.007629s ]
INFO: [ view_template ] --START--
INFO: Run LocationTemplate Behavior [ RunTime:-0.095467s ]
INFO: [ view_template ] --END-- [ RunTime:0.003546s ]
INFO: [ view_parse ] --START--
NOTIC: [8] Undefined variable: rep /var/www/html/toupiao/Data/logs/Cache/User/2c82b2a3ea1058422dd13bc243082fe2.php 第 344 行.
INFO: Run ParseTemplate Behavior [ RunTime:-0.099198s ]
INFO: [ view_parse ] --END-- [ RunTime:0.052171s ]
INFO: [ view_filter ] --START--
INFO: Run ContentReplace Behavior [ RunTime:-0.151590s ]
INFO: Run TokenBuild Behavior [ RunTime:-0.153464s ]
INFO: Run WriteHtmlCache Behavior [ RunTime:-0.155008s ]
INFO: Run ShowRuntime Behavior [ RunTime:-0.156574s ]
INFO: [ view_filter ] --END-- [ RunTime:0.006236s ]
INFO: [ view_end ] --START--
INFO: Run ShowPageTrace Behavior [ RunTime:-0.158073s ]
INFO: [ view_end ] --END-- [ RunTime:0.001071s ]

[ 2018-11-29T15:20:30+08:00 ] 172.20.0.1 /index.php?g=User&m=Diymen&a=index&token=Eioa5C5oj3S32qhH
INFO: [ app_begin ] --START--
INFO: Run ReadHtmlCache Behavior [ RunTime:0.002136s ]
INFO: [ app_begin ] --END-- [ RunTime:0.002376s ]
NOTIC: [8] Undefined offset: 1 /var/www/html/toupiao/31cms/_Core/Lib/Core/Action.class.php 第 209 行.
NOTIC: [2] Cannot use a scalar value as an array /var/www/html/toupiao/31cms/_Core/Lib/Core/Action.class.php 第 209 行.
SQL: SHOW COLUMNS FROM `tp_agent` [ RunTime:0.006353s ]
SQL: SELECT * FROM `tp_agent` WHERE ( `siteurl` = 'http://localhost' ) LIMIT 1   [ RunTime:0.003728s ]
SQL: SHOW COLUMNS FROM `tp_user_group` [ RunTime:0.001274s ]
SQL: SELECT * FROM `tp_user_group` WHERE ( `id` = 7 ) LIMIT 1   [ RunTime:0.004477s ]
SQL: SHOW COLUMNS FROM `tp_users` [ RunTime:0.002243s ]
SQL: SELECT * FROM `tp_users` WHERE ( `id` = 1 ) LIMIT 1   [ RunTime:0.005348s ]
SQL: SELECT * FROM `tp_users` WHERE ( `id` = 1 ) LIMIT 1   [ RunTime:0.000447s ]
SQL: SHOW COLUMNS FROM `tp_wxuser` [ RunTime:0.001531s ]
SQL: SELECT `wxname`,`weixin`,`wxid`,`headerpic` FROM `tp_wxuser` WHERE ( `token` = 'Eioa5C5oj3S32qhH' ) AND ( `uid` = 1 ) LIMIT 1   [ RunTime:0.004343s ]
SQL: SHOW COLUMNS FROM `tp_token_open` [ RunTime:0.001122s ]
SQL: SELECT `queryname` FROM `tp_token_open` WHERE ( `token` = 'Eioa5C5oj3S32qhH' ) LIMIT 1   [ RunTime:0.004039s ]
SQL: SELECT * FROM `tp_wxuser` WHERE ( `token` = 'Eioa5C5oj3S32qhH' ) LIMIT 1   [ RunTime:0.000499s ]
SQL: SHOW COLUMNS FROM `tp_diymen_set` [ RunTime:0.001315s ]
SQL: SELECT * FROM `tp_diymen_set` WHERE ( `token` = 'Eioa5C5oj3S32qhH' ) LIMIT 1   [ RunTime:0.003707s ]
SQL: SHOW COLUMNS FROM `tp_diymen_class` [ RunTime:0.004177s ]
SQL: SELECT * FROM `tp_diymen_class` WHERE ( `token` = 'Eioa5C5oj3S32qhH' ) AND ( `pid` = 0 ) ORDER BY sort desc  [ RunTime:0.007481s ]
SQL: SELECT * FROM `tp_diymen_class` WHERE ( `token` = 'Eioa5C5oj3S32qhH' ) AND ( `pid` = 39 ) ORDER BY sort desc  [ RunTime:0.000533s ]
SQL: SELECT * FROM `tp_diymen_class` WHERE ( `token` = 'Eioa5C5oj3S32qhH' ) AND ( `pid` = 28 ) ORDER BY sort desc  [ RunTime:0.000424s ]
INFO: [ view_template ] --START--
INFO: Run LocationTemplate Behavior [ RunTime:-0.090598s ]
INFO: [ view_template ] --END-- [ RunTime:0.002648s ]
INFO: [ view_parse ] --START--
INFO: Run ParseTemplate Behavior [ RunTime:-0.093488s ]
INFO: [ view_parse ] --END-- [ RunTime:0.051751s ]
INFO: [ view_filter ] --START--
INFO: Run ContentReplace Behavior [ RunTime:-0.145486s ]
INFO: Run TokenBuild Behavior [ RunTime:-0.149685s ]
INFO: Run WriteHtmlCache Behavior [ RunTime:-0.151918s ]
INFO: Run ShowRuntime Behavior [ RunTime:-0.153705s ]
INFO: [ view_filter ] --END-- [ RunTime:0.010514s ]
INFO: [ view_end ] --START--
INFO: Run ShowPageTrace Behavior [ RunTime:-0.156235s ]
INFO: [ view_end ] --END-- [ RunTime:0.004896s ]

[ 2018-11-29T15:20:38+08:00 ] 172.20.0.1 /index.php?g=User&m=Vote&a=add&type=img
INFO: [ app_begin ] --START--
INFO: Run ReadHtmlCache Behavior [ RunTime:0.001658s ]
INFO: [ app_begin ] --END-- [ RunTime:0.001868s ]
NOTIC: [8] Undefined offset: 1 /var/www/html/toupiao/31cms/_Core/Lib/Core/Action.class.php 第 209 行.
NOTIC: [2] Cannot use a scalar value as an array /var/www/html/toupiao/31cms/_Core/Lib/Core/Action.class.php 第 209 行.
SQL: SHOW COLUMNS FROM `tp_agent` [ RunTime:0.004585s ]
SQL: SELECT * FROM `tp_agent` WHERE ( `siteurl` = 'http://localhost' ) LIMIT 1   [ RunTime:0.003804s ]
SQL: SHOW COLUMNS FROM `tp_user_group` [ RunTime:0.001563s ]
SQL: SELECT * FROM `tp_user_group` WHERE ( `id` = 7 ) LIMIT 1   [ RunTime:0.007278s ]
SQL: SHOW COLUMNS FROM `tp_users` [ RunTime:0.002133s ]
SQL: SELECT * FROM `tp_users` WHERE ( `id` = 1 ) LIMIT 1   [ RunTime:0.009960s ]
SQL: SELECT * FROM `tp_users` WHERE ( `id` = 1 ) LIMIT 1   [ RunTime:0.000558s ]
SQL: SHOW COLUMNS FROM `tp_wxuser` [ RunTime:0.001674s ]
SQL: SELECT `wxname`,`weixin`,`wxid`,`headerpic` FROM `tp_wxuser` WHERE ( `token` = 'Eioa5C5oj3S32qhH' ) AND ( `uid` = 1 ) LIMIT 1   [ RunTime:0.004890s ]
SQL: SHOW COLUMNS FROM `tp_token_open` [ RunTime:0.003276s ]
SQL: SELECT `queryname` FROM `tp_token_open` WHERE ( `token` = 'Eioa5C5oj3S32qhH' ) LIMIT 1   [ RunTime:0.003846s ]
SQL: SELECT `sum` FROM `tp_users` WHERE ( `id` = 1 ) LIMIT 1   [ RunTime:0.000406s ]
SQL: SHOW COLUMNS FROM `tp_vote` [ RunTime:0.004121s ]
SQL: SELECT COUNT(*) AS tp_count FROM `tp_vote` WHERE ( `token` = 'Eioa5C5oj3S32qhH' ) LIMIT 1   [ RunTime:0.006717s ]
INFO: [ view_template ] --START--
INFO: Run LocationTemplate Behavior [ RunTime:-0.083905s ]
INFO: [ view_template ] --END-- [ RunTime:0.002628s ]
INFO: [ view_parse ] --START--
NOTIC: [8] Undefined index: type /var/www/html/toupiao/Data/logs/Cache/User/06910c565e1450d396eed27237367a2f.php 第 166 行.
NOTIC: [8] Undefined index: type /var/www/html/toupiao/Data/logs/Cache/User/06910c565e1450d396eed27237367a2f.php 第 171 行.
NOTIC: [8] Undefined index: id /var/www/html/toupiao/Data/logs/Cache/User/06910c565e1450d396eed27237367a2f.php 第 175 行.
NOTIC: [8] Undefined index: moban /var/www/html/toupiao/Data/logs/Cache/User/06910c565e1450d396eed27237367a2f.php 第 181 行.
NOTIC: [8] Undefined index: moban /var/www/html/toupiao/Data/logs/Cache/User/06910c565e1450d396eed27237367a2f.php 第 182 行.
NOTIC: [8] Undefined index: moban /var/www/html/toupiao/Data/logs/Cache/User/06910c565e1450d396eed27237367a2f.php 第 183 行.
NOTIC: [8] Undefined index: moban /var/www/html/toupiao/Data/logs/Cache/User/06910c565e1450d396eed27237367a2f.php 第 184 行.
NOTIC: [8] Undefined index: moban /var/www/html/toupiao/Data/logs/Cache/User/06910c565e1450d396eed27237367a2f.php 第 185 行.
NOTIC: [8] Undefined index: moban /var/www/html/toupiao/Data/logs/Cache/User/06910c565e1450d396eed27237367a2f.php 第 186 行.
NOTIC: [8] Undefined index: moban /var/www/html/toupiao/Data/logs/Cache/User/06910c565e1450d396eed27237367a2f.php 第 187 行.
NOTIC: [8] Undefined index: keyword /var/www/html/toupiao/Data/logs/Cache/User/06910c565e1450d396eed27237367a2f.php 第 196 行.
NOTIC: [8] Undefined index: title /var/www/html/toupiao/Data/logs/Cache/User/06910c565e1450d396eed27237367a2f.php 第 200 行.
NOTIC: [8] Undefined variable: guanggao /var/www/html/toupiao/Data/logs/Cache/User/06910c565e1450d396eed27237367a2f.php 第 203 行.
NOTIC: [8] Undefined index: picurl_guanggao /var/www/html/toupiao/Data/logs/Cache/User/06910c565e1450d396eed27237367a2f.php 第 217 行.
NOTIC: [8] Undefined index: fxms /var/www/html/toupiao/Data/logs/Cache/User/06910c565e1450d396eed27237367a2f.php 第 226 行.
NOTIC: [8] Undefined index: wappicurl /var/www/html/toupiao/Data/logs/Cache/User/06910c565e1450d396eed27237367a2f.php 第 232 行.
NOTIC: [8] Undefined index: ydgzts /var/www/html/toupiao/Data/logs/Cache/User/06910c565e1450d396eed27237367a2f.php 第 238 行.
NOTIC: [8] Undefined index: wxgzurl /var/www/html/toupiao/Data/logs/Cache/User/06910c565e1450d396eed27237367a2f.php 第 242 行.
NOTIC: [8] Undefined index: tpnub /var/www/html/toupiao/Data/logs/Cache/User/06910c565e1450d396eed27237367a2f.php 第 247 行.
NOTIC: [8] Undefined index: ipnubs /var/www/html/toupiao/Data/logs/Cache/User/06910c565e1450d396eed27237367a2f.php 第 252 行.
NOTIC: [8] Undefined index: btcdxz /var/www/html/toupiao/Data/logs/Cache/User/06910c565e1450d396eed27237367a2f.php 第 256 行.
NOTIC: [8] Undefined index: shumat /var/www/html/toupiao/Data/logs/Cache/User/06910c565e1450d396eed27237367a2f.php 第 274 行.
NOTIC: [8] Undefined index: shuma /var/www/html/toupiao/Data/logs/Cache/User/06910c565e1450d396eed27237367a2f.php 第 278 行.
NOTIC: [8] Undefined index: shumbt /var/www/html/toupiao/Data/logs/Cache/User/06910c565e1450d396eed27237367a2f.php 第 284 行.
NOTIC: [8] Undefined index: shumb /var/www/html/toupiao/Data/logs/Cache/User/06910c565e1450d396eed27237367a2f.php 第 288 行.
NOTIC: [8] Undefined index: shumct /var/www/html/toupiao/Data/logs/Cache/User/06910c565e1450d396eed27237367a2f.php 第 294 行.
NOTIC: [8] Undefined index: shumc /var/www/html/toupiao/Data/logs/Cache/User/06910c565e1450d396eed27237367a2f.php 第 298 行.
NOTIC: [8] Undefined index: xncheck /var/www/html/toupiao/Data/logs/Cache/User/06910c565e1450d396eed27237367a2f.php 第 304 行.
NOTIC: [8] Undefined index: xntps /var/www/html/toupiao/Data/logs/Cache/User/06910c565e1450d396eed27237367a2f.php 第 308 行.
NOTIC: [8] Undefined index: xnbms /var/www/html/toupiao/Data/logs/Cache/User/06910c565e1450d396eed27237367a2f.php 第 312 行.
NOTIC: [8] Undefined index: cnzz /var/www/html/toupiao/Data/logs/Cache/User/06910c565e1450d396eed27237367a2f.php 第 321 行.
NOTIC: [8] Undefined index: music /var/www/html/toupiao/Data/logs/Cache/User/06910c565e1450d396eed27237367a2f.php 第 326 行.
NOTIC: [8] Undefined index: gonggao /var/www/html/toupiao/Data/logs/Cache/User/06910c565e1450d396eed27237367a2f.php 第 330 行.
NOTIC: [8] Undefined index: sms_content /var/www/html/toupiao/Data/logs/Cache/User/06910c565e1450d396eed27237367a2f.php 第 335 行.
NOTIC: [8] Undefined index: picurl_guanggao /var/www/html/toupiao/Data/logs/Cache/User/06910c565e1450d396eed27237367a2f.php 第 344 行.
NOTIC: [8] Undefined index: cknums /var/www/html/toupiao/Data/logs/Cache/User/06910c565e1450d396eed27237367a2f.php 第 476 行.
NOTIC: [8] Undefined index: cknums /var/www/html/toupiao/Data/logs/Cache/User/06910c565e1450d396eed27237367a2f.php 第 477 行.
NOTIC: [8] Undefined index: votelimit /var/www/html/toupiao/Data/logs/Cache/User/06910c565e1450d396eed27237367a2f.php 第 488 行.
NOTIC: [8] Undefined index: is_sendsms /var/www/html/toupiao/Data/logs/Cache/User/06910c565e1450d396eed27237367a2f.php 第 498 行.
NOTIC: [8] Undefined index: is_sendsms /var/www/html/toupiao/Data/logs/Cache/User/06910c565e1450d396eed27237367a2f.php 第 503 行.
NOTIC: [8] Undefined index: is_sh /var/www/html/toupiao/Data/logs/Cache/User/06910c565e1450d396eed27237367a2f.php 第 509 行.
NOTIC: [8] Undefined index: is_sh /var/www/html/toupiao/Data/logs/Cache/User/06910c565e1450d396eed27237367a2f.php 第 514 行.
INFO: Run ParseTemplate Behavior [ RunTime:-0.086732s ]
INFO: [ view_parse ] --END-- [ RunTime:0.054819s ]
INFO: [ view_filter ] --START--
INFO: Run ContentReplace Behavior [ RunTime:-0.141709s ]
INFO: Run TokenBuild Behavior [ RunTime:-0.146109s ]
INFO: Run WriteHtmlCache Behavior [ RunTime:-0.147740s ]
INFO: Run ShowRuntime Behavior [ RunTime:-0.148580s ]
INFO: [ view_filter ] --END-- [ RunTime:0.008118s ]
INFO: [ view_end ] --START--
INFO: Run ShowPageTrace Behavior [ RunTime:-0.150080s ]
INFO: [ view_end ] --END-- [ RunTime:0.001035s ]

[ 2018-11-29T15:20:57+08:00 ] 172.20.0.1 /
INFO: [ app_begin ] --START--
INFO: Run ReadHtmlCache Behavior [ RunTime:0.003310s ]
INFO: [ app_begin ] --END-- [ RunTime:0.003629s ]
NOTIC: [2048] Declaration of IndexAction::show() should be compatible with Action::show($content, $charset = '', $contentType = '') /var/www/html/toupiao/31cms/Lib/Action/Home/IndexAction.class.php 第 4 行.
NOTIC: [8] Undefined offset: 1 /var/www/html/toupiao/31cms/_Core/Lib/Core/Action.class.php 第 209 行.
NOTIC: [2] Cannot use a scalar value as an array /var/www/html/toupiao/31cms/_Core/Lib/Core/Action.class.php 第 209 行.
SQL: SHOW COLUMNS FROM `tp_agent` [ RunTime:0.004502s ]
SQL: SELECT * FROM `tp_agent` WHERE ( `siteurl` = 'http://localhost' ) LIMIT 1   [ RunTime:0.003149s ]
INFO: [ view_template ] --START--
INFO: Run LocationTemplate Behavior [ RunTime:-0.047606s ]
INFO: [ view_template ] --END-- [ RunTime:0.003342s ]
INFO: [ view_parse ] --START--
INFO: Run ParseTemplate Behavior [ RunTime:-0.051141s ]
INFO: [ view_parse ] --END-- [ RunTime:0.017429s ]
INFO: [ view_filter ] --START--
INFO: Run ContentReplace Behavior [ RunTime:-0.068732s ]
INFO: Run TokenBuild Behavior [ RunTime:-0.070195s ]
INFO: Run WriteHtmlCache Behavior [ RunTime:-0.071661s ]
INFO: Run ShowRuntime Behavior [ RunTime:-0.072601s ]
INFO: [ view_filter ] --END-- [ RunTime:0.005302s ]
INFO: [ view_end ] --START--
INFO: Run ShowPageTrace Behavior [ RunTime:-0.074279s ]
INFO: [ view_end ] --END-- [ RunTime:0.001103s ]

[ 2018-11-29T15:21:09+08:00 ] 172.20.0.1 /
INFO: [ app_begin ] --START--
INFO: Run ReadHtmlCache Behavior [ RunTime:0.003732s ]
INFO: [ app_begin ] --END-- [ RunTime:0.004159s ]
NOTIC: [2048] Declaration of IndexAction::show() should be compatible with Action::show($content, $charset = '', $contentType = '') /var/www/html/toupiao/31cms/Lib/Action/Home/IndexAction.class.php 第 4 行.
NOTIC: [8] Undefined offset: 1 /var/www/html/toupiao/31cms/_Core/Lib/Core/Action.class.php 第 209 行.
NOTIC: [2] Cannot use a scalar value as an array /var/www/html/toupiao/31cms/_Core/Lib/Core/Action.class.php 第 209 行.
SQL: SHOW COLUMNS FROM `tp_agent` [ RunTime:0.009890s ]
SQL: SELECT * FROM `tp_agent` WHERE ( `siteurl` = 'http://localhost' ) LIMIT 1   [ RunTime:0.006996s ]
INFO: [ view_template ] --START--
INFO: Run LocationTemplate Behavior [ RunTime:-0.054051s ]
INFO: [ view_template ] --END-- [ RunTime:0.005848s ]
INFO: [ view_parse ] --START--
INFO: Run ParseTemplate Behavior [ RunTime:-0.060114s ]
INFO: [ view_parse ] --END-- [ RunTime:0.026340s ]
INFO: [ view_filter ] --START--
INFO: Run ContentReplace Behavior [ RunTime:-0.086705s ]
INFO: Run TokenBuild Behavior [ RunTime:-0.089347s ]
INFO: Run WriteHtmlCache Behavior [ RunTime:-0.091027s ]
INFO: Run ShowRuntime Behavior [ RunTime:-0.093048s ]
INFO: [ view_filter ] --END-- [ RunTime:0.008825s ]
INFO: [ view_end ] --START--
INFO: Run ShowPageTrace Behavior [ RunTime:-0.095976s ]
INFO: [ view_end ] --END-- [ RunTime:0.002423s ]

[ 2018-11-29T15:21:11+08:00 ] 172.20.0.1 /
INFO: [ app_begin ] --START--
INFO: Run ReadHtmlCache Behavior [ RunTime:0.002229s ]
INFO: [ app_begin ] --END-- [ RunTime:0.002505s ]
NOTIC: [2048] Declaration of IndexAction::show() should be compatible with Action::show($content, $charset = '', $contentType = '') /var/www/html/toupiao/31cms/Lib/Action/Home/IndexAction.class.php 第 4 行.
NOTIC: [8] Undefined offset: 1 /var/www/html/toupiao/31cms/_Core/Lib/Core/Action.class.php 第 209 行.
NOTIC: [2] Cannot use a scalar value as an array /var/www/html/toupiao/31cms/_Core/Lib/Core/Action.class.php 第 209 行.
SQL: SHOW COLUMNS FROM `tp_agent` [ RunTime:0.007096s ]
SQL: SELECT * FROM `tp_agent` WHERE ( `siteurl` = 'http://localhost' ) LIMIT 1   [ RunTime:0.004370s ]
INFO: [ view_template ] --START--
INFO: Run LocationTemplate Behavior [ RunTime:-0.031582s ]
INFO: [ view_template ] --END-- [ RunTime:0.004658s ]
INFO: [ view_parse ] --START--
INFO: Run ParseTemplate Behavior [ RunTime:-0.036495s ]
INFO: [ view_parse ] --END-- [ RunTime:0.026760s ]
INFO: [ view_filter ] --START--
INFO: Run ContentReplace Behavior [ RunTime:-0.063769s ]
INFO: Run TokenBuild Behavior [ RunTime:-0.067203s ]
INFO: Run WriteHtmlCache Behavior [ RunTime:-0.068721s ]
INFO: Run ShowRuntime Behavior [ RunTime:-0.069874s ]
INFO: [ view_filter ] --END-- [ RunTime:0.007702s ]
INFO: [ view_end ] --START--
INFO: Run ShowPageTrace Behavior [ RunTime:-0.071692s ]
INFO: [ view_end ] --END-- [ RunTime:0.001426s ]

[ 2018-11-29T15:21:14+08:00 ] 172.20.0.1 /
INFO: [ app_begin ] --START--
INFO: Run ReadHtmlCache Behavior [ RunTime:0.004781s ]
INFO: [ app_begin ] --END-- [ RunTime:0.005173s ]
NOTIC: [2048] Declaration of IndexAction::show() should be compatible with Action::show($content, $charset = '', $contentType = '') /var/www/html/toupiao/31cms/Lib/Action/Home/IndexAction.class.php 第 4 行.
NOTIC: [8] Undefined offset: 1 /var/www/html/toupiao/31cms/_Core/Lib/Core/Action.class.php 第 209 行.
NOTIC: [2] Cannot use a scalar value as an array /var/www/html/toupiao/31cms/_Core/Lib/Core/Action.class.php 第 209 行.
SQL: SHOW COLUMNS FROM `tp_agent` [ RunTime:0.010555s ]
SQL: SELECT * FROM `tp_agent` WHERE ( `siteurl` = 'http://localhost' ) LIMIT 1   [ RunTime:0.005830s ]
INFO: [ view_template ] --START--
INFO: Run LocationTemplate Behavior [ RunTime:-0.043556s ]
INFO: [ view_template ] --END-- [ RunTime:0.004763s ]
INFO: [ view_parse ] --START--
INFO: Run ParseTemplate Behavior [ RunTime:-0.048591s ]
INFO: [ view_parse ] --END-- [ RunTime:0.019542s ]
INFO: [ view_filter ] --START--
INFO: Run ContentReplace Behavior [ RunTime:-0.068293s ]
INFO: Run TokenBuild Behavior [ RunTime:-0.069709s ]
INFO: Run WriteHtmlCache Behavior [ RunTime:-0.070990s ]
INFO: Run ShowRuntime Behavior [ RunTime:-0.072441s ]
INFO: [ view_filter ] --END-- [ RunTime:0.005597s ]
INFO: [ view_end ] --START--
INFO: Run ShowPageTrace Behavior [ RunTime:-0.074164s ]
INFO: [ view_end ] --END-- [ RunTime:0.002965s ]

[ 2018-11-29T15:30:55+08:00 ] 172.20.0.1 /index.php?g=Home&m=Index&a=help&token=Eioa5C5oj3S32qhH
INFO: [ app_begin ] --START--
INFO: Run ReadHtmlCache Behavior [ RunTime:0.001691s ]
INFO: [ app_begin ] --END-- [ RunTime:0.001904s ]
NOTIC: [2048] Declaration of IndexAction::show() should be compatible with Action::show($content, $charset = '', $contentType = '') /var/www/html/toupiao/31cms/Lib/Action/Home/IndexAction.class.php 第 4 行.
NOTIC: [8] Undefined offset: 1 /var/www/html/toupiao/31cms/_Core/Lib/Core/Action.class.php 第 209 行.
NOTIC: [2] Cannot use a scalar value as an array /var/www/html/toupiao/31cms/_Core/Lib/Core/Action.class.php 第 209 行.
SQL: SHOW COLUMNS FROM `tp_agent` [ RunTime:0.010369s ]
SQL: SELECT * FROM `tp_agent` WHERE ( `siteurl` = 'http://localhost' ) LIMIT 1   [ RunTime:0.006574s ]
INFO: [ view_template ] --START--
INFO: Run LocationTemplate Behavior [ RunTime:-0.038140s ]
INFO: [ view_template ] --END-- [ RunTime:0.003888s ]
INFO: [ view_parse ] --START--
NOTIC: [2] file_get_contents(./tpl/Home/default/Public_header.html): failed to open stream: No such file or directory /var/www/html/toupiao/31cms/_Core/Lib/Template/ThinkTemplate.class.php 第 624 行.
INFO: Run ParseTemplate Behavior [ RunTime:-0.042224s ]
INFO: [ view_parse ] --END-- [ RunTime:0.029414s ]
INFO: [ view_filter ] --START--
INFO: Run ContentReplace Behavior [ RunTime:-0.071797s ]
INFO: Run TokenBuild Behavior [ RunTime:-0.073972s ]
INFO: Run WriteHtmlCache Behavior [ RunTime:-0.075674s ]
INFO: Run ShowRuntime Behavior [ RunTime:-0.076707s ]
INFO: [ view_filter ] --END-- [ RunTime:0.006516s ]
INFO: [ view_end ] --START--
INFO: Run ShowPageTrace Behavior [ RunTime:-0.078561s ]
INFO: [ view_end ] --END-- [ RunTime:0.001338s ]

[ 2018-11-29T15:32:20+08:00 ] ERR: (ThinkException) 无法加载模块:Vote
[ 2018-11-29T15:32:56+08:00 ] ERR: (ThinkException) 无法加载模块:Vote
[ 2018-11-29T15:33:59+08:00 ] 172.20.0.1 /index.php?g=Wap&m=Vote&a=index&token=Eioa5C5oj3S32qhH
INFO: [ app_begin ] --START--
INFO: Run ReadHtmlCache Behavior [ RunTime:0.002382s ]
INFO: [ app_begin ] --END-- [ RunTime:0.002655s ]
NOTIC: [8] Undefined offset: 1 /var/www/html/toupiao/31cms/_Core/Lib/Core/Action.class.php 第 209 行.
NOTIC: [2] Cannot use a scalar value as an array /var/www/html/toupiao/31cms/_Core/Lib/Core/Action.class.php 第 209 行.
SQL: SHOW COLUMNS FROM `tp_agent` [ RunTime:0.021070s ]
SQL: SELECT * FROM `tp_agent` WHERE ( `siteurl` = 'http://localhost' ) LIMIT 1   [ RunTime:0.003386s ]
NOTIC: [8] Undefined index: wxd_openid /var/www/html/toupiao/31cms/Lib/Action/Wap/VoteAction.class.php 第 1870 行.
NOTIC: [8] Undefined index: id /var/www/html/toupiao/31cms/Lib/Action/Wap/VoteAction.class.php 第 34 行.
NOTIC: [8] Undefined index: isappinstalled /var/www/html/toupiao/31cms/Lib/Action/Wap/VoteAction.class.php 第 38 行.
NOTIC: [8] Undefined index: from /var/www/html/toupiao/31cms/Lib/Action/Wap/VoteAction.class.php 第 40 行.

[ 2018-11-29T15:34:06+08:00 ] 172.20.0.1 /index.php?g=Wap&m=Vote&a=index
INFO: [ app_begin ] --START--
INFO: Run ReadHtmlCache Behavior [ RunTime:0.001620s ]
INFO: [ app_begin ] --END-- [ RunTime:0.001879s ]
NOTIC: [8] Undefined offset: 1 /var/www/html/toupiao/31cms/_Core/Lib/Core/Action.class.php 第 209 行.
NOTIC: [2] Cannot use a scalar value as an array /var/www/html/toupiao/31cms/_Core/Lib/Core/Action.class.php 第 209 行.
SQL: SHOW COLUMNS FROM `tp_agent` [ RunTime:0.009408s ]
SQL: SELECT * FROM `tp_agent` WHERE ( `siteurl` = 'http://localhost' ) LIMIT 1   [ RunTime:0.002566s ]
NOTIC: [8] Undefined index: wxd_openid /var/www/html/toupiao/31cms/Lib/Action/Wap/VoteAction.class.php 第 1870 行.
NOTIC: [8] Undefined index: id /var/www/html/toupiao/31cms/Lib/Action/Wap/VoteAction.class.php 第 34 行.
NOTIC: [8] Undefined index: token /var/www/html/toupiao/31cms/Lib/Action/Wap/VoteAction.class.php 第 36 行.
NOTIC: [8] Undefined index: isappinstalled /var/www/html/toupiao/31cms/Lib/Action/Wap/VoteAction.class.php 第 38 行.
NOTIC: [8] Undefined index: from /var/www/html/toupiao/31cms/Lib/Action/Wap/VoteAction.class.php 第 40 行.

[ 2018-11-29T15:35:48+08:00 ] 172.20.0.1 /index.php?g=Wap&m=Vote&a=index
INFO: [ app_begin ] --START--
INFO: Run ReadHtmlCache Behavior [ RunTime:0.002015s ]
INFO: [ app_begin ] --END-- [ RunTime:0.002248s ]
NOTIC: [8] Undefined offset: 1 /var/www/html/toupiao/31cms/_Core/Lib/Core/Action.class.php 第 209 行.
NOTIC: [2] Cannot use a scalar value as an array /var/www/html/toupiao/31cms/_Core/Lib/Core/Action.class.php 第 209 行.
SQL: SHOW COLUMNS FROM `tp_agent` [ RunTime:0.007316s ]
SQL: SELECT * FROM `tp_agent` WHERE ( `siteurl` = 'http://localhost' ) LIMIT 1   [ RunTime:0.003481s ]
NOTIC: [8] Undefined index: wxd_openid /var/www/html/toupiao/31cms/Lib/Action/Wap/VoteAction.class.php 第 1870 行.
NOTIC: [8] Undefined index: id /var/www/html/toupiao/31cms/Lib/Action/Wap/VoteAction.class.php 第 34 行.
NOTIC: [8] Undefined index: token /var/www/html/toupiao/31cms/Lib/Action/Wap/VoteAction.class.php 第 36 行.
NOTIC: [8] Undefined index: isappinstalled /var/www/html/toupiao/31cms/Lib/Action/Wap/VoteAction.class.php 第 38 行.
NOTIC: [8] Undefined index: from /var/www/html/toupiao/31cms/Lib/Action/Wap/VoteAction.class.php 第 40 行.

[ 2018-11-29T15:37:41+08:00 ] 172.20.0.1 /index.php?g=Wap&m=Vote&a=index
INFO: [ app_begin ] --START--
INFO: Run ReadHtmlCache Behavior [ RunTime:0.002100s ]
INFO: [ app_begin ] --END-- [ RunTime:0.002327s ]
NOTIC: [8] Undefined offset: 1 /var/www/html/toupiao/31cms/_Core/Lib/Core/Action.class.php 第 209 行.
NOTIC: [2] Cannot use a scalar value as an array /var/www/html/toupiao/31cms/_Core/Lib/Core/Action.class.php 第 209 行.
SQL: SHOW COLUMNS FROM `tp_agent` [ RunTime:0.009539s ]
SQL: SELECT * FROM `tp_agent` WHERE ( `siteurl` = 'http://localhost' ) LIMIT 1   [ RunTime:0.002426s ]
NOTIC: [8] Undefined index: wxd_openid /var/www/html/toupiao/31cms/Lib/Action/Wap/VoteAction.class.php 第 1870 行.
NOTIC: [8] Undefined index: id /var/www/html/toupiao/31cms/Lib/Action/Wap/VoteAction.class.php 第 34 行.
NOTIC: [8] Undefined index: token /var/www/html/toupiao/31cms/Lib/Action/Wap/VoteAction.class.php 第 36 行.
NOTIC: [8] Undefined index: isappinstalled /var/www/html/toupiao/31cms/Lib/Action/Wap/VoteAction.class.php 第 38 行.
NOTIC: [8] Undefined index: from /var/www/html/toupiao/31cms/Lib/Action/Wap/VoteAction.class.php 第 40 行.

[ 2018-11-29T15:37:50+08:00 ] 172.20.0.1 /index.php?g=Wap&m=Vote&a=index&token=Eioa5C5oj3S32qhH
INFO: [ app_begin ] --START--
INFO: Run ReadHtmlCache Behavior [ RunTime:0.002408s ]
INFO: [ app_begin ] --END-- [ RunTime:0.002647s ]
NOTIC: [8] Undefined offset: 1 /var/www/html/toupiao/31cms/_Core/Lib/Core/Action.class.php 第 209 行.
NOTIC: [2] Cannot use a scalar value as an array /var/www/html/toupiao/31cms/_Core/Lib/Core/Action.class.php 第 209 行.
SQL: SHOW COLUMNS FROM `tp_agent` [ RunTime:0.018345s ]
SQL: SELECT * FROM `tp_agent` WHERE ( `siteurl` = 'http://localhost' ) LIMIT 1   [ RunTime:0.002280s ]
NOTIC: [8] Undefined index: wxd_openid /var/www/html/toupiao/31cms/Lib/Action/Wap/VoteAction.class.php 第 1870 行.
NOTIC: [8] Undefined index: id /var/www/html/toupiao/31cms/Lib/Action/Wap/VoteAction.class.php 第 34 行.
NOTIC: [8] Undefined index: isappinstalled /var/www/html/toupiao/31cms/Lib/Action/Wap/VoteAction.class.php 第 38 行.
NOTIC: [8] Undefined index: from /var/www/html/toupiao/31cms/Lib/Action/Wap/VoteAction.class.php 第 40 行.

[ 2018-11-29T15:38:01+08:00 ] 172.20.0.1 /index.php?g=Wap&m=Vote&a=index&token=Eioa5C5oj3S32qhH
INFO: [ app_begin ] --START--
INFO: Run ReadHtmlCache Behavior [ RunTime:0.001446s ]
INFO: [ app_begin ] --END-- [ RunTime:0.001654s ]
NOTIC: [8] Undefined offset: 1 /var/www/html/toupiao/31cms/_Core/Lib/Core/Action.class.php 第 209 行.
NOTIC: [2] Cannot use a scalar value as an array /var/www/html/toupiao/31cms/_Core/Lib/Core/Action.class.php 第 209 行.
SQL: SHOW COLUMNS FROM `tp_agent` [ RunTime:0.001689s ]
SQL: SELECT * FROM `tp_agent` WHERE ( `siteurl` = 'http://localhost' ) LIMIT 1   [ RunTime:0.000541s ]
NOTIC: [8] Undefined index: wxd_openid /var/www/html/toupiao/31cms/Lib/Action/Wap/VoteAction.class.php 第 1870 行.
NOTIC: [8] Undefined index: id /var/www/html/toupiao/31cms/Lib/Action/Wap/VoteAction.class.php 第 34 行.
NOTIC: [8] Undefined index: isappinstalled /var/www/html/toupiao/31cms/Lib/Action/Wap/VoteAction.class.php 第 38 行.
NOTIC: [8] Undefined index: from /var/www/html/toupiao/31cms/Lib/Action/Wap/VoteAction.class.php 第 40 行.

[ 2018-11-29T15:38:03+08:00 ] 172.20.0.1 /index.php?g=Wap&m=Vote&a=index&token=Eioa5C5oj3S32qhH
INFO: [ app_begin ] --START--
INFO: Run ReadHtmlCache Behavior [ RunTime:0.003096s ]
INFO: [ app_begin ] --END-- [ RunTime:0.003353s ]
NOTIC: [8] Undefined offset: 1 /var/www/html/toupiao/31cms/_Core/Lib/Core/Action.class.php 第 209 行.
NOTIC: [2] Cannot use a scalar value as an array /var/www/html/toupiao/31cms/_Core/Lib/Core/Action.class.php 第 209 行.
SQL: SHOW COLUMNS FROM `tp_agent` [ RunTime:0.001961s ]
SQL: SELECT * FROM `tp_agent` WHERE ( `siteurl` = 'http://localhost' ) LIMIT 1   [ RunTime:0.000620s ]
NOTIC: [8] Undefined index: wxd_openid /var/www/html/toupiao/31cms/Lib/Action/Wap/VoteAction.class.php 第 1870 行.
NOTIC: [8] Undefined index: id /var/www/html/toupiao/31cms/Lib/Action/Wap/VoteAction.class.php 第 34 行.
NOTIC: [8] Undefined index: isappinstalled /var/www/html/toupiao/31cms/Lib/Action/Wap/VoteAction.class.php 第 38 行.
NOTIC: [8] Undefined index: from /var/www/html/toupiao/31cms/Lib/Action/Wap/VoteAction.class.php 第 40 行.

[ 2018-11-29T15:38:08+08:00 ] 172.20.0.1 /index.php?g=Wap&m=Vote&a=index&token=Eioa5C5oj3S32qhH
INFO: [ app_begin ] --START--
INFO: Run ReadHtmlCache Behavior [ RunTime:0.001523s ]
INFO: [ app_begin ] --END-- [ RunTime:0.001731s ]
NOTIC: [8] Undefined offset: 1 /var/www/html/toupiao/31cms/_Core/Lib/Core/Action.class.php 第 209 行.
NOTIC: [2] Cannot use a scalar value as an array /var/www/html/toupiao/31cms/_Core/Lib/Core/Action.class.php 第 209 行.
SQL: SHOW COLUMNS FROM `tp_agent` [ RunTime:0.001633s ]
SQL: SELECT * FROM `tp_agent` WHERE ( `siteurl` = 'http://localhost' ) LIMIT 1   [ RunTime:0.000732s ]
NOTIC: [8] Undefined index: wxd_openid /var/www/html/toupiao/31cms/Lib/Action/Wap/VoteAction.class.php 第 1870 行.
NOTIC: [8] Undefined index: id /var/www/html/toupiao/31cms/Lib/Action/Wap/VoteAction.class.php 第 34 行.
NOTIC: [8] Undefined index: isappinstalled /var/www/html/toupiao/31cms/Lib/Action/Wap/VoteAction.class.php 第 38 行.
NOTIC: [8] Undefined index: from /var/www/html/toupiao/31cms/Lib/Action/Wap/VoteAction.class.php 第 40 行.

[ 2018-11-29T15:40:33+08:00 ] 172.20.0.1 /index.php?g=Wap&m=Vote&a=index&token=Eioa5C5oj3S32qhH
INFO: [ app_begin ] --START--
INFO: Run ReadHtmlCache Behavior [ RunTime:0.002374s ]
INFO: [ app_begin ] --END-- [ RunTime:0.002601s ]
NOTIC: [8] Undefined offset: 1 /var/www/html/toupiao/31cms/_Core/Lib/Core/Action.class.php 第 209 行.
NOTIC: [2] Cannot use a scalar value as an array /var/www/html/toupiao/31cms/_Core/Lib/Core/Action.class.php 第 209 行.
SQL: SHOW COLUMNS FROM `tp_agent` [ RunTime:0.002104s ]
SQL: SELECT * FROM `tp_agent` WHERE ( `siteurl` = 'http://localhost' ) LIMIT 1   [ RunTime:0.001192s ]
NOTIC: [8] Undefined index: wxd_openid /var/www/html/toupiao/31cms/Lib/Action/Wap/VoteAction.class.php 第 1870 行.
NOTIC: [8] Undefined index: id /var/www/html/toupiao/31cms/Lib/Action/Wap/VoteAction.class.php 第 34 行.
NOTIC: [8] Undefined index: isappinstalled /var/www/html/toupiao/31cms/Lib/Action/Wap/VoteAction.class.php 第 38 行.
NOTIC: [8] Undefined index: from /var/www/html/toupiao/31cms/Lib/Action/Wap/VoteAction.class.php 第 40 行.

[ 2018-11-29T15:40:34+08:00 ] 172.20.0.1 /index.php?g=Wap&m=Vote&a=index&token=Eioa5C5oj3S32qhH
INFO: [ app_begin ] --START--
INFO: Run ReadHtmlCache Behavior [ RunTime:0.001183s ]
INFO: [ app_begin ] --END-- [ RunTime:0.001457s ]
NOTIC: [8] Undefined offset: 1 /var/www/html/toupiao/31cms/_Core/Lib/Core/Action.class.php 第 209 行.
NOTIC: [2] Cannot use a scalar value as an array /var/www/html/toupiao/31cms/_Core/Lib/Core/Action.class.php 第 209 行.
SQL: SHOW COLUMNS FROM `tp_agent` [ RunTime:0.001691s ]
SQL: SELECT * FROM `tp_agent` WHERE ( `siteurl` = 'http://localhost' ) LIMIT 1   [ RunTime:0.000654s ]
NOTIC: [8] Undefined index: wxd_openid /var/www/html/toupiao/31cms/Lib/Action/Wap/VoteAction.class.php 第 1870 行.
NOTIC: [8] Undefined index: id /var/www/html/toupiao/31cms/Lib/Action/Wap/VoteAction.class.php 第 34 行.
NOTIC: [8] Undefined index: isappinstalled /var/www/html/toupiao/31cms/Lib/Action/Wap/VoteAction.class.php 第 38 行.
NOTIC: [8] Undefined index: from /var/www/html/toupiao/31cms/Lib/Action/Wap/VoteAction.class.php 第 40 行.

[ 2018-11-29T15:40:35+08:00 ] 172.20.0.1 /index.php?g=Wap&m=Vote&a=index&token=Eioa5C5oj3S32qhH
INFO: [ app_begin ] --START--
INFO: Run ReadHtmlCache Behavior [ RunTime:0.001391s ]
INFO: [ app_begin ] --END-- [ RunTime:0.001641s ]
NOTIC: [8] Undefined offset: 1 /var/www/html/toupiao/31cms/_Core/Lib/Core/Action.class.php 第 209 行.
NOTIC: [2] Cannot use a scalar value as an array /var/www/html/toupiao/31cms/_Core/Lib/Core/Action.class.php 第 209 行.
SQL: SHOW COLUMNS FROM `tp_agent` [ RunTime:0.002042s ]
SQL: SELECT * FROM `tp_agent` WHERE ( `siteurl` = 'http://localhost' ) LIMIT 1   [ RunTime:0.000789s ]
NOTIC: [8] Undefined index: wxd_openid /var/www/html/toupiao/31cms/Lib/Action/Wap/VoteAction.class.php 第 1870 行.
NOTIC: [8] Undefined index: id /var/www/html/toupiao/31cms/Lib/Action/Wap/VoteAction.class.php 第 34 行.
NOTIC: [8] Undefined index: isappinstalled /var/www/html/toupiao/31cms/Lib/Action/Wap/VoteAction.class.php 第 38 行.
NOTIC: [8] Undefined index: from /var/www/html/toupiao/31cms/Lib/Action/Wap/VoteAction.class.php 第 40 行.

[ 2018-11-29T15:40:35+08:00 ] 172.20.0.1 /index.php?g=Wap&m=Vote&a=index&token=Eioa5C5oj3S32qhH
INFO: [ app_begin ] --START--
INFO: Run ReadHtmlCache Behavior [ RunTime:0.001051s ]
INFO: [ app_begin ] --END-- [ RunTime:0.001316s ]
NOTIC: [8] Undefined offset: 1 /var/www/html/toupiao/31cms/_Core/Lib/Core/Action.class.php 第 209 行.
NOTIC: [2] Cannot use a scalar value as an array /var/www/html/toupiao/31cms/_Core/Lib/Core/Action.class.php 第 209 行.
SQL: SHOW COLUMNS FROM `tp_agent` [ RunTime:0.001743s ]
SQL: SELECT * FROM `tp_agent` WHERE ( `siteurl` = 'http://localhost' ) LIMIT 1   [ RunTime:0.000781s ]
NOTIC: [8] Undefined index: wxd_openid /var/www/html/toupiao/31cms/Lib/Action/Wap/VoteAction.class.php 第 1870 行.
NOTIC: [8] Undefined index: id /var/www/html/toupiao/31cms/Lib/Action/Wap/VoteAction.class.php 第 34 行.
NOTIC: [8] Undefined index: isappinstalled /var/www/html/toupiao/31cms/Lib/Action/Wap/VoteAction.class.php 第 38 行.
NOTIC: [8] Undefined index: from /var/www/html/toupiao/31cms/Lib/Action/Wap/VoteAction.class.php 第 40 行.

[ 2018-11-29T15:40:36+08:00 ] 172.20.0.1 /index.php?g=Wap&m=Vote&a=index&token=Eioa5C5oj3S32qhH
INFO: [ app_begin ] --START--
INFO: Run ReadHtmlCache Behavior [ RunTime:0.002103s ]
INFO: [ app_begin ] --END-- [ RunTime:0.002340s ]
NOTIC: [8] Undefined offset: 1 /var/www/html/toupiao/31cms/_Core/Lib/Core/Action.class.php 第 209 行.
NOTIC: [2] Cannot use a scalar value as an array /var/www/html/toupiao/31cms/_Core/Lib/Core/Action.class.php 第 209 行.
SQL: SHOW COLUMNS FROM `tp_agent` [ RunTime:0.001435s ]
SQL: SELECT * FROM `tp_agent` WHERE ( `siteurl` = 'http://localhost' ) LIMIT 1   [ RunTime:0.000547s ]
NOTIC: [8] Undefined index: wxd_openid /var/www/html/toupiao/31cms/Lib/Action/Wap/VoteAction.class.php 第 1870 行.
NOTIC: [8] Undefined index: id /var/www/html/toupiao/31cms/Lib/Action/Wap/VoteAction.class.php 第 34 行.
NOTIC: [8] Undefined index: isappinstalled /var/www/html/toupiao/31cms/Lib/Action/Wap/VoteAction.class.php 第 38 行.
NOTIC: [8] Undefined index: from /var/www/html/toupiao/31cms/Lib/Action/Wap/VoteAction.class.php 第 40 行.

[ 2018-11-29T15:40:37+08:00 ] 172.20.0.1 /index.php?g=Wap&m=Vote&a=index&token=Eioa5C5oj3S32qhH
INFO: [ app_begin ] --START--
INFO: Run ReadHtmlCache Behavior [ RunTime:0.001028s ]
INFO: [ app_begin ] --END-- [ RunTime:0.001273s ]
NOTIC: [8] Undefined offset: 1 /var/www/html/toupiao/31cms/_Core/Lib/Core/Action.class.php 第 209 行.
NOTIC: [2] Cannot use a scalar value as an array /var/www/html/toupiao/31cms/_Core/Lib/Core/Action.class.php 第 209 行.
SQL: SHOW COLUMNS FROM `tp_agent` [ RunTime:0.001607s ]
SQL: SELECT * FROM `tp_agent` WHERE ( `siteurl` = 'http://localhost' ) LIMIT 1   [ RunTime:0.000612s ]
NOTIC: [8] Undefined index: wxd_openid /var/www/html/toupiao/31cms/Lib/Action/Wap/VoteAction.class.php 第 1870 行.
NOTIC: [8] Undefined index: id /var/www/html/toupiao/31cms/Lib/Action/Wap/VoteAction.class.php 第 34 行.
NOTIC: [8] Undefined index: isappinstalled /var/www/html/toupiao/31cms/Lib/Action/Wap/VoteAction.class.php 第 38 行.
NOTIC: [8] Undefined index: from /var/www/html/toupiao/31cms/Lib/Action/Wap/VoteAction.class.php 第 40 行.

[ 2018-11-29T15:40:37+08:00 ] 172.20.0.1 /index.php?g=Wap&m=Vote&a=index&token=Eioa5C5oj3S32qhH
INFO: [ app_begin ] --START--
INFO: Run ReadHtmlCache Behavior [ RunTime:0.002053s ]
INFO: [ app_begin ] --END-- [ RunTime:0.002303s ]
NOTIC: [8] Undefined offset: 1 /var/www/html/toupiao/31cms/_Core/Lib/Core/Action.class.php 第 209 行.
NOTIC: [2] Cannot use a scalar value as an array /var/www/html/toupiao/31cms/_Core/Lib/Core/Action.class.php 第 209 行.
SQL: SHOW COLUMNS FROM `tp_agent` [ RunTime:0.002207s ]
SQL: SELECT * FROM `tp_agent` WHERE ( `siteurl` = 'http://localhost' ) LIMIT 1   [ RunTime:0.000751s ]
NOTIC: [8] Undefined index: wxd_openid /var/www/html/toupiao/31cms/Lib/Action/Wap/VoteAction.class.php 第 1870 行.
NOTIC: [8] Undefined index: id /var/www/html/toupiao/31cms/Lib/Action/Wap/VoteAction.class.php 第 34 行.
NOTIC: [8] Undefined index: isappinstalled /var/www/html/toupiao/31cms/Lib/Action/Wap/VoteAction.class.php 第 38 行.
NOTIC: [8] Undefined index: from /var/www/html/toupiao/31cms/Lib/Action/Wap/VoteAction.class.php 第 40 行.

[ 2018-11-29T15:40:46+08:00 ] 172.20.0.1 /index.php?g=Wap&m=Vote&a=index&token=Eioa5C5oj3S32qhH
INFO: [ app_begin ] --START--
INFO: Run ReadHtmlCache Behavior [ RunTime:0.002288s ]
INFO: [ app_begin ] --END-- [ RunTime:0.002508s ]
NOTIC: [8] Undefined offset: 1 /var/www/html/toupiao/31cms/_Core/Lib/Core/Action.class.php 第 209 行.
NOTIC: [2] Cannot use a scalar value as an array /var/www/html/toupiao/31cms/_Core/Lib/Core/Action.class.php 第 209 行.
SQL: SHOW COLUMNS FROM `tp_agent` [ RunTime:0.001592s ]
SQL: SELECT * FROM `tp_agent` WHERE ( `siteurl` = 'http://localhost' ) LIMIT 1   [ RunTime:0.000563s ]
NOTIC: [8] Undefined index: wxd_openid /var/www/html/toupiao/31cms/Lib/Action/Wap/VoteAction.class.php 第 1870 行.
NOTIC: [8] Undefined index: id /var/www/html/toupiao/31cms/Lib/Action/Wap/VoteAction.class.php 第 34 行.
NOTIC: [8] Undefined index: isappinstalled /var/www/html/toupiao/31cms/Lib/Action/Wap/VoteAction.class.php 第 38 行.
NOTIC: [8] Undefined index: from /var/www/html/toupiao/31cms/Lib/Action/Wap/VoteAction.class.php 第 40 行.

[ 2018-11-29T15:40:47+08:00 ] 172.20.0.1 /index.php?g=Wap&m=Vote&a=index&token=Eioa5C5oj3S32qhH
INFO: [ app_begin ] --START--
INFO: Run ReadHtmlCache Behavior [ RunTime:0.001844s ]
INFO: [ app_begin ] --END-- [ RunTime:0.002072s ]
NOTIC: [8] Undefined offset: 1 /var/www/html/toupiao/31cms/_Core/Lib/Core/Action.class.php 第 209 行.
NOTIC: [2] Cannot use a scalar value as an array /var/www/html/toupiao/31cms/_Core/Lib/Core/Action.class.php 第 209 行.
SQL: SHOW COLUMNS FROM `tp_agent` [ RunTime:0.001445s ]
SQL: SELECT * FROM `tp_agent` WHERE ( `siteurl` = 'http://localhost' ) LIMIT 1   [ RunTime:0.000565s ]
NOTIC: [8] Undefined index: wxd_openid /var/www/html/toupiao/31cms/Lib/Action/Wap/VoteAction.class.php 第 1870 行.
NOTIC: [8] Undefined index: id /var/www/html/toupiao/31cms/Lib/Action/Wap/VoteAction.class.php 第 34 行.
NOTIC: [8] Undefined index: isappinstalled /var/www/html/toupiao/31cms/Lib/Action/Wap/VoteAction.class.php 第 38 行.
NOTIC: [8] Undefined index: from /var/www/html/toupiao/31cms/Lib/Action/Wap/VoteAction.class.php 第 40 行.

[ 2018-11-29T15:41:03+08:00 ] 172.20.0.1 /index.php?g=Wap&m=Vote&a=index&token=Eioa5C5oj3S32qhH
INFO: [ app_begin ] --START--
INFO: Run ReadHtmlCache Behavior [ RunTime:0.001828s ]
INFO: [ app_begin ] --END-- [ RunTime:0.002037s ]
NOTIC: [8] Undefined offset: 1 /var/www/html/toupiao/31cms/_Core/Lib/Core/Action.class.php 第 209 行.
NOTIC: [2] Cannot use a scalar value as an array /var/www/html/toupiao/31cms/_Core/Lib/Core/Action.class.php 第 209 行.
SQL: SHOW COLUMNS FROM `tp_agent` [ RunTime:0.001734s ]
SQL: SELECT * FROM `tp_agent` WHERE ( `siteurl` = 'http://localhost' ) LIMIT 1   [ RunTime:0.000637s ]
NOTIC: [8] Undefined index: wxd_openid /var/www/html/toupiao/31cms/Lib/Action/Wap/VoteAction.class.php 第 1870 行.
NOTIC: [8] Undefined index: id /var/www/html/toupiao/31cms/Lib/Action/Wap/VoteAction.class.php 第 34 行.
NOTIC: [8] Undefined index: isappinstalled /var/www/html/toupiao/31cms/Lib/Action/Wap/VoteAction.class.php 第 38 行.
NOTIC: [8] Undefined index: from /var/www/html/toupiao/31cms/Lib/Action/Wap/VoteAction.class.php 第 40 行.

[ 2018-11-29T15:41:04+08:00 ] 172.20.0.1 /index.php?g=Wap&m=Vote&a=index&token=Eioa5C5oj3S32qhH
INFO: [ app_begin ] --START--
INFO: Run ReadHtmlCache Behavior [ RunTime:0.001274s ]
INFO: [ app_begin ] --END-- [ RunTime:0.001512s ]
NOTIC: [8] Undefined offset: 1 /var/www/html/toupiao/31cms/_Core/Lib/Core/Action.class.php 第 209 行.
NOTIC: [2] Cannot use a scalar value as an array /var/www/html/toupiao/31cms/_Core/Lib/Core/Action.class.php 第 209 行.
SQL: SHOW COLUMNS FROM `tp_agent` [ RunTime:0.001806s ]
SQL: SELECT * FROM `tp_agent` WHERE ( `siteurl` = 'http://localhost' ) LIMIT 1   [ RunTime:0.000761s ]
NOTIC: [8] Undefined index: wxd_openid /var/www/html/toupiao/31cms/Lib/Action/Wap/VoteAction.class.php 第 1870 行.
NOTIC: [8] Undefined index: id /var/www/html/toupiao/31cms/Lib/Action/Wap/VoteAction.class.php 第 34 行.
NOTIC: [8] Undefined index: isappinstalled /var/www/html/toupiao/31cms/Lib/Action/Wap/VoteAction.class.php 第 38 行.
NOTIC: [8] Undefined index: from /var/www/html/toupiao/31cms/Lib/Action/Wap/VoteAction.class.php 第 40 行.

[ 2018-11-29T15:41:05+08:00 ] 172.20.0.1 /index.php?g=Wap&m=Vote&a=index&token=Eioa5C5oj3S32qhH
INFO: [ app_begin ] --START--
INFO: Run ReadHtmlCache Behavior [ RunTime:0.002373s ]
INFO: [ app_begin ] --END-- [ RunTime:0.002627s ]
NOTIC: [8] Undefined offset: 1 /var/www/html/toupiao/31cms/_Core/Lib/Core/Action.class.php 第 209 行.
NOTIC: [2] Cannot use a scalar value as an array /var/www/html/toupiao/31cms/_Core/Lib/Core/Action.class.php 第 209 行.
SQL: SHOW COLUMNS FROM `tp_agent` [ RunTime:0.001781s ]
SQL: SELECT * FROM `tp_agent` WHERE ( `siteurl` = 'http://localhost' ) LIMIT 1   [ RunTime:0.000695s ]
NOTIC: [8] Undefined index: wxd_openid /var/www/html/toupiao/31cms/Lib/Action/Wap/VoteAction.class.php 第 1870 行.
NOTIC: [8] Undefined index: id /var/www/html/toupiao/31cms/Lib/Action/Wap/VoteAction.class.php 第 34 行.
NOTIC: [8] Undefined index: isappinstalled /var/www/html/toupiao/31cms/Lib/Action/Wap/VoteAction.class.php 第 38 行.
NOTIC: [8] Undefined index: from /var/www/html/toupiao/31cms/Lib/Action/Wap/VoteAction.class.php 第 40 行.

[ 2018-11-29T15:41:07+08:00 ] 172.20.0.1 /index.php?g=Wap&m=Vote&a=index&token=Eioa5C5oj3S32qhH
INFO: [ app_begin ] --START--
INFO: Run ReadHtmlCache Behavior [ RunTime:0.002359s ]
INFO: [ app_begin ] --END-- [ RunTime:0.002571s ]
NOTIC: [8] Undefined offset: 1 /var/www/html/toupiao/31cms/_Core/Lib/Core/Action.class.php 第 209 行.
NOTIC: [2] Cannot use a scalar value as an array /var/www/html/toupiao/31cms/_Core/Lib/Core/Action.class.php 第 209 行.
SQL: SHOW COLUMNS FROM `tp_agent` [ RunTime:0.001413s ]
SQL: SELECT * FROM `tp_agent` WHERE ( `siteurl` = 'http://localhost' ) LIMIT 1   [ RunTime:0.001062s ]
NOTIC: [8] Undefined index: wxd_openid /var/www/html/toupiao/31cms/Lib/Action/Wap/VoteAction.class.php 第 1870 行.
NOTIC: [8] Undefined index: id /var/www/html/toupiao/31cms/Lib/Action/Wap/VoteAction.class.php 第 34 行.
NOTIC: [8] Undefined index: isappinstalled /var/www/html/toupiao/31cms/Lib/Action/Wap/VoteAction.class.php 第 38 行.
NOTIC: [8] Undefined index: from /var/www/html/toupiao/31cms/Lib/Action/Wap/VoteAction.class.php 第 40 行.

[ 2018-11-29T15:41:08+08:00 ] 172.20.0.1 /index.php?g=Wap&m=Vote&a=index&token=Eioa5C5oj3S32qhH
INFO: [ app_begin ] --START--
INFO: Run ReadHtmlCache Behavior [ RunTime:0.001112s ]
INFO: [ app_begin ] --END-- [ RunTime:0.001331s ]
NOTIC: [8] Undefined offset: 1 /var/www/html/toupiao/31cms/_Core/Lib/Core/Action.class.php 第 209 行.
NOTIC: [2] Cannot use a scalar value as an array /var/www/html/toupiao/31cms/_Core/Lib/Core/Action.class.php 第 209 行.
SQL: SHOW COLUMNS FROM `tp_agent` [ RunTime:0.001942s ]
SQL: SELECT * FROM `tp_agent` WHERE ( `siteurl` = 'http://localhost' ) LIMIT 1   [ RunTime:0.000599s ]
NOTIC: [8] Undefined index: wxd_openid /var/www/html/toupiao/31cms/Lib/Action/Wap/VoteAction.class.php 第 1870 行.
NOTIC: [8] Undefined index: id /var/www/html/toupiao/31cms/Lib/Action/Wap/VoteAction.class.php 第 34 行.
NOTIC: [8] Undefined index: isappinstalled /var/www/html/toupiao/31cms/Lib/Action/Wap/VoteAction.class.php 第 38 行.
NOTIC: [8] Undefined index: from /var/www/html/toupiao/31cms/Lib/Action/Wap/VoteAction.class.php 第 40 行.

[ 2018-11-29T15:41:09+08:00 ] 172.20.0.1 /index.php?g=Wap&m=Vote&a=index&token=Eioa5C5oj3S32qhH
INFO: [ app_begin ] --START--
INFO: Run ReadHtmlCache Behavior [ RunTime:0.001318s ]
INFO: [ app_begin ] --END-- [ RunTime:0.001563s ]
NOTIC: [8] Undefined offset: 1 /var/www/html/toupiao/31cms/_Core/Lib/Core/Action.class.php 第 209 行.
NOTIC: [2] Cannot use a scalar value as an array /var/www/html/toupiao/31cms/_Core/Lib/Core/Action.class.php 第 209 行.
SQL: SHOW COLUMNS FROM `tp_agent` [ RunTime:0.001584s ]
SQL: SELECT * FROM `tp_agent` WHERE ( `siteurl` = 'http://localhost' ) LIMIT 1   [ RunTime:0.000760s ]
NOTIC: [8] Undefined index: wxd_openid /var/www/html/toupiao/31cms/Lib/Action/Wap/VoteAction.class.php 第 1870 行.
NOTIC: [8] Undefined index: id /var/www/html/toupiao/31cms/Lib/Action/Wap/VoteAction.class.php 第 34 行.
NOTIC: [8] Undefined index: isappinstalled /var/www/html/toupiao/31cms/Lib/Action/Wap/VoteAction.class.php 第 38 行.
NOTIC: [8] Undefined index: from /var/www/html/toupiao/31cms/Lib/Action/Wap/VoteAction.class.php 第 40 行.

[ 2018-11-29T15:41:34+08:00 ] 172.20.0.1 /index.php?g=Wap&m=Vote&a=index&token=Eioa5C5oj3S32qhH
INFO: [ app_begin ] --START--
INFO: Run ReadHtmlCache Behavior [ RunTime:0.002414s ]
INFO: [ app_begin ] --END-- [ RunTime:0.002656s ]
NOTIC: [8] Undefined offset: 1 /var/www/html/toupiao/31cms/_Core/Lib/Core/Action.class.php 第 209 行.
NOTIC: [2] Cannot use a scalar value as an array /var/www/html/toupiao/31cms/_Core/Lib/Core/Action.class.php 第 209 行.
SQL: SHOW COLUMNS FROM `tp_agent` [ RunTime:0.001516s ]
SQL: SELECT * FROM `tp_agent` WHERE ( `siteurl` = 'http://localhost' ) LIMIT 1   [ RunTime:0.000549s ]
NOTIC: [8] Undefined index: wxd_openid /var/www/html/toupiao/31cms/Lib/Action/Wap/VoteAction.class.php 第 1870 行.
NOTIC: [8] Undefined index: id /var/www/html/toupiao/31cms/Lib/Action/Wap/VoteAction.class.php 第 34 行.
NOTIC: [8] Undefined index: isappinstalled /var/www/html/toupiao/31cms/Lib/Action/Wap/VoteAction.class.php 第 38 行.
NOTIC: [8] Undefined index: from /var/www/html/toupiao/31cms/Lib/Action/Wap/VoteAction.class.php 第 40 行.

[ 2018-11-29T15:41:35+08:00 ] 172.20.0.1 /index.php?g=Wap&m=Vote&a=index&token=Eioa5C5oj3S32qhH
INFO: [ app_begin ] --START--
INFO: Run ReadHtmlCache Behavior [ RunTime:0.001462s ]
INFO: [ app_begin ] --END-- [ RunTime:0.001725s ]
NOTIC: [8] Undefined offset: 1 /var/www/html/toupiao/31cms/_Core/Lib/Core/Action.class.php 第 209 行.
NOTIC: [2] Cannot use a scalar value as an array /var/www/html/toupiao/31cms/_Core/Lib/Core/Action.class.php 第 209 行.
SQL: SHOW COLUMNS FROM `tp_agent` [ RunTime:0.002000s ]
SQL: SELECT * FROM `tp_agent` WHERE ( `siteurl` = 'http://localhost' ) LIMIT 1   [ RunTime:0.000570s ]
NOTIC: [8] Undefined index: wxd_openid /var/www/html/toupiao/31cms/Lib/Action/Wap/VoteAction.class.php 第 1870 行.
NOTIC: [8] Undefined index: id /var/www/html/toupiao/31cms/Lib/Action/Wap/VoteAction.class.php 第 34 行.
NOTIC: [8] Undefined index: isappinstalled /var/www/html/toupiao/31cms/Lib/Action/Wap/VoteAction.class.php 第 38 行.
NOTIC: [8] Undefined index: from /var/www/html/toupiao/31cms/Lib/Action/Wap/VoteAction.class.php 第 40 行.

[ 2018-11-29T15:41:36+08:00 ] 172.20.0.1 /index.php?g=Wap&m=Vote&a=index&token=Eioa5C5oj3S32qhH
INFO: [ app_begin ] --START--
INFO: Run ReadHtmlCache Behavior [ RunTime:0.001757s ]
INFO: [ app_begin ] --END-- [ RunTime:0.001988s ]
NOTIC: [8] Undefined offset: 1 /var/www/html/toupiao/31cms/_Core/Lib/Core/Action.class.php 第 209 行.
NOTIC: [2] Cannot use a scalar value as an array /var/www/html/toupiao/31cms/_Core/Lib/Core/Action.class.php 第 209 行.
SQL: SHOW COLUMNS FROM `tp_agent` [ RunTime:0.001668s ]
SQL: SELECT * FROM `tp_agent` WHERE ( `siteurl` = 'http://localhost' ) LIMIT 1   [ RunTime:0.000631s ]
NOTIC: [8] Undefined index: wxd_openid /var/www/html/toupiao/31cms/Lib/Action/Wap/VoteAction.class.php 第 1870 行.
NOTIC: [8] Undefined index: id /var/www/html/toupiao/31cms/Lib/Action/Wap/VoteAction.class.php 第 34 行.
NOTIC: [8] Undefined index: isappinstalled /var/www/html/toupiao/31cms/Lib/Action/Wap/VoteAction.class.php 第 38 行.
NOTIC: [8] Undefined index: from /var/www/html/toupiao/31cms/Lib/Action/Wap/VoteAction.class.php 第 40 行.

[ 2018-11-29T15:41:57+08:00 ] 172.20.0.1 /index.php?g=Wap&m=Vote&a=index&token=Eioa5C5oj3S32qhH
INFO: [ app_begin ] --START--
INFO: Run ReadHtmlCache Behavior [ RunTime:0.001805s ]
INFO: [ app_begin ] --END-- [ RunTime:0.002039s ]
NOTIC: [8] Undefined offset: 1 /var/www/html/toupiao/31cms/_Core/Lib/Core/Action.class.php 第 209 行.
NOTIC: [2] Cannot use a scalar value as an array /var/www/html/toupiao/31cms/_Core/Lib/Core/Action.class.php 第 209 行.
SQL: SHOW COLUMNS FROM `tp_agent` [ RunTime:0.001773s ]
SQL: SELECT * FROM `tp_agent` WHERE ( `siteurl` = 'http://localhost' ) LIMIT 1   [ RunTime:0.001233s ]
NOTIC: [8] Undefined index: wxd_openid /var/www/html/toupiao/31cms/Lib/Action/Wap/VoteAction.class.php 第 1870 行.
NOTIC: [8] Undefined index: id /var/www/html/toupiao/31cms/Lib/Action/Wap/VoteAction.class.php 第 34 行.
NOTIC: [8] Undefined index: isappinstalled /var/www/html/toupiao/31cms/Lib/Action/Wap/VoteAction.class.php 第 38 行.
NOTIC: [8] Undefined index: from /var/www/html/toupiao/31cms/Lib/Action/Wap/VoteAction.class.php 第 40 行.

[ 2018-11-29T15:46:01+08:00 ] 172.20.0.1 /index.php?g=Wap&m=Vote&a=index&token=Eioa5C5oj3S32qhH
INFO: [ app_begin ] --START--
INFO: Run ReadHtmlCache Behavior [ RunTime:0.001781s ]
INFO: [ app_begin ] --END-- [ RunTime:0.001989s ]
NOTIC: [8] Undefined offset: 1 /var/www/html/toupiao/31cms/_Core/Lib/Core/Action.class.php 第 209 行.
NOTIC: [2] Cannot use a scalar value as an array /var/www/html/toupiao/31cms/_Core/Lib/Core/Action.class.php 第 209 行.
SQL: SHOW COLUMNS FROM `tp_agent` [ RunTime:0.001622s ]
SQL: SELECT * FROM `tp_agent` WHERE ( `siteurl` = 'http://localhost' ) LIMIT 1   [ RunTime:0.000647s ]
NOTIC: [8] Undefined index: wxd_openid /var/www/html/toupiao/31cms/Lib/Action/Wap/VoteAction.class.php 第 1870 行.
NOTIC: [8] Undefined index: id /var/www/html/toupiao/31cms/Lib/Action/Wap/VoteAction.class.php 第 34 行.
NOTIC: [8] Undefined index: isappinstalled /var/www/html/toupiao/31cms/Lib/Action/Wap/VoteAction.class.php 第 38 行.
NOTIC: [8] Undefined index: from /var/www/html/toupiao/31cms/Lib/Action/Wap/VoteAction.class.php 第 40 行.

[ 2018-11-29T15:47:51+08:00 ] 172.20.0.1 /index.php?g=Wap&m=Vote&a=index&token=Eioa5C5oj3S32qhH
INFO: [ app_begin ] --START--
INFO: Run ReadHtmlCache Behavior [ RunTime:0.002684s ]
INFO: [ app_begin ] --END-- [ RunTime:0.002909s ]
NOTIC: [8] Undefined offset: 1 /var/www/html/toupiao/31cms/_Core/Lib/Core/Action.class.php 第 209 行.
NOTIC: [2] Cannot use a scalar value as an array /var/www/html/toupiao/31cms/_Core/Lib/Core/Action.class.php 第 209 行.
SQL: SHOW COLUMNS FROM `tp_agent` [ RunTime:0.001916s ]
SQL: SELECT * FROM `tp_agent` WHERE ( `siteurl` = 'http://localhost' ) LIMIT 1   [ RunTime:0.001027s ]
NOTIC: [8] Undefined index: wxd_openid /var/www/html/toupiao/31cms/Lib/Action/Wap/VoteAction.class.php 第 1870 行.
NOTIC: [8] Undefined index: id /var/www/html/toupiao/31cms/Lib/Action/Wap/VoteAction.class.php 第 34 行.
NOTIC: [8] Undefined index: isappinstalled /var/www/html/toupiao/31cms/Lib/Action/Wap/VoteAction.class.php 第 38 行.
NOTIC: [8] Undefined index: from /var/www/html/toupiao/31cms/Lib/Action/Wap/VoteAction.class.php 第 40 行.

[ 2018-11-29T15:48:40+08:00 ] 172.20.0.1 /index.php?g=Wap&m=Vote&a=index&token=Eioa5C5oj3S32qhH
INFO: [ app_begin ] --START--
INFO: Run ReadHtmlCache Behavior [ RunTime:0.001775s ]
INFO: [ app_begin ] --END-- [ RunTime:0.001988s ]
NOTIC: [8] Undefined offset: 1 /var/www/html/toupiao/31cms/_Core/Lib/Core/Action.class.php 第 209 行.
NOTIC: [2] Cannot use a scalar value as an array /var/www/html/toupiao/31cms/_Core/Lib/Core/Action.class.php 第 209 行.
SQL: SHOW COLUMNS FROM `tp_agent` [ RunTime:0.001562s ]
SQL: SELECT * FROM `tp_agent` WHERE ( `siteurl` = 'http://localhost' ) LIMIT 1   [ RunTime:0.000530s ]
NOTIC: [8] Undefined index: wxd_openid /var/www/html/toupiao/31cms/Lib/Action/Wap/VoteAction.class.php 第 1870 行.
NOTIC: [8] Undefined index: id /var/www/html/toupiao/31cms/Lib/Action/Wap/VoteAction.class.php 第 34 行.
NOTIC: [8] Undefined index: isappinstalled /var/www/html/toupiao/31cms/Lib/Action/Wap/VoteAction.class.php 第 38 行.
NOTIC: [8] Undefined index: from /var/www/html/toupiao/31cms/Lib/Action/Wap/VoteAction.class.php 第 40 行.

[ 2018-11-29T15:48:55+08:00 ] 172.20.0.1 /index.php?g=Wap&m=Vote&a=index&token=Eioa5C5oj3S32qhH
INFO: [ app_begin ] --START--
INFO: Run ReadHtmlCache Behavior [ RunTime:0.001955s ]
INFO: [ app_begin ] --END-- [ RunTime:0.002243s ]
NOTIC: [8] Undefined offset: 1 /var/www/html/toupiao/31cms/_Core/Lib/Core/Action.class.php 第 209 行.
NOTIC: [2] Cannot use a scalar value as an array /var/www/html/toupiao/31cms/_Core/Lib/Core/Action.class.php 第 209 行.
SQL: SHOW COLUMNS FROM `tp_agent` [ RunTime:0.001449s ]
SQL: SELECT * FROM `tp_agent` WHERE ( `siteurl` = 'http://localhost' ) LIMIT 1   [ RunTime:0.000585s ]
NOTIC: [8] Undefined index: wxd_openid /var/www/html/toupiao/31cms/Lib/Action/Wap/VoteAction.class.php 第 1870 行.
NOTIC: [8] Undefined index: id /var/www/html/toupiao/31cms/Lib/Action/Wap/VoteAction.class.php 第 34 行.
NOTIC: [8] Undefined index: isappinstalled /var/www/html/toupiao/31cms/Lib/Action/Wap/VoteAction.class.php 第 38 行.
NOTIC: [8] Undefined index: from /var/www/html/toupiao/31cms/Lib/Action/Wap/VoteAction.class.php 第 40 行.

[ 2018-11-29T15:52:57+08:00 ] 172.20.0.1 /index.php?g=Wap&m=Vote&a=index&token=Eioa5C5oj3S32qhH
INFO: [ app_begin ] --START--
INFO: Run ReadHtmlCache Behavior [ RunTime:0.002760s ]
INFO: [ app_begin ] --END-- [ RunTime:0.002999s ]
NOTIC: [8] Undefined offset: 1 /var/www/html/toupiao/31cms/_Core/Lib/Core/Action.class.php 第 209 行.
NOTIC: [2] Cannot use a scalar value as an array /var/www/html/toupiao/31cms/_Core/Lib/Core/Action.class.php 第 209 行.
SQL: SHOW COLUMNS FROM `tp_agent` [ RunTime:0.001854s ]
SQL: SELECT * FROM `tp_agent` WHERE ( `siteurl` = 'http://localhost' ) LIMIT 1   [ RunTime:0.000649s ]
NOTIC: [8] Undefined index: wxd_openid /var/www/html/toupiao/31cms/Lib/Action/Wap/VoteAction.class.php 第 1870 行.
NOTIC: [8] Undefined index: id /var/www/html/toupiao/31cms/Lib/Action/Wap/VoteAction.class.php 第 34 行.
NOTIC: [8] Undefined index: isappinstalled /var/www/html/toupiao/31cms/Lib/Action/Wap/VoteAction.class.php 第 38 行.
NOTIC: [8] Undefined index: from /var/www/html/toupiao/31cms/Lib/Action/Wap/VoteAction.class.php 第 40 行.

[ 2018-11-29T15:55:17+08:00 ] 172.20.0.1 /index.php?g=User&m=Vote&a=index
INFO: [ app_begin ] --START--
INFO: Run ReadHtmlCache Behavior [ RunTime:0.001552s ]
INFO: [ app_begin ] --END-- [ RunTime:0.001762s ]
NOTIC: [8] Undefined offset: 1 /var/www/html/toupiao/31cms/_Core/Lib/Core/Action.class.php 第 209 行.
NOTIC: [2] Cannot use a scalar value as an array /var/www/html/toupiao/31cms/_Core/Lib/Core/Action.class.php 第 209 行.
SQL: SHOW COLUMNS FROM `tp_agent` [ RunTime:0.001521s ]
SQL: SELECT * FROM `tp_agent` WHERE ( `siteurl` = 'http://localhost' ) LIMIT 1   [ RunTime:0.000552s ]
SQL: SHOW COLUMNS FROM `tp_user_group` [ RunTime:0.005286s ]
SQL: SELECT * FROM `tp_user_group` WHERE ( `id` = 7 ) LIMIT 1   [ RunTime:0.002742s ]
SQL: SHOW COLUMNS FROM `tp_users` [ RunTime:0.003841s ]
SQL: SELECT * FROM `tp_users` WHERE ( `id` = 1 ) LIMIT 1   [ RunTime:0.002025s ]
SQL: SELECT * FROM `tp_users` WHERE ( `id` = 1 ) LIMIT 1   [ RunTime:0.000521s ]
SQL: SHOW COLUMNS FROM `tp_wxuser` [ RunTime:0.004422s ]
SQL: SELECT `wxname`,`weixin`,`wxid`,`headerpic` FROM `tp_wxuser` WHERE ( `token` = 'Eioa5C5oj3S32qhH' ) AND ( `uid` = 1 ) LIMIT 1   [ RunTime:0.004382s ]
SQL: SHOW COLUMNS FROM `tp_token_open` [ RunTime:0.001381s ]
SQL: SELECT `queryname` FROM `tp_token_open` WHERE ( `token` = 'Eioa5C5oj3S32qhH' ) LIMIT 1   [ RunTime:0.002044s ]
SQL: SELECT `gid`,`activitynum`,`sum` FROM `tp_users` WHERE ( `id` = 1 ) LIMIT 1   [ RunTime:0.000701s ]
SQL: SELECT * FROM `tp_user_group` WHERE ( `id` = 7 ) LIMIT 1   [ RunTime:0.000420s ]
SQL: SHOW COLUMNS FROM `tp_vote` [ RunTime:0.001515s ]
SQL: SELECT * FROM `tp_vote` WHERE ( `token` = 'Eioa5C5oj3S32qhH' ) ORDER BY id DESC  [ RunTime:0.003975s ]
SQL: SHOW COLUMNS FROM `tp_vote_item` [ RunTime:0.001344s ]
SQL: SELECT COUNT(*) AS tp_count FROM `tp_vote_item` WHERE ( `vid` = 16 ) AND ( `status` > 0 ) LIMIT 1   [ RunTime:0.002024s ]
SQL: SELECT COUNT(*) AS tp_count FROM `tp_vote_item` WHERE ( `vid` = 15 ) AND ( `status` > 0 ) LIMIT 1   [ RunTime:0.000435s ]
SQL: SELECT COUNT(*) AS tp_count FROM `tp_vote_item` WHERE ( `vid` = 14 ) AND ( `status` > 0 ) LIMIT 1   [ RunTime:0.000436s ]
SQL: SELECT COUNT(*) AS tp_count FROM `tp_vote_item` WHERE ( `vid` = 13 ) AND ( `status` > 0 ) LIMIT 1   [ RunTime:0.000394s ]
SQL: SELECT COUNT(*) AS tp_count FROM `tp_vote_item` WHERE ( `vid` = 12 ) AND ( `status` > 0 ) LIMIT 1   [ RunTime:0.000382s ]
SQL: SELECT COUNT(*) AS tp_count FROM `tp_vote_item` WHERE ( `vid` = 11 ) AND ( `status` > 0 ) LIMIT 1   [ RunTime:0.000461s ]
SQL: SELECT COUNT(*) AS tp_count FROM `tp_vote_item` WHERE ( `vid` = 9 ) AND ( `status` > 0 ) LIMIT 1   [ RunTime:0.000434s ]
SQL: SELECT COUNT(*) AS tp_count FROM `tp_vote` WHERE ( `token` = 'Eioa5C5oj3S32qhH' ) LIMIT 1   [ RunTime:0.000531s ]
INFO: [ view_template ] --START--
INFO: Run LocationTemplate Behavior [ RunTime:-0.083917s ]
INFO: [ view_template ] --END-- [ RunTime:0.004047s ]
INFO: [ view_parse ] --START--
NOTIC: [8] Undefined variable: ok /var/www/html/toupiao/Data/logs/Cache/User/f70321ef24e437eb7147c67ab8f0460a.php 第 165 行.
NOTIC: [8] Undefined index: id /var/www/html/toupiao/Data/logs/Cache/User/f70321ef24e437eb7147c67ab8f0460a.php 第 180 行.
INFO: Run ParseTemplate Behavior [ RunTime:-0.088172s ]
INFO: [ view_parse ] --END-- [ RunTime:0.059428s ]
INFO: [ view_filter ] --START--
INFO: Run ContentReplace Behavior [ RunTime:-0.147789s ]
INFO: Run TokenBuild Behavior [ RunTime:-0.151857s ]
INFO: Run WriteHtmlCache Behavior [ RunTime:-0.153046s ]
INFO: Run ShowRuntime Behavior [ RunTime:-0.153952s ]
INFO: [ view_filter ] --END-- [ RunTime:0.007733s ]
INFO: [ view_end ] --START--
INFO: Run ShowPageTrace Behavior [ RunTime:-0.155736s ]
INFO: [ view_end ] --END-- [ RunTime:0.001098s ]

[ 2018-11-29T15:55:20+08:00 ] 172.20.0.1 /
INFO: [ app_begin ] --START--
INFO: Run ReadHtmlCache Behavior [ RunTime:0.003279s ]
INFO: [ app_begin ] --END-- [ RunTime:0.003546s ]
NOTIC: [2048] Declaration of IndexAction::show() should be compatible with Action::show($content, $charset = '', $contentType = '') /var/www/html/toupiao/31cms/Lib/Action/Home/IndexAction.class.php 第 4 行.
NOTIC: [8] Undefined offset: 1 /var/www/html/toupiao/31cms/_Core/Lib/Core/Action.class.php 第 209 行.
NOTIC: [2] Cannot use a scalar value as an array /var/www/html/toupiao/31cms/_Core/Lib/Core/Action.class.php 第 209 行.
SQL: SHOW COLUMNS FROM `tp_agent` [ RunTime:0.002091s ]
SQL: SELECT * FROM `tp_agent` WHERE ( `siteurl` = 'http://localhost' ) LIMIT 1   [ RunTime:0.000562s ]
INFO: [ view_template ] --START--
INFO: Run LocationTemplate Behavior [ RunTime:-0.025460s ]
INFO: [ view_template ] --END-- [ RunTime:0.003283s ]
INFO: [ view_parse ] --START--
INFO: Run ParseTemplate Behavior [ RunTime:-0.028960s ]
INFO: [ view_parse ] --END-- [ RunTime:0.023779s ]
INFO: [ view_filter ] --START--
INFO: Run ContentReplace Behavior [ RunTime:-0.052905s ]
INFO: Run TokenBuild Behavior [ RunTime:-0.055796s ]
INFO: Run WriteHtmlCache Behavior [ RunTime:-0.057142s ]
INFO: Run ShowRuntime Behavior [ RunTime:-0.058580s ]
INFO: [ view_filter ] --END-- [ RunTime:0.007387s ]
INFO: [ view_end ] --START--
INFO: Run ShowPageTrace Behavior [ RunTime:-0.060543s ]
INFO: [ view_end ] --END-- [ RunTime:0.001333s ]

[ 2018-11-29T15:55:44+08:00 ] 172.20.0.1 /
INFO: [ app_begin ] --START--
INFO: Run ReadHtmlCache Behavior [ RunTime:0.005307s ]
INFO: [ app_begin ] --END-- [ RunTime:0.005875s ]
NOTIC: [2048] Declaration of IndexAction::show() should be compatible with Action::show($content, $charset = '', $contentType = '') /var/www/html/toupiao/31cms/Lib/Action/Home/IndexAction.class.php 第 4 行.
NOTIC: [8] Undefined offset: 1 /var/www/html/toupiao/31cms/_Core/Lib/Core/Action.class.php 第 209 行.
NOTIC: [2] Cannot use a scalar value as an array /var/www/html/toupiao/31cms/_Core/Lib/Core/Action.class.php 第 209 行.
SQL: SHOW COLUMNS FROM `tp_agent` [ RunTime:0.003055s ]
SQL: SELECT * FROM `tp_agent` WHERE ( `siteurl` = 'http://localhost' ) LIMIT 1   [ RunTime:0.001391s ]
INFO: [ view_template ] --START--
INFO: Run LocationTemplate Behavior [ RunTime:-0.043431s ]
INFO: [ view_template ] --END-- [ RunTime:0.008257s ]
INFO: [ view_parse ] --START--
INFO: Run ParseTemplate Behavior [ RunTime:-0.051779s ]
INFO: [ view_parse ] --END-- [ RunTime:0.037897s ]
INFO: [ view_filter ] --START--
INFO: Run ContentReplace Behavior [ RunTime:-0.090514s ]
INFO: Run TokenBuild Behavior [ RunTime:-0.096190s ]
INFO: Run WriteHtmlCache Behavior [ RunTime:-0.099275s ]
INFO: Run ShowRuntime Behavior [ RunTime:-0.101520s ]
INFO: [ view_filter ] --END-- [ RunTime:0.014783s ]
INFO: [ view_end ] --START--
INFO: Run ShowPageTrace Behavior [ RunTime:-0.105386s ]
INFO: [ view_end ] --END-- [ RunTime:0.002515s ]

[ 2018-11-29T15:56:12+08:00 ] 172.20.0.1 /
INFO: [ app_begin ] --START--
INFO: Run ReadHtmlCache Behavior [ RunTime:0.003254s ]
INFO: [ app_begin ] --END-- [ RunTime:0.003585s ]
NOTIC: [2048] Declaration of IndexAction::show() should be compatible with Action::show($content, $charset = '', $contentType = '') /var/www/html/toupiao/31cms/Lib/Action/Home/IndexAction.class.php 第 4 行.
NOTIC: [8] Undefined offset: 1 /var/www/html/toupiao/31cms/_Core/Lib/Core/Action.class.php 第 209 行.
NOTIC: [2] Cannot use a scalar value as an array /var/www/html/toupiao/31cms/_Core/Lib/Core/Action.class.php 第 209 行.
SQL: SHOW COLUMNS FROM `tp_agent` [ RunTime:0.003061s ]
SQL: SELECT * FROM `tp_agent` WHERE ( `siteurl` = 'http://localhost' ) LIMIT 1   [ RunTime:0.000843s ]
INFO: [ view_template ] --START--
INFO: Run LocationTemplate Behavior [ RunTime:-0.031648s ]
INFO: [ view_template ] --END-- [ RunTime:0.006093s ]
INFO: [ view_parse ] --START--
INFO: Run ParseTemplate Behavior [ RunTime:-0.038164s ]
INFO: [ view_parse ] --END-- [ RunTime:0.022602s ]
INFO: [ view_filter ] --START--
INFO: Run ContentReplace Behavior [ RunTime:-0.060937s ]
INFO: Run TokenBuild Behavior [ RunTime:-0.062492s ]
INFO: Run WriteHtmlCache Behavior [ RunTime:-0.065276s ]
INFO: Run ShowRuntime Behavior [ RunTime:-0.067094s ]
INFO: [ view_filter ] --END-- [ RunTime:0.008270s ]
INFO: [ view_end ] --START--
INFO: Run ShowPageTrace Behavior [ RunTime:-0.069535s ]
INFO: [ view_end ] --END-- [ RunTime:0.001822s ]

[ 2018-11-29T16:17:23+08:00 ] 172.20.0.1 /
INFO: [ app_begin ] --START--
INFO: Run ReadHtmlCache Behavior [ RunTime:0.001635s ]
INFO: [ app_begin ] --END-- [ RunTime:0.001846s ]
NOTIC: [2048] Declaration of IndexAction::show() should be compatible with Action::show($content, $charset = '', $contentType = '') /var/www/html/toupiao/31cms/Lib/Action/Home/IndexAction.class.php 第 4 行.
NOTIC: [8] Undefined offset: 1 /var/www/html/toupiao/31cms/_Core/Lib/Core/Action.class.php 第 209 行.
NOTIC: [2] Cannot use a scalar value as an array /var/www/html/toupiao/31cms/_Core/Lib/Core/Action.class.php 第 209 行.
SQL: SHOW COLUMNS FROM `tp_agent` [ RunTime:0.001529s ]
SQL: SELECT * FROM `tp_agent` WHERE ( `siteurl` = 'http://localhost' ) LIMIT 1   [ RunTime:0.000674s ]
INFO: [ view_template ] --START--
INFO: Run LocationTemplate Behavior [ RunTime:-0.038880s ]
INFO: [ view_template ] --END-- [ RunTime:0.003472s ]
INFO: [ view_parse ] --START--
INFO: Run ParseTemplate Behavior [ RunTime:-0.042561s ]
INFO: [ view_parse ] --END-- [ RunTime:0.020595s ]
INFO: [ view_filter ] --START--
INFO: Run ContentReplace Behavior [ RunTime:-0.063296s ]
INFO: Run TokenBuild Behavior [ RunTime:-0.065304s ]
INFO: Run WriteHtmlCache Behavior [ RunTime:-0.066612s ]
INFO: Run ShowRuntime Behavior [ RunTime:-0.067654s ]
INFO: [ view_filter ] --END-- [ RunTime:0.005869s ]
INFO: [ view_end ] --START--
INFO: Run ShowPageTrace Behavior [ RunTime:-0.069405s ]
INFO: [ view_end ] --END-- [ RunTime:0.001736s ]

[ 2018-11-29T16:18:11+08:00 ] 172.20.0.1 /index.php?g=Wap&m=Vote&a=index&token=Eioa5C5oj3S32qhH
INFO: [ app_begin ] --START--
INFO: Run ReadHtmlCache Behavior [ RunTime:0.001971s ]
INFO: [ app_begin ] --END-- [ RunTime:0.002188s ]
NOTIC: [8] Undefined offset: 1 /var/www/html/toupiao/31cms/_Core/Lib/Core/Action.class.php 第 209 行.
NOTIC: [2] Cannot use a scalar value as an array /var/www/html/toupiao/31cms/_Core/Lib/Core/Action.class.php 第 209 行.
SQL: SHOW COLUMNS FROM `tp_agent` [ RunTime:0.001700s ]
SQL: SELECT * FROM `tp_agent` WHERE ( `siteurl` = 'http://localhost' ) LIMIT 1   [ RunTime:0.000663s ]
NOTIC: [8] Undefined index: wxd_openid /var/www/html/toupiao/31cms/Lib/Action/Wap/VoteAction.class.php 第 1871 行.
NOTIC: [8] Undefined index: id /var/www/html/toupiao/31cms/Lib/Action/Wap/VoteAction.class.php 第 35 行.
NOTIC: [8] Undefined index: isappinstalled /var/www/html/toupiao/31cms/Lib/Action/Wap/VoteAction.class.php 第 39 行.
NOTIC: [8] Undefined index: from /var/www/html/toupiao/31cms/Lib/Action/Wap/VoteAction.class.php 第 41 行.

[ 2018-11-29T16:19:27+08:00 ] 172.20.0.1 /index.php?g=Wap&m=Vote&a=index&token=Eioa5C5oj3S32qhH
INFO: [ app_begin ] --START--
INFO: Run ReadHtmlCache Behavior [ RunTime:0.001566s ]
INFO: [ app_begin ] --END-- [ RunTime:0.001777s ]
NOTIC: [8] Undefined offset: 1 /var/www/html/toupiao/31cms/_Core/Lib/Core/Action.class.php 第 209 行.
NOTIC: [2] Cannot use a scalar value as an array /var/www/html/toupiao/31cms/_Core/Lib/Core/Action.class.php 第 209 行.
SQL: SHOW COLUMNS FROM `tp_agent` [ RunTime:0.001606s ]
SQL: SELECT * FROM `tp_agent` WHERE ( `siteurl` = 'http://localhost' ) LIMIT 1   [ RunTime:0.000602s ]
NOTIC: [8] Undefined index: wxd_openid /var/www/html/toupiao/31cms/Lib/Action/Wap/VoteAction.class.php 第 1870 行.
INFO: [ view_template ] --START--
INFO: Run LocationTemplate Behavior [ RunTime:-0.033412s ]
INFO: [ view_template ] --END-- [ RunTime:0.004148s ]
INFO: [ view_parse ] --START--
NOTIC: [8] Undefined variable: vote /var/www/html/toupiao/Data/logs/Cache/Wap/ac7b54a5f6ff18a7a700bb4afd040872.php 第 10 行.
NOTIC: [8] Undefined variable: vote /var/www/html/toupiao/Data/logs/Cache/Wap/ac7b54a5f6ff18a7a700bb4afd040872.php 第 11 行.
NOTIC: [8] Undefined variable: vote /var/www/html/toupiao/Data/logs/Cache/Wap/ac7b54a5f6ff18a7a700bb4afd040872.php 第 12 行.
NOTIC: [8] Undefined variable: vote /var/www/html/toupiao/Data/logs/Cache/Wap/ac7b54a5f6ff18a7a700bb4afd040872.php 第 13 行.
NOTIC: [8] Undefined variable: vote /var/www/html/toupiao/Data/logs/Cache/Wap/ac7b54a5f6ff18a7a700bb4afd040872.php 第 15 行.
NOTIC: [8] Undefined variable: vote /var/www/html/toupiao/Data/logs/Cache/Wap/ac7b54a5f6ff18a7a700bb4afd040872.php 第 16 行.
NOTIC: [8] Undefined variable: vote /var/www/html/toupiao/Data/logs/Cache/Wap/ac7b54a5f6ff18a7a700bb4afd040872.php 第 130 行.
NOTIC: [8] Undefined variable: vote /var/www/html/toupiao/Data/logs/Cache/Wap/ac7b54a5f6ff18a7a700bb4afd040872.php 第 135 行.
NOTIC: [8] Undefined variable: vote /var/www/html/toupiao/Data/logs/Cache/Wap/ac7b54a5f6ff18a7a700bb4afd040872.php 第 139 行.
NOTIC: [8] Undefined variable: ggpic /var/www/html/toupiao/Data/logs/Cache/Wap/ac7b54a5f6ff18a7a700bb4afd040872.php 第 149 行.
NOTIC: [8] Undefined variable: vote /var/www/html/toupiao/Data/logs/Cache/Wap/ac7b54a5f6ff18a7a700bb4afd040872.php 第 149 行.
NOTIC: [8] Undefined variable: ishavezp /var/www/html/toupiao/Data/logs/Cache/Wap/ac7b54a5f6ff18a7a700bb4afd040872.php 第 153 行.
NOTIC: [8] Undefined variable: istime /var/www/html/toupiao/Data/logs/Cache/Wap/ac7b54a5f6ff18a7a700bb4afd040872.php 第 155 行.
NOTIC: [8] Undefined variable: rc /var/www/html/toupiao/Data/logs/Cache/Wap/ac7b54a5f6ff18a7a700bb4afd040872.php 第 159 行.
NOTIC: [8] Undefined variable: tpl /var/www/html/toupiao/Data/logs/Cache/Wap/ac7b54a5f6ff18a7a700bb4afd040872.php 第 163 行.
NOTIC: [8] Undefined variable: check /var/www/html/toupiao/Data/logs/Cache/Wap/ac7b54a5f6ff18a7a700bb4afd040872.php 第 167 行.
NOTIC: [8] Undefined variable: vote /var/www/html/toupiao/Data/logs/Cache/Wap/ac7b54a5f6ff18a7a700bb4afd040872.php 第 179 行.
NOTIC: [8] Undefined variable: vote /var/www/html/toupiao/Data/logs/Cache/Wap/ac7b54a5f6ff18a7a700bb4afd040872.php 第 209 行.
NOTIC: [8] Undefined variable: id /var/www/html/toupiao/Data/logs/Cache/Wap/ac7b54a5f6ff18a7a700bb4afd040872.php 第 213 行.
NOTIC: [8] Undefined variable: token /var/www/html/toupiao/Data/logs/Cache/Wap/ac7b54a5f6ff18a7a700bb4afd040872.php 第 214 行.
NOTIC: [8] Undefined variable: token /var/www/html/toupiao/Data/logs/Cache/Wap/ac7b54a5f6ff18a7a700bb4afd040872.php 第 225 行.
NOTIC: [8] Undefined variable: id /var/www/html/toupiao/Data/logs/Cache/Wap/ac7b54a5f6ff18a7a700bb4afd040872.php 第 225 行.
NOTIC: [8] Undefined variable: token /var/www/html/toupiao/Data/logs/Cache/Wap/ac7b54a5f6ff18a7a700bb4afd040872.php 第 226 行.
NOTIC: [8] Undefined variable: id /var/www/html/toupiao/Data/logs/Cache/Wap/ac7b54a5f6ff18a7a700bb4afd040872.php 第 226 行.
NOTIC: [8] Undefined variable: token /var/www/html/toupiao/Data/logs/Cache/Wap/ac7b54a5f6ff18a7a700bb4afd040872.php 第 227 行.
NOTIC: [8] Undefined variable: id /var/www/html/toupiao/Data/logs/Cache/Wap/ac7b54a5f6ff18a7a700bb4afd040872.php 第 227 行.
NOTIC: [8] Undefined variable: zuopins /var/www/html/toupiao/Data/logs/Cache/Wap/ac7b54a5f6ff18a7a700bb4afd040872.php 第 232 行.
NOTIC: [8] Undefined variable: page_string /var/www/html/toupiao/Data/logs/Cache/Wap/ac7b54a5f6ff18a7a700bb4afd040872.php 第 253 行.
NOTIC: [8] Undefined variable: vote /var/www/html/toupiao/Data/logs/Cache/Wap/ac7b54a5f6ff18a7a700bb4afd040872.php 第 255 行.
NOTIC: [8] Undefined variable: user /var/www/html/toupiao/Data/logs/Cache/Wap/ac7b54a5f6ff18a7a700bb4afd040872.php 第 277 行.
NOTIC: [8] Undefined variable: vote /var/www/html/toupiao/Data/logs/Cache/Wap/ac7b54a5f6ff18a7a700bb4afd040872.php 第 278 行.
NOTIC: [8] Undefined variable: vote /var/www/html/toupiao/Data/logs/Cache/Wap/ac7b54a5f6ff18a7a700bb4afd040872.php 第 282 行.
NOTIC: [8] Undefined variable: user /var/www/html/toupiao/Data/logs/Cache/Wap/ac7b54a5f6ff18a7a700bb4afd040872.php 第 282 行.
NOTIC: [8] Undefined variable: user /var/www/html/toupiao/Data/logs/Cache/Wap/ac7b54a5f6ff18a7a700bb4afd040872.php 第 291 行.
NOTIC: [8] Undefined variable: user /var/www/html/toupiao/Data/logs/Cache/Wap/ac7b54a5f6ff18a7a700bb4afd040872.php 第 292 行.
NOTIC: [8] Undefined variable: user /var/www/html/toupiao/Data/logs/Cache/Wap/ac7b54a5f6ff18a7a700bb4afd040872.php 第 314 行.
NOTIC: [8] Undefined variable: user /var/www/html/toupiao/Data/logs/Cache/Wap/ac7b54a5f6ff18a7a700bb4afd040872.php 第 334 行.
NOTIC: [8] Undefined variable: user /var/www/html/toupiao/Data/logs/Cache/Wap/ac7b54a5f6ff18a7a700bb4afd040872.php 第 336 行.
NOTIC: [8] Undefined variable: signPackage /var/www/html/toupiao/Data/logs/Cache/Wap/ac7b54a5f6ff18a7a700bb4afd040872.php 第 345 行.
NOTIC: [8] Undefined variable: signPackage /var/www/html/toupiao/Data/logs/Cache/Wap/ac7b54a5f6ff18a7a700bb4afd040872.php 第 346 行.
NOTIC: [8] Undefined variable: signPackage /var/www/html/toupiao/Data/logs/Cache/Wap/ac7b54a5f6ff18a7a700bb4afd040872.php 第 347 行.
NOTIC: [8] Undefined variable: signPackage /var/www/html/toupiao/Data/logs/Cache/Wap/ac7b54a5f6ff18a7a700bb4afd040872.php 第 348 行.
NOTIC: [8] Undefined variable: vote /var/www/html/toupiao/Data/logs/Cache/Wap/ac7b54a5f6ff18a7a700bb4afd040872.php 第 358 行.
NOTIC: [8] Undefined variable: token /var/www/html/toupiao/Data/logs/Cache/Wap/ac7b54a5f6ff18a7a700bb4afd040872.php 第 359 行.
NOTIC: [8] Undefined variable: id /var/www/html/toupiao/Data/logs/Cache/Wap/ac7b54a5f6ff18a7a700bb4afd040872.php 第 359 行.
NOTIC: [8] Undefined variable: vote /var/www/html/toupiao/Data/logs/Cache/Wap/ac7b54a5f6ff18a7a700bb4afd040872.php 第 360 行.
NOTIC: [8] Undefined variable: vote /var/www/html/toupiao/Data/logs/Cache/Wap/ac7b54a5f6ff18a7a700bb4afd040872.php 第 371 行.
NOTIC: [8] Undefined variable: vote /var/www/html/toupiao/Data/logs/Cache/Wap/ac7b54a5f6ff18a7a700bb4afd040872.php 第 372 行.
NOTIC: [8] Undefined variable: token /var/www/html/toupiao/Data/logs/Cache/Wap/ac7b54a5f6ff18a7a700bb4afd040872.php 第 373 行.
NOTIC: [8] Undefined variable: id /var/www/html/toupiao/Data/logs/Cache/Wap/ac7b54a5f6ff18a7a700bb4afd040872.php 第 373 行.
NOTIC: [8] Undefined variable: vote /var/www/html/toupiao/Data/logs/Cache/Wap/ac7b54a5f6ff18a7a700bb4afd040872.php 第 374 行.
NOTIC: [8] Undefined variable: token /var/www/html/toupiao/Data/logs/Cache/Wap/ac7b54a5f6ff18a7a700bb4afd040872.php 第 396 行.
NOTIC: [8] Undefined variable: id /var/www/html/toupiao/Data/logs/Cache/Wap/ac7b54a5f6ff18a7a700bb4afd040872.php 第 396 行.
NOTIC: [8] Undefined variable: page /var/www/html/toupiao/Data/logs/Cache/Wap/ac7b54a5f6ff18a7a700bb4afd040872.php 第 396 行.
NOTIC: [8] Undefined variable: token /var/www/html/toupiao/Data/logs/Cache/Wap/ac7b54a5f6ff18a7a700bb4afd040872.php 第 399 行.
NOTIC: [8] Undefined variable: id /var/www/html/toupiao/Data/logs/Cache/Wap/ac7b54a5f6ff18a7a700bb4afd040872.php 第 399 行.
NOTIC: [8] Undefined variable: page /var/www/html/toupiao/Data/logs/Cache/Wap/ac7b54a5f6ff18a7a700bb4afd040872.php 第 399 行.
NOTIC: [8] Undefined variable: token /var/www/html/toupiao/Data/logs/Cache/Wap/ac7b54a5f6ff18a7a700bb4afd040872.php 第 404 行.
NOTIC: [8] Undefined variable: id /var/www/html/toupiao/Data/logs/Cache/Wap/ac7b54a5f6ff18a7a700bb4afd040872.php 第 404 行.
NOTIC: [8] Undefined variable: token /var/www/html/toupiao/Data/logs/Cache/Wap/ac7b54a5f6ff18a7a700bb4afd040872.php 第 407 行.
NOTIC: [8] Undefined variable: id /var/www/html/toupiao/Data/logs/Cache/Wap/ac7b54a5f6ff18a7a700bb4afd040872.php 第 407 行.
NOTIC: [8] Undefined variable: vote /var/www/html/toupiao/Data/logs/Cache/Wap/ac7b54a5f6ff18a7a700bb4afd040872.php 第 412 行.
NOTIC: [8] Undefined variable: vote /var/www/html/toupiao/Data/logs/Cache/Wap/ac7b54a5f6ff18a7a700bb4afd040872.php 第 412 行.
NOTIC: [8] Undefined variable: vote /var/www/html/toupiao/Data/logs/Cache/Wap/ac7b54a5f6ff18a7a700bb4afd040872.php 第 414 行.
NOTIC: [8] Undefined variable: user /var/www/html/toupiao/Data/logs/Cache/Wap/ac7b54a5f6ff18a7a700bb4afd040872.php 第 422 行.
NOTIC: [8] Undefined variable: user /var/www/html/toupiao/Data/logs/Cache/Wap/ac7b54a5f6ff18a7a700bb4afd040872.php 第 430 行.
NOTIC: [8] Undefined variable: user /var/www/html/toupiao/Data/logs/Cache/Wap/ac7b54a5f6ff18a7a700bb4afd040872.php 第 438 行.
NOTIC: [8] Undefined variable: id /var/www/html/toupiao/Data/logs/Cache/Wap/ac7b54a5f6ff18a7a700bb4afd040872.php 第 549 行.
NOTIC: [8] Undefined variable: token /var/www/html/toupiao/Data/logs/Cache/Wap/ac7b54a5f6ff18a7a700bb4afd040872.php 第 550 行.
NOTIC: [8] Undefined variable: user /var/www/html/toupiao/Data/logs/Cache/Wap/ac7b54a5f6ff18a7a700bb4afd040872.php 第 564 行.
NOTIC: [8] Undefined variable: vote /var/www/html/toupiao/Data/logs/Cache/Wap/ac7b54a5f6ff18a7a700bb4afd040872.php 第 574 行.
NOTIC: [8] Undefined variable: user /var/www/html/toupiao/Data/logs/Cache/Wap/ac7b54a5f6ff18a7a700bb4afd040872.php 第 589 行.
NOTIC: [8] Undefined variable: user /var/www/html/toupiao/Data/logs/Cache/Wap/ac7b54a5f6ff18a7a700bb4afd040872.php 第 599 行.
NOTIC: [8] Undefined variable: vote /var/www/html/toupiao/Data/logs/Cache/Wap/ac7b54a5f6ff18a7a700bb4afd040872.php 第 604 行.
NOTIC: [8] Use of undefined constant statdate - assumed 'statdate' /var/www/html/toupiao/Data/logs/Cache/Wap/ac7b54a5f6ff18a7a700bb4afd040872.php 第 604 行.
NOTIC: [8] Undefined variable: vote /var/www/html/toupiao/Data/logs/Cache/Wap/ac7b54a5f6ff18a7a700bb4afd040872.php 第 604 行.
NOTIC: [8] Undefined variable: vote /var/www/html/toupiao/Data/logs/Cache/Wap/ac7b54a5f6ff18a7a700bb4afd040872.php 第 609 行.
NOTIC: [8] Undefined variable: vote /var/www/html/toupiao/Data/logs/Cache/Wap/ac7b54a5f6ff18a7a700bb4afd040872.php 第 663 行.
INFO: Run ParseTemplate Behavior [ RunTime:-0.037746s ]
INFO: [ view_parse ] --END-- [ RunTime:0.072064s ]
INFO: [ view_filter ] --START--
INFO: Run ContentReplace Behavior [ RunTime:-0.109958s ]
INFO: Run TokenBuild Behavior [ RunTime:-0.114983s ]
INFO: Run WriteHtmlCache Behavior [ RunTime:-0.116396s ]
INFO: Run ShowRuntime Behavior [ RunTime:-0.117576s ]
INFO: [ view_filter ] --END-- [ RunTime:0.009162s ]
INFO: [ view_end ] --START--
INFO: Run ShowPageTrace Behavior [ RunTime:-0.119378s ]
INFO: [ view_end ] --END-- [ RunTime:0.001262s ]

[ 2018-11-29T16:19:30+08:00 ] 172.20.0.1 /index.php?g=Wap&m=Vote&a=index
INFO: [ app_begin ] --START--
INFO: Run ReadHtmlCache Behavior [ RunTime:0.002438s ]
INFO: [ app_begin ] --END-- [ RunTime:0.002749s ]
NOTIC: [8] Undefined offset: 1 /var/www/html/toupiao/31cms/_Core/Lib/Core/Action.class.php 第 209 行.
NOTIC: [2] Cannot use a scalar value as an array /var/www/html/toupiao/31cms/_Core/Lib/Core/Action.class.php 第 209 行.
SQL: SHOW COLUMNS FROM `tp_agent` [ RunTime:0.002789s ]
SQL: SELECT * FROM `tp_agent` WHERE ( `siteurl` = 'http://localhost' ) LIMIT 1   [ RunTime:0.000555s ]
NOTIC: [8] Undefined index: wxd_openid /var/www/html/toupiao/31cms/Lib/Action/Wap/VoteAction.class.php 第 1870 行.
INFO: [ view_template ] --START--
INFO: Run LocationTemplate Behavior [ RunTime:-0.037062s ]
INFO: [ view_template ] --END-- [ RunTime:0.004059s ]
INFO: [ view_parse ] --START--
NOTIC: [8] Undefined variable: vote /var/www/html/toupiao/Data/logs/Cache/Wap/ac7b54a5f6ff18a7a700bb4afd040872.php 第 10 行.
NOTIC: [8] Undefined variable: vote /var/www/html/toupiao/Data/logs/Cache/Wap/ac7b54a5f6ff18a7a700bb4afd040872.php 第 11 行.
NOTIC: [8] Undefined variable: vote /var/www/html/toupiao/Data/logs/Cache/Wap/ac7b54a5f6ff18a7a700bb4afd040872.php 第 12 行.
NOTIC: [8] Undefined variable: vote /var/www/html/toupiao/Data/logs/Cache/Wap/ac7b54a5f6ff18a7a700bb4afd040872.php 第 13 行.
NOTIC: [8] Undefined variable: vote /var/www/html/toupiao/Data/logs/Cache/Wap/ac7b54a5f6ff18a7a700bb4afd040872.php 第 15 行.
NOTIC: [8] Undefined variable: vote /var/www/html/toupiao/Data/logs/Cache/Wap/ac7b54a5f6ff18a7a700bb4afd040872.php 第 16 行.
NOTIC: [8] Undefined variable: vote /var/www/html/toupiao/Data/logs/Cache/Wap/ac7b54a5f6ff18a7a700bb4afd040872.php 第 130 行.
NOTIC: [8] Undefined variable: vote /var/www/html/toupiao/Data/logs/Cache/Wap/ac7b54a5f6ff18a7a700bb4afd040872.php 第 135 行.
NOTIC: [8] Undefined variable: vote /var/www/html/toupiao/Data/logs/Cache/Wap/ac7b54a5f6ff18a7a700bb4afd040872.php 第 139 行.
NOTIC: [8] Undefined variable: ggpic /var/www/html/toupiao/Data/logs/Cache/Wap/ac7b54a5f6ff18a7a700bb4afd040872.php 第 149 行.
NOTIC: [8] Undefined variable: vote /var/www/html/toupiao/Data/logs/Cache/Wap/ac7b54a5f6ff18a7a700bb4afd040872.php 第 149 行.
NOTIC: [8] Undefined variable: ishavezp /var/www/html/toupiao/Data/logs/Cache/Wap/ac7b54a5f6ff18a7a700bb4afd040872.php 第 153 行.
NOTIC: [8] Undefined variable: istime /var/www/html/toupiao/Data/logs/Cache/Wap/ac7b54a5f6ff18a7a700bb4afd040872.php 第 155 行.
NOTIC: [8] Undefined variable: rc /var/www/html/toupiao/Data/logs/Cache/Wap/ac7b54a5f6ff18a7a700bb4afd040872.php 第 159 行.
NOTIC: [8] Undefined variable: tpl /var/www/html/toupiao/Data/logs/Cache/Wap/ac7b54a5f6ff18a7a700bb4afd040872.php 第 163 行.
NOTIC: [8] Undefined variable: check /var/www/html/toupiao/Data/logs/Cache/Wap/ac7b54a5f6ff18a7a700bb4afd040872.php 第 167 行.
NOTIC: [8] Undefined variable: vote /var/www/html/toupiao/Data/logs/Cache/Wap/ac7b54a5f6ff18a7a700bb4afd040872.php 第 179 行.
NOTIC: [8] Undefined variable: vote /var/www/html/toupiao/Data/logs/Cache/Wap/ac7b54a5f6ff18a7a700bb4afd040872.php 第 209 行.
NOTIC: [8] Undefined variable: id /var/www/html/toupiao/Data/logs/Cache/Wap/ac7b54a5f6ff18a7a700bb4afd040872.php 第 213 行.
NOTIC: [8] Undefined variable: token /var/www/html/toupiao/Data/logs/Cache/Wap/ac7b54a5f6ff18a7a700bb4afd040872.php 第 214 行.
NOTIC: [8] Undefined variable: token /var/www/html/toupiao/Data/logs/Cache/Wap/ac7b54a5f6ff18a7a700bb4afd040872.php 第 225 行.
NOTIC: [8] Undefined variable: id /var/www/html/toupiao/Data/logs/Cache/Wap/ac7b54a5f6ff18a7a700bb4afd040872.php 第 225 行.
NOTIC: [8] Undefined variable: token /var/www/html/toupiao/Data/logs/Cache/Wap/ac7b54a5f6ff18a7a700bb4afd040872.php 第 226 行.
NOTIC: [8] Undefined variable: id /var/www/html/toupiao/Data/logs/Cache/Wap/ac7b54a5f6ff18a7a700bb4afd040872.php 第 226 行.
NOTIC: [8] Undefined variable: token /var/www/html/toupiao/Data/logs/Cache/Wap/ac7b54a5f6ff18a7a700bb4afd040872.php 第 227 行.
NOTIC: [8] Undefined variable: id /var/www/html/toupiao/Data/logs/Cache/Wap/ac7b54a5f6ff18a7a700bb4afd040872.php 第 227 行.
NOTIC: [8] Undefined variable: zuopins /var/www/html/toupiao/Data/logs/Cache/Wap/ac7b54a5f6ff18a7a700bb4afd040872.php 第 232 行.
NOTIC: [8] Undefined variable: page_string /var/www/html/toupiao/Data/logs/Cache/Wap/ac7b54a5f6ff18a7a700bb4afd040872.php 第 253 行.
NOTIC: [8] Undefined variable: vote /var/www/html/toupiao/Data/logs/Cache/Wap/ac7b54a5f6ff18a7a700bb4afd040872.php 第 255 行.
NOTIC: [8] Undefined variable: user /var/www/html/toupiao/Data/logs/Cache/Wap/ac7b54a5f6ff18a7a700bb4afd040872.php 第 277 行.
NOTIC: [8] Undefined variable: vote /var/www/html/toupiao/Data/logs/Cache/Wap/ac7b54a5f6ff18a7a700bb4afd040872.php 第 278 行.
NOTIC: [8] Undefined variable: vote /var/www/html/toupiao/Data/logs/Cache/Wap/ac7b54a5f6ff18a7a700bb4afd040872.php 第 282 行.
NOTIC: [8] Undefined variable: user /var/www/html/toupiao/Data/logs/Cache/Wap/ac7b54a5f6ff18a7a700bb4afd040872.php 第 282 行.
NOTIC: [8] Undefined variable: user /var/www/html/toupiao/Data/logs/Cache/Wap/ac7b54a5f6ff18a7a700bb4afd040872.php 第 291 行.
NOTIC: [8] Undefined variable: user /var/www/html/toupiao/Data/logs/Cache/Wap/ac7b54a5f6ff18a7a700bb4afd040872.php 第 292 行.
NOTIC: [8] Undefined variable: user /var/www/html/toupiao/Data/logs/Cache/Wap/ac7b54a5f6ff18a7a700bb4afd040872.php 第 314 行.
NOTIC: [8] Undefined variable: user /var/www/html/toupiao/Data/logs/Cache/Wap/ac7b54a5f6ff18a7a700bb4afd040872.php 第 334 行.
NOTIC: [8] Undefined variable: user /var/www/html/toupiao/Data/logs/Cache/Wap/ac7b54a5f6ff18a7a700bb4afd040872.php 第 336 行.
NOTIC: [8] Undefined variable: signPackage /var/www/html/toupiao/Data/logs/Cache/Wap/ac7b54a5f6ff18a7a700bb4afd040872.php 第 345 行.
NOTIC: [8] Undefined variable: signPackage /var/www/html/toupiao/Data/logs/Cache/Wap/ac7b54a5f6ff18a7a700bb4afd040872.php 第 346 行.
NOTIC: [8] Undefined variable: signPackage /var/www/html/toupiao/Data/logs/Cache/Wap/ac7b54a5f6ff18a7a700bb4afd040872.php 第 347 行.
NOTIC: [8] Undefined variable: signPackage /var/www/html/toupiao/Data/logs/Cache/Wap/ac7b54a5f6ff18a7a700bb4afd040872.php 第 348 行.
NOTIC: [8] Undefined variable: vote /var/www/html/toupiao/Data/logs/Cache/Wap/ac7b54a5f6ff18a7a700bb4afd040872.php 第 358 行.
NOTIC: [8] Undefined variable: token /var/www/html/toupiao/Data/logs/Cache/Wap/ac7b54a5f6ff18a7a700bb4afd040872.php 第 359 行.
NOTIC: [8] Undefined variable: id /var/www/html/toupiao/Data/logs/Cache/Wap/ac7b54a5f6ff18a7a700bb4afd040872.php 第 359 行.
NOTIC: [8] Undefined variable: vote /var/www/html/toupiao/Data/logs/Cache/Wap/ac7b54a5f6ff18a7a700bb4afd040872.php 第 360 行.
NOTIC: [8] Undefined variable: vote /var/www/html/toupiao/Data/logs/Cache/Wap/ac7b54a5f6ff18a7a700bb4afd040872.php 第 371 行.
NOTIC: [8] Undefined variable: vote /var/www/html/toupiao/Data/logs/Cache/Wap/ac7b54a5f6ff18a7a700bb4afd040872.php 第 372 行.
NOTIC: [8] Undefined variable: token /var/www/html/toupiao/Data/logs/Cache/Wap/ac7b54a5f6ff18a7a700bb4afd040872.php 第 373 行.
NOTIC: [8] Undefined variable: id /var/www/html/toupiao/Data/logs/Cache/Wap/ac7b54a5f6ff18a7a700bb4afd040872.php 第 373 行.
NOTIC: [8] Undefined variable: vote /var/www/html/toupiao/Data/logs/Cache/Wap/ac7b54a5f6ff18a7a700bb4afd040872.php 第 374 行.
NOTIC: [8] Undefined variable: token /var/www/html/toupiao/Data/logs/Cache/Wap/ac7b54a5f6ff18a7a700bb4afd040872.php 第 396 行.
NOTIC: [8] Undefined variable: id /var/www/html/toupiao/Data/logs/Cache/Wap/ac7b54a5f6ff18a7a700bb4afd040872.php 第 396 行.
NOTIC: [8] Undefined variable: page /var/www/html/toupiao/Data/logs/Cache/Wap/ac7b54a5f6ff18a7a700bb4afd040872.php 第 396 行.
NOTIC: [8] Undefined variable: token /var/www/html/toupiao/Data/logs/Cache/Wap/ac7b54a5f6ff18a7a700bb4afd040872.php 第 399 行.
NOTIC: [8] Undefined variable: id /var/www/html/toupiao/Data/logs/Cache/Wap/ac7b54a5f6ff18a7a700bb4afd040872.php 第 399 行.
NOTIC: [8] Undefined variable: page /var/www/html/toupiao/Data/logs/Cache/Wap/ac7b54a5f6ff18a7a700bb4afd040872.php 第 399 行.
NOTIC: [8] Undefined variable: token /var/www/html/toupiao/Data/logs/Cache/Wap/ac7b54a5f6ff18a7a700bb4afd040872.php 第 404 行.
NOTIC: [8] Undefined variable: id /var/www/html/toupiao/Data/logs/Cache/Wap/ac7b54a5f6ff18a7a700bb4afd040872.php 第 404 行.
NOTIC: [8] Undefined variable: token /var/www/html/toupiao/Data/logs/Cache/Wap/ac7b54a5f6ff18a7a700bb4afd040872.php 第 407 行.
NOTIC: [8] Undefined variable: id /var/www/html/toupiao/Data/logs/Cache/Wap/ac7b54a5f6ff18a7a700bb4afd040872.php 第 407 行.
NOTIC: [8] Undefined variable: vote /var/www/html/toupiao/Data/logs/Cache/Wap/ac7b54a5f6ff18a7a700bb4afd040872.php 第 412 行.
NOTIC: [8] Undefined variable: vote /var/www/html/toupiao/Data/logs/Cache/Wap/ac7b54a5f6ff18a7a700bb4afd040872.php 第 412 行.
NOTIC: [8] Undefined variable: vote /var/www/html/toupiao/Data/logs/Cache/Wap/ac7b54a5f6ff18a7a700bb4afd040872.php 第 414 行.
NOTIC: [8] Undefined variable: user /var/www/html/toupiao/Data/logs/Cache/Wap/ac7b54a5f6ff18a7a700bb4afd040872.php 第 422 行.
NOTIC: [8] Undefined variable: user /var/www/html/toupiao/Data/logs/Cache/Wap/ac7b54a5f6ff18a7a700bb4afd040872.php 第 430 行.
NOTIC: [8] Undefined variable: user /var/www/html/toupiao/Data/logs/Cache/Wap/ac7b54a5f6ff18a7a700bb4afd040872.php 第 438 行.
NOTIC: [8] Undefined variable: id /var/www/html/toupiao/Data/logs/Cache/Wap/ac7b54a5f6ff18a7a700bb4afd040872.php 第 549 行.
NOTIC: [8] Undefined variable: token /var/www/html/toupiao/Data/logs/Cache/Wap/ac7b54a5f6ff18a7a700bb4afd040872.php 第 550 行.
NOTIC: [8] Undefined variable: user /var/www/html/toupiao/Data/logs/Cache/Wap/ac7b54a5f6ff18a7a700bb4afd040872.php 第 564 行.
NOTIC: [8] Undefined variable: vote /var/www/html/toupiao/Data/logs/Cache/Wap/ac7b54a5f6ff18a7a700bb4afd040872.php 第 574 行.
NOTIC: [8] Undefined variable: user /var/www/html/toupiao/Data/logs/Cache/Wap/ac7b54a5f6ff18a7a700bb4afd040872.php 第 589 行.
NOTIC: [8] Undefined variable: user /var/www/html/toupiao/Data/logs/Cache/Wap/ac7b54a5f6ff18a7a700bb4afd040872.php 第 599 行.
NOTIC: [8] Undefined variable: vote /var/www/html/toupiao/Data/logs/Cache/Wap/ac7b54a5f6ff18a7a700bb4afd040872.php 第 604 行.
NOTIC: [8] Use of undefined constant statdate - assumed 'statdate' /var/www/html/toupiao/Data/logs/Cache/Wap/ac7b54a5f6ff18a7a700bb4afd040872.php 第 604 行.
NOTIC: [8] Undefined variable: vote /var/www/html/toupiao/Data/logs/Cache/Wap/ac7b54a5f6ff18a7a700bb4afd040872.php 第 604 行.
NOTIC: [8] Undefined variable: vote /var/www/html/toupiao/Data/logs/Cache/Wap/ac7b54a5f6ff18a7a700bb4afd040872.php 第 609 行.
NOTIC: [8] Undefined variable: vote /var/www/html/toupiao/Data/logs/Cache/Wap/ac7b54a5f6ff18a7a700bb4afd040872.php 第 663 行.
INFO: Run ParseTemplate Behavior [ RunTime:-0.041362s ]
INFO: [ view_parse ] --END-- [ RunTime:0.071768s ]
INFO: [ view_filter ] --START--
INFO: Run ContentReplace Behavior [ RunTime:-0.113293s ]
INFO: Run TokenBuild Behavior [ RunTime:-0.117444s ]
INFO: Run WriteHtmlCache Behavior [ RunTime:-0.119507s ]
INFO: Run ShowRuntime Behavior [ RunTime:-0.121118s ]
INFO: [ view_filter ] --END-- [ RunTime:0.009684s ]
INFO: [ view_end ] --START--
INFO: Run ShowPageTrace Behavior [ RunTime:-0.123291s ]
INFO: [ view_end ] --END-- [ RunTime:0.002079s ]

[ 2018-11-29T16:19:40+08:00 ] 172.20.0.1 /index.php?g=Wap&m=Vote&a=index
INFO: [ app_begin ] --START--
INFO: Run ReadHtmlCache Behavior [ RunTime:0.001352s ]
INFO: [ app_begin ] --END-- [ RunTime:0.001569s ]
NOTIC: [8] Undefined offset: 1 /var/www/html/toupiao/31cms/_Core/Lib/Core/Action.class.php 第 209 行.
NOTIC: [2] Cannot use a scalar value as an array /var/www/html/toupiao/31cms/_Core/Lib/Core/Action.class.php 第 209 行.
SQL: SHOW COLUMNS FROM `tp_agent` [ RunTime:0.003546s ]
SQL: SELECT * FROM `tp_agent` WHERE ( `siteurl` = 'http://localhost' ) LIMIT 1   [ RunTime:0.000689s ]
NOTIC: [8] Undefined index: wxd_openid /var/www/html/toupiao/31cms/Lib/Action/Wap/VoteAction.class.php 第 1870 行.
NOTIC: [8] Undefined index: id /var/www/html/toupiao/31cms/Lib/Action/Wap/VoteAction.class.php 第 34 行.
NOTIC: [8] Undefined index: token /var/www/html/toupiao/31cms/Lib/Action/Wap/VoteAction.class.php 第 36 行.
NOTIC: [8] Undefined index: isappinstalled /var/www/html/toupiao/31cms/Lib/Action/Wap/VoteAction.class.php 第 38 行.
NOTIC: [8] Undefined index: from /var/www/html/toupiao/31cms/Lib/Action/Wap/VoteAction.class.php 第 40 行.

