[ 2018-11-28T19:12:26+08:00 ] ERR: (ThinkException) 系统不支持:mysql
[ 2018-11-28T19:22:50+08:00 ] ERR: (ThinkException) 系统不支持:mysql
[ 2018-11-28T19:22:52+08:00 ] ERR: (ThinkException) 系统不支持:mysql
[ 2018-11-28T19:22:53+08:00 ] ERR: (ThinkException) 系统不支持:mysql
[ 2018-11-28T19:22:53+08:00 ] ERR: (ThinkException) 系统不支持:mysql
[ 2018-11-28T19:22:54+08:00 ] ERR: (ThinkException) 系统不支持:mysql
[ 2018-11-28T19:22:59+08:00 ] ERR: (ThinkException) 系统不支持:mysql
[ 2018-11-28T19:23:00+08:00 ] ERR: (ThinkException) 系统不支持:mysql
[ 2018-11-28T19:23:01+08:00 ] ERR: (ThinkException) 系统不支持:mysql
[ 2018-11-28T19:23:01+08:00 ] ERR: (ThinkException) 系统不支持:mysql
[ 2018-11-28T19:23:02+08:00 ] ERR: (ThinkException) 系统不支持:mysql
[ 2018-11-28T19:23:02+08:00 ] ERR: (ThinkException) 系统不支持:mysql
[ 2018-11-28T19:23:38+08:00 ] ERR: (ThinkException) Connection refused
[ 2018-11-28T19:23:40+08:00 ] ERR: (ThinkException) Connection refused
[ 2018-11-28T19:24:09+08:00 ] 172.20.0.1 /
INFO: [ app_begin ] --START--
INFO: Run ReadHtmlCache Behavior [ RunTime:0.001861s ]
INFO: [ app_begin ] --END-- [ RunTime:0.002077s ]
NOTIC: [2048] Declaration of IndexAction::show() should be compatible with Action::show($content, $charset = '', $contentType = '') /var/www/html/toupiao/31cms/Lib/Action/Home/IndexAction.class.php 第 4 行.
NOTIC: [8] Undefined offset: 1 /var/www/html/toupiao/31cms/_Core/Lib/Core/Action.class.php 第 209 行.
NOTIC: [2] Cannot use a scalar value as an array /var/www/html/toupiao/31cms/_Core/Lib/Core/Action.class.php 第 209 行.
SQL: SHOW COLUMNS FROM `tp_agent` [ RunTime:0.002640s ]
SQL: SELECT * FROM `tp_agent` WHERE ( `siteurl` = 'http://localhost' ) LIMIT 1   [ RunTime:0.000689s ]
INFO: [ view_template ] --START--
INFO: Run LocationTemplate Behavior [ RunTime:-0.030108s ]
INFO: [ view_template ] --END-- [ RunTime:0.017457s ]
INFO: [ view_parse ] --START--
INFO: Run ParseTemplate Behavior [ RunTime:-0.047728s ]
INFO: [ view_parse ] --END-- [ RunTime:0.048387s ]
INFO: [ view_filter ] --START--
INFO: Run ContentReplace Behavior [ RunTime:-0.096256s ]
INFO: Run TokenBuild Behavior [ RunTime:-0.102235s ]
INFO: Run WriteHtmlCache Behavior [ RunTime:-0.107542s ]
INFO: Run ShowRuntime Behavior [ RunTime:-0.111543s ]
INFO: [ view_filter ] --END-- [ RunTime:0.020300s ]
INFO: [ view_end ] --START--
INFO: Run ShowPageTrace Behavior [ RunTime:-0.116804s ]
INFO: [ view_end ] --END-- [ RunTime:0.004319s ]

[ 2018-11-28T19:24:54+08:00 ] 172.20.0.1 /index.php?m=Users&a=checklogin
INFO: [ app_begin ] --START--
INFO: Run ReadHtmlCache Behavior [ RunTime:0.002884s ]
INFO: [ app_begin ] --END-- [ RunTime:0.003147s ]
NOTIC: [8] Undefined offset: 1 /var/www/html/toupiao/31cms/_Core/Lib/Core/Action.class.php 第 209 行.
NOTIC: [2] Cannot use a scalar value as an array /var/www/html/toupiao/31cms/_Core/Lib/Core/Action.class.php 第 209 行.
SQL: SHOW COLUMNS FROM `tp_agent` [ RunTime:0.002238s ]
SQL: SELECT * FROM `tp_agent` WHERE ( `siteurl` = 'http://localhost' ) LIMIT 1   [ RunTime:0.005242s ]
SQL: SHOW COLUMNS FROM `tp_users` [ RunTime:0.003192s ]
SQL: SELECT * FROM `tp_users` WHERE ( `username` = 'admin' ) LIMIT 1   [ RunTime:0.006778s ]
SQL: SHOW COLUMNS FROM `tp_token_open` [ RunTime:0.001894s ]
SQL: SELECT `token` FROM `tp_token_open` WHERE ( `uid` = 1 ) LIMIT 1   [ RunTime:0.005044s ]
SQL: SHOW COLUMNS FROM `tp_user_group` [ RunTime:0.001610s ]
SQL: SELECT * FROM `tp_user_group` WHERE ( `id` = 7 ) LIMIT 1   [ RunTime:0.004803s ]
SQL: UPDATE `tp_users` SET `diynum`=0,`connectnum`=0,`activitynum`=0 WHERE ( `id` = 1 ) [ RunTime:0.000594s ]
SQL: UPDATE `tp_users` SET `lasttime`=1543404294,`lastloginmonth`=11,`lastip`='172.20.0.1' WHERE ( `id` = 1 ) [ RunTime:0.001273s ]
INFO: [ view_template ] --START--
INFO: Run LocationTemplate Behavior [ RunTime:-0.089594s ]
INFO: [ view_template ] --END-- [ RunTime:0.002955s ]
INFO: [ view_parse ] --START--
INFO: Run ParseTemplate Behavior [ RunTime:-0.092803s ]
INFO: [ view_parse ] --END-- [ RunTime:0.033300s ]
INFO: [ view_filter ] --START--
INFO: Run ContentReplace Behavior [ RunTime:-0.126390s ]
INFO: Run TokenBuild Behavior [ RunTime:-0.130548s ]
INFO: Run WriteHtmlCache Behavior [ RunTime:-0.132698s ]
INFO: Run ShowRuntime Behavior [ RunTime:-0.133946s ]
INFO: [ view_filter ] --END-- [ RunTime:0.009751s ]
INFO: [ view_end ] --START--
INFO: Run ShowPageTrace Behavior [ RunTime:-0.136293s ]
INFO: [ view_end ] --END-- [ RunTime:0.001459s ]

[ 2018-11-28T19:24:55+08:00 ] 172.20.0.1 /index.php?g=User&m=Vote&a=index
INFO: [ app_begin ] --START--
INFO: Run ReadHtmlCache Behavior [ RunTime:0.001423s ]
INFO: [ app_begin ] --END-- [ RunTime:0.001637s ]
NOTIC: [8] Undefined offset: 1 /var/www/html/toupiao/31cms/_Core/Lib/Core/Action.class.php 第 209 行.
NOTIC: [2] Cannot use a scalar value as an array /var/www/html/toupiao/31cms/_Core/Lib/Core/Action.class.php 第 209 行.
SQL: SHOW COLUMNS FROM `tp_agent` [ RunTime:0.001536s ]
SQL: SELECT * FROM `tp_agent` WHERE ( `siteurl` = 'http://localhost' ) LIMIT 1   [ RunTime:0.003829s ]
SQL: SHOW COLUMNS FROM `tp_user_group` [ RunTime:0.001195s ]
SQL: SELECT * FROM `tp_user_group` WHERE ( `id` = 7 ) LIMIT 1   [ RunTime:0.004832s ]
SQL: SHOW COLUMNS FROM `tp_users` [ RunTime:0.002033s ]
SQL: SELECT * FROM `tp_users` WHERE ( `id` = 1 ) LIMIT 1   [ RunTime:0.009188s ]
SQL: SELECT * FROM `tp_users` WHERE ( `id` = 1 ) LIMIT 1   [ RunTime:0.000555s ]
SQL: SHOW COLUMNS FROM `tp_wxuser` [ RunTime:0.001503s ]
SQL: SELECT `wxname`,`weixin`,`wxid`,`headerpic` FROM `tp_wxuser` WHERE ( `token` = 'Eioa5C5oj3S32qhH' ) AND ( `uid` = 1 ) LIMIT 1   [ RunTime:0.006223s ]
SQL: SHOW COLUMNS FROM `tp_token_open` [ RunTime:0.001471s ]
SQL: SELECT `queryname` FROM `tp_token_open` WHERE ( `token` = 'Eioa5C5oj3S32qhH' ) LIMIT 1   [ RunTime:0.004095s ]
SQL: SELECT `gid`,`activitynum`,`sum` FROM `tp_users` WHERE ( `id` = 1 ) LIMIT 1   [ RunTime:0.000419s ]
SQL: SELECT * FROM `tp_user_group` WHERE ( `id` = 7 ) LIMIT 1   [ RunTime:0.000366s ]
SQL: SHOW COLUMNS FROM `tp_vote` [ RunTime:0.001929s ]
SQL: SELECT * FROM `tp_vote` WHERE ( `token` = 'Eioa5C5oj3S32qhH' ) ORDER BY id DESC  [ RunTime:0.006556s ]
SQL: SHOW COLUMNS FROM `tp_vote_item` [ RunTime:0.001271s ]
SQL: SELECT COUNT(*) AS tp_count FROM `tp_vote_item` WHERE ( `vid` = 16 ) AND ( `status` > 0 ) LIMIT 1   [ RunTime:0.003688s ]
SQL: SELECT COUNT(*) AS tp_count FROM `tp_vote_item` WHERE ( `vid` = 15 ) AND ( `status` > 0 ) LIMIT 1   [ RunTime:0.000298s ]
SQL: SELECT COUNT(*) AS tp_count FROM `tp_vote_item` WHERE ( `vid` = 14 ) AND ( `status` > 0 ) LIMIT 1   [ RunTime:0.000325s ]
SQL: SELECT COUNT(*) AS tp_count FROM `tp_vote_item` WHERE ( `vid` = 13 ) AND ( `status` > 0 ) LIMIT 1   [ RunTime:0.000272s ]
SQL: SELECT COUNT(*) AS tp_count FROM `tp_vote_item` WHERE ( `vid` = 12 ) AND ( `status` > 0 ) LIMIT 1   [ RunTime:0.000361s ]
SQL: SELECT COUNT(*) AS tp_count FROM `tp_vote_item` WHERE ( `vid` = 11 ) AND ( `status` > 0 ) LIMIT 1   [ RunTime:0.000248s ]
SQL: SELECT COUNT(*) AS tp_count FROM `tp_vote_item` WHERE ( `vid` = 9 ) AND ( `status` > 0 ) LIMIT 1   [ RunTime:0.000260s ]
SQL: SELECT COUNT(*) AS tp_count FROM `tp_vote` WHERE ( `token` = 'Eioa5C5oj3S32qhH' ) LIMIT 1   [ RunTime:0.000350s ]
INFO: [ view_template ] --START--
INFO: Run LocationTemplate Behavior [ RunTime:-0.096574s ]
INFO: [ view_template ] --END-- [ RunTime:0.004774s ]
INFO: [ view_parse ] --START--
NOTIC: [8] Undefined variable: ok /var/www/html/toupiao/Data/logs/Cache/User/f70321ef24e437eb7147c67ab8f0460a.php 第 165 行.
NOTIC: [8] Undefined index: id /var/www/html/toupiao/Data/logs/Cache/User/f70321ef24e437eb7147c67ab8f0460a.php 第 180 行.
INFO: Run ParseTemplate Behavior [ RunTime:-0.101552s ]
INFO: [ view_parse ] --END-- [ RunTime:0.054824s ]
INFO: [ view_filter ] --START--
INFO: Run ContentReplace Behavior [ RunTime:-0.156609s ]
INFO: Run TokenBuild Behavior [ RunTime:-0.161027s ]
INFO: Run WriteHtmlCache Behavior [ RunTime:-0.162345s ]
INFO: Run ShowRuntime Behavior [ RunTime:-0.163121s ]
INFO: [ view_filter ] --END-- [ RunTime:0.007632s ]
INFO: [ view_end ] --START--
INFO: Run ShowPageTrace Behavior [ RunTime:-0.164493s ]
INFO: [ view_end ] --END-- [ RunTime:0.000951s ]

[ 2018-11-28T19:29:33+08:00 ] 172.20.0.1 /index.php?g=Home&m=Index&a=help&token=Eioa5C5oj3S32qhH
INFO: [ app_begin ] --START--
INFO: Run ReadHtmlCache Behavior [ RunTime:0.002580s ]
INFO: [ app_begin ] --END-- [ RunTime:0.002807s ]
NOTIC: [2048] Declaration of IndexAction::show() should be compatible with Action::show($content, $charset = '', $contentType = '') /var/www/html/toupiao/31cms/Lib/Action/Home/IndexAction.class.php 第 4 行.
NOTIC: [8] Undefined offset: 1 /var/www/html/toupiao/31cms/_Core/Lib/Core/Action.class.php 第 209 行.
NOTIC: [2] Cannot use a scalar value as an array /var/www/html/toupiao/31cms/_Core/Lib/Core/Action.class.php 第 209 行.
SQL: SHOW COLUMNS FROM `tp_agent` [ RunTime:0.003402s ]
SQL: SELECT * FROM `tp_agent` WHERE ( `siteurl` = 'http://localhost' ) LIMIT 1   [ RunTime:0.004560s ]
INFO: [ view_template ] --START--
INFO: Run LocationTemplate Behavior [ RunTime:-0.030174s ]
INFO: [ view_template ] --END-- [ RunTime:0.005329s ]
INFO: [ view_parse ] --START--
NOTIC: [2] file_get_contents(./tpl/Home/default/Public_header.html): failed to open stream: No such file or directory /var/www/html/toupiao/31cms/_Core/Lib/Template/ThinkTemplate.class.php 第 624 行.
INFO: Run ParseTemplate Behavior [ RunTime:-0.035857s ]
INFO: [ view_parse ] --END-- [ RunTime:0.039288s ]
INFO: [ view_filter ] --START--
INFO: Run ContentReplace Behavior [ RunTime:-0.075299s ]
INFO: Run TokenBuild Behavior [ RunTime:-0.078814s ]
INFO: Run WriteHtmlCache Behavior [ RunTime:-0.081075s ]
INFO: Run ShowRuntime Behavior [ RunTime:-0.082439s ]
INFO: [ view_filter ] --END-- [ RunTime:0.008714s ]
INFO: [ view_end ] --START--
INFO: Run ShowPageTrace Behavior [ RunTime:-0.084245s ]
INFO: [ view_end ] --END-- [ RunTime:0.001362s ]

[ 2018-11-28T19:34:51+08:00 ] 172.20.0.1 /
INFO: [ app_begin ] --START--
INFO: Run ReadHtmlCache Behavior [ RunTime:0.003797s ]
INFO: [ app_begin ] --END-- [ RunTime:0.004017s ]
NOTIC: [2048] Declaration of IndexAction::show() should be compatible with Action::show($content, $charset = '', $contentType = '') /var/www/html/toupiao/31cms/Lib/Action/Home/IndexAction.class.php 第 4 行.
NOTIC: [2] Cannot use a scalar value as an array /var/www/html/toupiao/31cms/_Core/Lib/Core/Action.class.php 第 209 行.
SQL: SHOW COLUMNS FROM `tp_agent` [ RunTime:0.001849s ]
SQL: SELECT * FROM `tp_agent` WHERE ( `siteurl` = 'http://127.0.0.1' ) LIMIT 1   [ RunTime:0.004747s ]
INFO: [ view_template ] --START--
INFO: Run LocationTemplate Behavior [ RunTime:-0.026277s ]
INFO: [ view_template ] --END-- [ RunTime:0.003374s ]
INFO: [ view_parse ] --START--
INFO: Run ParseTemplate Behavior [ RunTime:-0.029838s ]
INFO: [ view_parse ] --END-- [ RunTime:0.017874s ]
INFO: [ view_filter ] --START--
INFO: Run ContentReplace Behavior [ RunTime:-0.047876s ]
INFO: Run TokenBuild Behavior [ RunTime:-0.054763s ]
INFO: Run WriteHtmlCache Behavior [ RunTime:-0.056774s ]
INFO: Run ShowRuntime Behavior [ RunTime:-0.059156s ]
INFO: [ view_filter ] --END-- [ RunTime:0.013648s ]
INFO: [ view_end ] --START--
INFO: Run ShowPageTrace Behavior [ RunTime:-0.061818s ]
INFO: [ view_end ] --END-- [ RunTime:0.001738s ]

