[ 2018-11-30T12:06:24+08:00 ] 43.231.229.11 /
INFO: [ app_begin ] --START--
INFO: Run ReadHtmlCache Behavior [ RunTime:0.000159s ]
INFO: [ app_begin ] --END-- [ RunTime:0.000338s ]
NOTIC: [2048] Declaration of IndexAction::show() should be compatible with Action::show($content, $charset = '', $contentType = '') /var/www/html/vote/31cms/Lib/Action/Home/IndexAction.class.php 第 4 行.
NOTIC: [2] Cannot use a scalar value as an array /var/www/html/vote/31cms/_Core/Lib/Core/Action.class.php 第 209 行.
SQL: SHOW COLUMNS FROM `tp_agent` [ RunTime:0.005032s ]
SQL: SELECT * FROM `tp_agent` WHERE ( `siteurl` = 'http://www.8leyoyo.com' ) LIMIT 1   [ RunTime:0.000894s ]
INFO: [ view_template ] --START--
INFO: Run LocationTemplate Behavior [ RunTime:-0.014291s ]
INFO: [ view_template ] --END-- [ RunTime:0.000227s ]
INFO: [ view_parse ] --START--
INFO: Run ParseTemplate Behavior [ RunTime:-0.014573s ]
INFO: [ view_parse ] --END-- [ RunTime:0.002918s ]
INFO: [ view_filter ] --START--
INFO: Run ContentReplace Behavior [ RunTime:-0.017521s ]
INFO: Run TokenBuild Behavior [ RunTime:-0.018402s ]
INFO: Run WriteHtmlCache Behavior [ RunTime:-0.018935s ]
INFO: Run ShowRuntime Behavior [ RunTime:-0.019185s ]
INFO: [ view_filter ] --END-- [ RunTime:0.002215s ]
INFO: [ view_end ] --START--
INFO: Run ShowPageTrace Behavior [ RunTime:-0.019820s ]
INFO: [ view_end ] --END-- [ RunTime:0.000754s ]

[ 2018-11-30T12:06:30+08:00 ] 43.231.229.11 /index.php?m=Users&a=checklogin
INFO: [ app_begin ] --START--
INFO: Run ReadHtmlCache Behavior [ RunTime:0.000073s ]
INFO: [ app_begin ] --END-- [ RunTime:0.000148s ]
NOTIC: [2] Cannot use a scalar value as an array /var/www/html/vote/31cms/_Core/Lib/Core/Action.class.php 第 209 行.
SQL: SHOW COLUMNS FROM `tp_agent` [ RunTime:0.001908s ]
SQL: SELECT * FROM `tp_agent` WHERE ( `siteurl` = 'http://www.8leyoyo.com' ) LIMIT 1   [ RunTime:0.000468s ]
SQL: SHOW COLUMNS FROM `tp_users` [ RunTime:0.001656s ]
SQL: SELECT * FROM `tp_users` WHERE ( `username` = 'admin' ) LIMIT 1   [ RunTime:0.000605s ]
SQL: SHOW COLUMNS FROM `tp_token_open` [ RunTime:0.000876s ]
SQL: SELECT `token` FROM `tp_token_open` WHERE ( `uid` = 1 ) LIMIT 1   [ RunTime:0.000400s ]
SQL: SHOW COLUMNS FROM `tp_user_group` [ RunTime:0.000871s ]
SQL: SELECT * FROM `tp_user_group` WHERE ( `id` = 7 ) LIMIT 1   [ RunTime:0.000420s ]
SQL: UPDATE `tp_users` SET `diynum`=0,`connectnum`=0,`activitynum`=0 WHERE ( `id` = 1 ) [ RunTime:0.000393s ]
SQL: UPDATE `tp_users` SET `lasttime`=1543550790,`lastloginmonth`=11,`lastip`='43.231.229.11' WHERE ( `id` = 1 ) [ RunTime:0.000275s ]
INFO: [ view_template ] --START--
INFO: Run LocationTemplate Behavior [ RunTime:-0.016359s ]
INFO: [ view_template ] --END-- [ RunTime:0.000088s ]
INFO: [ view_parse ] --START--
INFO: Run ParseTemplate Behavior [ RunTime:-0.016483s ]
INFO: [ view_parse ] --END-- [ RunTime:0.002265s ]
INFO: [ view_filter ] --START--
INFO: Run ContentReplace Behavior [ RunTime:-0.018796s ]
INFO: Run TokenBuild Behavior [ RunTime:-0.018899s ]
INFO: Run WriteHtmlCache Behavior [ RunTime:-0.019054s ]
INFO: Run ShowRuntime Behavior [ RunTime:-0.019114s ]
INFO: [ view_filter ] --END-- [ RunTime:0.000430s ]
INFO: [ view_end ] --START--
INFO: Run ShowPageTrace Behavior [ RunTime:-0.019281s ]
INFO: [ view_end ] --END-- [ RunTime:0.000080s ]

[ 2018-11-30T12:06:31+08:00 ] 43.231.229.11 /index.php?g=User&m=Vote&a=index
INFO: [ app_begin ] --START--
INFO: Run ReadHtmlCache Behavior [ RunTime:0.000081s ]
INFO: [ app_begin ] --END-- [ RunTime:0.000144s ]
NOTIC: [2] Cannot use a scalar value as an array /var/www/html/vote/31cms/_Core/Lib/Core/Action.class.php 第 209 行.
SQL: SHOW COLUMNS FROM `tp_agent` [ RunTime:0.001833s ]
SQL: SELECT * FROM `tp_agent` WHERE ( `siteurl` = 'http://www.8leyoyo.com' ) LIMIT 1   [ RunTime:0.000397s ]
SQL: SHOW COLUMNS FROM `tp_user_group` [ RunTime:0.000958s ]
SQL: SELECT * FROM `tp_user_group` WHERE ( `id` = 7 ) LIMIT 1   [ RunTime:0.000344s ]
SQL: SHOW COLUMNS FROM `tp_users` [ RunTime:0.001357s ]
SQL: SELECT * FROM `tp_users` WHERE ( `id` = 1 ) LIMIT 1   [ RunTime:0.000496s ]
SQL: SELECT * FROM `tp_users` WHERE ( `id` = 1 ) LIMIT 1   [ RunTime:0.000278s ]
SQL: SHOW COLUMNS FROM `tp_wxuser` [ RunTime:0.001067s ]
SQL: SELECT `wxname`,`weixin`,`wxid`,`headerpic` FROM `tp_wxuser` WHERE ( `token` = 'Eioa5C5oj3S32qhH' ) AND ( `uid` = 1 ) LIMIT 1   [ RunTime:0.000429s ]
SQL: SHOW COLUMNS FROM `tp_token_open` [ RunTime:0.000813s ]
SQL: SELECT `queryname` FROM `tp_token_open` WHERE ( `token` = 'Eioa5C5oj3S32qhH' ) LIMIT 1   [ RunTime:0.000372s ]
SQL: SELECT `gid`,`activitynum`,`sum` FROM `tp_users` WHERE ( `id` = 1 ) LIMIT 1   [ RunTime:0.000257s ]
SQL: SELECT * FROM `tp_user_group` WHERE ( `id` = 7 ) LIMIT 1   [ RunTime:0.000199s ]
SQL: SHOW COLUMNS FROM `tp_vote` [ RunTime:0.001000s ]
SQL: SELECT * FROM `tp_vote` WHERE ( `token` = 'Eioa5C5oj3S32qhH' ) ORDER BY id DESC  [ RunTime:0.000724s ]
SQL: SHOW COLUMNS FROM `tp_vote_item` [ RunTime:0.001050s ]
SQL: SELECT COUNT(*) AS tp_count FROM `tp_vote_item` WHERE ( `vid` = 16 ) AND ( `status` > 0 ) LIMIT 1   [ RunTime:0.000489s ]
SQL: SELECT COUNT(*) AS tp_count FROM `tp_vote_item` WHERE ( `vid` = 15 ) AND ( `status` > 0 ) LIMIT 1   [ RunTime:0.000259s ]
SQL: SELECT COUNT(*) AS tp_count FROM `tp_vote_item` WHERE ( `vid` = 14 ) AND ( `status` > 0 ) LIMIT 1   [ RunTime:0.000160s ]
SQL: SELECT COUNT(*) AS tp_count FROM `tp_vote_item` WHERE ( `vid` = 13 ) AND ( `status` > 0 ) LIMIT 1   [ RunTime:0.000144s ]
SQL: SELECT COUNT(*) AS tp_count FROM `tp_vote_item` WHERE ( `vid` = 12 ) AND ( `status` > 0 ) LIMIT 1   [ RunTime:0.000154s ]
SQL: SELECT COUNT(*) AS tp_count FROM `tp_vote_item` WHERE ( `vid` = 11 ) AND ( `status` > 0 ) LIMIT 1   [ RunTime:0.000155s ]
SQL: SELECT COUNT(*) AS tp_count FROM `tp_vote_item` WHERE ( `vid` = 9 ) AND ( `status` > 0 ) LIMIT 1   [ RunTime:0.000148s ]
SQL: SELECT COUNT(*) AS tp_count FROM `tp_vote` WHERE ( `token` = 'Eioa5C5oj3S32qhH' ) LIMIT 1   [ RunTime:0.000256s ]
INFO: [ view_template ] --START--
INFO: Run LocationTemplate Behavior [ RunTime:-0.027102s ]
INFO: [ view_template ] --END-- [ RunTime:0.000117s ]
INFO: [ view_parse ] --START--
NOTIC: [8] Undefined variable: ok /var/www/html/vote/Data/logs/Cache/User/f70321ef24e437eb7147c67ab8f0460a.php 第 165 行.
NOTIC: [8] Undefined index: id /var/www/html/vote/Data/logs/Cache/User/f70321ef24e437eb7147c67ab8f0460a.php 第 180 行.
INFO: Run ParseTemplate Behavior [ RunTime:-0.027255s ]
INFO: [ view_parse ] --END-- [ RunTime:0.009812s ]
INFO: [ view_filter ] --START--
INFO: Run ContentReplace Behavior [ RunTime:-0.037106s ]
INFO: Run TokenBuild Behavior [ RunTime:-0.037261s ]
INFO: Run WriteHtmlCache Behavior [ RunTime:-0.037400s ]
INFO: Run ShowRuntime Behavior [ RunTime:-0.037461s ]
INFO: [ view_filter ] --END-- [ RunTime:0.000492s ]
INFO: [ view_end ] --START--
INFO: Run ShowPageTrace Behavior [ RunTime:-0.037657s ]
INFO: [ view_end ] --END-- [ RunTime:0.000076s ]

[ 2018-11-30T12:12:32+08:00 ] 54.234.224.9 /
INFO: [ app_begin ] --START--
INFO: Run ReadHtmlCache Behavior [ RunTime:0.000205s ]
INFO: [ app_begin ] --END-- [ RunTime:0.000371s ]
NOTIC: [2048] Declaration of IndexAction::show() should be compatible with Action::show($content, $charset = '', $contentType = '') /var/www/html/vote/31cms/Lib/Action/Home/IndexAction.class.php 第 4 行.
NOTIC: [2] Cannot use a scalar value as an array /var/www/html/vote/31cms/_Core/Lib/Core/Action.class.php 第 209 行.
SQL: SHOW COLUMNS FROM `tp_agent` [ RunTime:0.004452s ]
SQL: SELECT * FROM `tp_agent` WHERE ( `siteurl` = 'http://45.77.45.47' ) LIMIT 1   [ RunTime:0.000856s ]
INFO: [ view_template ] --START--
INFO: Run LocationTemplate Behavior [ RunTime:-0.014383s ]
INFO: [ view_template ] --END-- [ RunTime:0.000232s ]
INFO: [ view_parse ] --START--
INFO: Run ParseTemplate Behavior [ RunTime:-0.014679s ]
INFO: [ view_parse ] --END-- [ RunTime:0.003100s ]
INFO: [ view_filter ] --START--
INFO: Run ContentReplace Behavior [ RunTime:-0.017824s ]
INFO: Run TokenBuild Behavior [ RunTime:-0.017979s ]
INFO: Run WriteHtmlCache Behavior [ RunTime:-0.018162s ]
INFO: Run ShowRuntime Behavior [ RunTime:-0.018235s ]
INFO: [ view_filter ] --END-- [ RunTime:0.000582s ]
INFO: [ view_end ] --START--
INFO: Run ShowPageTrace Behavior [ RunTime:-0.018480s ]
INFO: [ view_end ] --END-- [ RunTime:0.000154s ]

[ 2018-11-30T12:45:48+08:00 ] 60.191.38.77 /
INFO: [ app_begin ] --START--
INFO: Run ReadHtmlCache Behavior [ RunTime:0.000137s ]
INFO: [ app_begin ] --END-- [ RunTime:0.000253s ]
NOTIC: [2048] Declaration of IndexAction::show() should be compatible with Action::show($content, $charset = '', $contentType = '') /var/www/html/vote/31cms/Lib/Action/Home/IndexAction.class.php 第 4 行.
NOTIC: [2] Cannot use a scalar value as an array /var/www/html/vote/31cms/_Core/Lib/Core/Action.class.php 第 209 行.
SQL: SHOW COLUMNS FROM `tp_agent` [ RunTime:0.003756s ]
SQL: SELECT * FROM `tp_agent` WHERE ( `siteurl` = 'http://45.77.45.47:80' ) LIMIT 1   [ RunTime:0.000689s ]
INFO: [ view_template ] --START--
INFO: Run LocationTemplate Behavior [ RunTime:-0.012265s ]
INFO: [ view_template ] --END-- [ RunTime:0.000148s ]
INFO: [ view_parse ] --START--
INFO: Run ParseTemplate Behavior [ RunTime:-0.012447s ]
INFO: [ view_parse ] --END-- [ RunTime:0.002263s ]
INFO: [ view_filter ] --START--
INFO: Run ContentReplace Behavior [ RunTime:-0.014834s ]
INFO: Run TokenBuild Behavior [ RunTime:-0.014946s ]
INFO: Run WriteHtmlCache Behavior [ RunTime:-0.015069s ]
INFO: Run ShowRuntime Behavior [ RunTime:-0.015129s ]
INFO: [ view_filter ] --END-- [ RunTime:0.000406s ]
INFO: [ view_end ] --START--
INFO: Run ShowPageTrace Behavior [ RunTime:-0.015306s ]
INFO: [ view_end ] --END-- [ RunTime:0.000134s ]

[ 2018-11-30T12:46:26+08:00 ] 191.254.23.57 /
INFO: [ app_begin ] --START--
INFO: Run ReadHtmlCache Behavior [ RunTime:0.000145s ]
INFO: [ app_begin ] --END-- [ RunTime:0.000231s ]
NOTIC: [2048] Declaration of IndexAction::show() should be compatible with Action::show($content, $charset = '', $contentType = '') /var/www/html/vote/31cms/Lib/Action/Home/IndexAction.class.php 第 4 行.
NOTIC: [2] Cannot use a scalar value as an array /var/www/html/vote/31cms/_Core/Lib/Core/Action.class.php 第 209 行.
SQL: SHOW COLUMNS FROM `tp_agent` [ RunTime:0.002406s ]
SQL: SELECT * FROM `tp_agent` WHERE ( `siteurl` = 'http://45.77.45.47:80' ) LIMIT 1   [ RunTime:0.000529s ]
INFO: [ view_template ] --START--
INFO: Run LocationTemplate Behavior [ RunTime:-0.008013s ]
INFO: [ view_template ] --END-- [ RunTime:0.000130s ]
INFO: [ view_parse ] --START--
INFO: Run ParseTemplate Behavior [ RunTime:-0.008170s ]
INFO: [ view_parse ] --END-- [ RunTime:0.001813s ]
INFO: [ view_filter ] --START--
INFO: Run ContentReplace Behavior [ RunTime:-0.010018s ]
INFO: Run TokenBuild Behavior [ RunTime:-0.010120s ]
INFO: Run WriteHtmlCache Behavior [ RunTime:-0.010226s ]
INFO: Run ShowRuntime Behavior [ RunTime:-0.010269s ]
INFO: [ view_filter ] --END-- [ RunTime:0.000351s ]
INFO: [ view_end ] --START--
INFO: Run ShowPageTrace Behavior [ RunTime:-0.010416s ]
INFO: [ view_end ] --END-- [ RunTime:0.000080s ]

[ 2018-11-30T12:55:12+08:00 ] 49.156.34.194 /
INFO: [ app_begin ] --START--
INFO: Run ReadHtmlCache Behavior [ RunTime:0.000198s ]
INFO: [ app_begin ] --END-- [ RunTime:0.000364s ]
NOTIC: [2048] Declaration of IndexAction::show() should be compatible with Action::show($content, $charset = '', $contentType = '') /var/www/html/vote/31cms/Lib/Action/Home/IndexAction.class.php 第 4 行.
NOTIC: [2] Cannot use a scalar value as an array /var/www/html/vote/31cms/_Core/Lib/Core/Action.class.php 第 209 行.
SQL: SHOW COLUMNS FROM `tp_agent` [ RunTime:0.005360s ]
SQL: SELECT * FROM `tp_agent` WHERE ( `siteurl` = 'http://45.77.45.47:80' ) LIMIT 1   [ RunTime:0.000918s ]
INFO: [ view_template ] --START--
INFO: Run LocationTemplate Behavior [ RunTime:-0.016728s ]
INFO: [ view_template ] --END-- [ RunTime:0.000221s ]
INFO: [ view_parse ] --START--
INFO: Run ParseTemplate Behavior [ RunTime:-0.017028s ]
INFO: [ view_parse ] --END-- [ RunTime:0.002741s ]
INFO: [ view_filter ] --START--
INFO: Run ContentReplace Behavior [ RunTime:-0.019765s ]
INFO: Run TokenBuild Behavior [ RunTime:-0.019867s ]
INFO: Run WriteHtmlCache Behavior [ RunTime:-0.019990s ]
INFO: Run ShowRuntime Behavior [ RunTime:-0.020039s ]
INFO: [ view_filter ] --END-- [ RunTime:0.000381s ]
INFO: [ view_end ] --START--
INFO: Run ShowPageTrace Behavior [ RunTime:-0.020193s ]
INFO: [ view_end ] --END-- [ RunTime:0.000088s ]

[ 2018-11-30T13:47:10+08:00 ] 43.231.229.11 /index.php?g=Home&m=Index&a=help&token=Eioa5C5oj3S32qhH
INFO: [ app_begin ] --START--
INFO: Run ReadHtmlCache Behavior [ RunTime:0.000157s ]
INFO: [ app_begin ] --END-- [ RunTime:0.000286s ]
NOTIC: [2048] Declaration of IndexAction::show() should be compatible with Action::show($content, $charset = '', $contentType = '') /var/www/html/vote/31cms/Lib/Action/Home/IndexAction.class.php 第 4 行.
NOTIC: [2] Cannot use a scalar value as an array /var/www/html/vote/31cms/_Core/Lib/Core/Action.class.php 第 209 行.
SQL: SHOW COLUMNS FROM `tp_agent` [ RunTime:0.003728s ]
SQL: SELECT * FROM `tp_agent` WHERE ( `siteurl` = 'http://www.8leyoyo.com' ) LIMIT 1   [ RunTime:0.000478s ]
INFO: [ view_template ] --START--
INFO: Run LocationTemplate Behavior [ RunTime:-0.011769s ]
INFO: [ view_template ] --END-- [ RunTime:0.000228s ]
INFO: [ view_parse ] --START--
NOTIC: [2] file_get_contents(./tpl/Home/default/Public_header.html): failed to open stream: No such file or directory /var/www/html/vote/31cms/_Core/Lib/Template/ThinkTemplate.class.php 第 624 行.
INFO: Run ParseTemplate Behavior [ RunTime:-0.012036s ]
INFO: [ view_parse ] --END-- [ RunTime:0.003857s ]
INFO: [ view_filter ] --START--
INFO: Run ContentReplace Behavior [ RunTime:-0.015926s ]
INFO: Run TokenBuild Behavior [ RunTime:-0.016036s ]
INFO: Run WriteHtmlCache Behavior [ RunTime:-0.016204s ]
INFO: Run ShowRuntime Behavior [ RunTime:-0.016264s ]
INFO: [ view_filter ] --END-- [ RunTime:0.000461s ]
INFO: [ view_end ] --START--
INFO: Run ShowPageTrace Behavior [ RunTime:-0.016442s ]
INFO: [ view_end ] --END-- [ RunTime:0.000094s ]

[ 2018-11-30T13:52:36+08:00 ] 191.254.102.135 /
INFO: [ app_begin ] --START--
INFO: Run ReadHtmlCache Behavior [ RunTime:0.000143s ]
INFO: [ app_begin ] --END-- [ RunTime:0.000294s ]
NOTIC: [2048] Declaration of IndexAction::show() should be compatible with Action::show($content, $charset = '', $contentType = '') /var/www/html/vote/31cms/Lib/Action/Home/IndexAction.class.php 第 4 行.
NOTIC: [2] Cannot use a scalar value as an array /var/www/html/vote/31cms/_Core/Lib/Core/Action.class.php 第 209 行.
SQL: SHOW COLUMNS FROM `tp_agent` [ RunTime:0.003599s ]
SQL: SELECT * FROM `tp_agent` WHERE ( `siteurl` = 'http://45.77.45.47:80' ) LIMIT 1   [ RunTime:0.000499s ]
INFO: [ view_template ] --START--
INFO: Run LocationTemplate Behavior [ RunTime:-0.011666s ]
INFO: [ view_template ] --END-- [ RunTime:0.000157s ]
INFO: [ view_parse ] --START--
INFO: Run ParseTemplate Behavior [ RunTime:-0.011867s ]
INFO: [ view_parse ] --END-- [ RunTime:0.002207s ]
INFO: [ view_filter ] --START--
INFO: Run ContentReplace Behavior [ RunTime:-0.014178s ]
INFO: Run TokenBuild Behavior [ RunTime:-0.014312s ]
INFO: Run WriteHtmlCache Behavior [ RunTime:-0.014442s ]
INFO: Run ShowRuntime Behavior [ RunTime:-0.014528s ]
INFO: [ view_filter ] --END-- [ RunTime:0.000547s ]
INFO: [ view_end ] --START--
INFO: Run ShowPageTrace Behavior [ RunTime:-0.014704s ]
INFO: [ view_end ] --END-- [ RunTime:0.000092s ]

[ 2018-11-30T13:58:11+08:00 ] 43.231.229.11 /index.php?g=User&m=Vote&a=index
INFO: [ app_begin ] --START--
INFO: Run ReadHtmlCache Behavior [ RunTime:0.000143s ]
INFO: [ app_begin ] --END-- [ RunTime:0.000252s ]
NOTIC: [2] Cannot use a scalar value as an array /var/www/html/vote/31cms/_Core/Lib/Core/Action.class.php 第 209 行.
SQL: SHOW COLUMNS FROM `tp_agent` [ RunTime:0.002470s ]
SQL: SELECT * FROM `tp_agent` WHERE ( `siteurl` = 'http://www.8leyoyo.com' ) LIMIT 1   [ RunTime:0.000642s ]
SQL: SHOW COLUMNS FROM `tp_user_group` [ RunTime:0.001110s ]
SQL: SELECT * FROM `tp_user_group` WHERE ( `id` = 7 ) LIMIT 1   [ RunTime:0.000412s ]
SQL: SHOW COLUMNS FROM `tp_users` [ RunTime:0.001433s ]
SQL: SELECT * FROM `tp_users` WHERE ( `id` = 1 ) LIMIT 1   [ RunTime:0.000563s ]
SQL: SELECT * FROM `tp_users` WHERE ( `id` = 1 ) LIMIT 1   [ RunTime:0.000302s ]
SQL: SHOW COLUMNS FROM `tp_wxuser` [ RunTime:0.001148s ]
SQL: SELECT `wxname`,`weixin`,`wxid`,`headerpic` FROM `tp_wxuser` WHERE ( `token` = 'Eioa5C5oj3S32qhH' ) AND ( `uid` = 1 ) LIMIT 1   [ RunTime:0.000458s ]
SQL: SHOW COLUMNS FROM `tp_token_open` [ RunTime:0.000840s ]
SQL: SELECT `queryname` FROM `tp_token_open` WHERE ( `token` = 'Eioa5C5oj3S32qhH' ) LIMIT 1   [ RunTime:0.000325s ]
SQL: SELECT `gid`,`activitynum`,`sum` FROM `tp_users` WHERE ( `id` = 1 ) LIMIT 1   [ RunTime:0.000204s ]
SQL: SELECT * FROM `tp_user_group` WHERE ( `id` = 7 ) LIMIT 1   [ RunTime:0.000189s ]
SQL: SHOW COLUMNS FROM `tp_vote` [ RunTime:0.001025s ]
SQL: SELECT * FROM `tp_vote` WHERE ( `token` = 'Eioa5C5oj3S32qhH' ) ORDER BY id DESC  [ RunTime:0.000720s ]
SQL: SHOW COLUMNS FROM `tp_vote_item` [ RunTime:0.001072s ]
SQL: SELECT COUNT(*) AS tp_count FROM `tp_vote_item` WHERE ( `vid` = 16 ) AND ( `status` > 0 ) LIMIT 1   [ RunTime:0.000448s ]
SQL: SELECT COUNT(*) AS tp_count FROM `tp_vote_item` WHERE ( `vid` = 15 ) AND ( `status` > 0 ) LIMIT 1   [ RunTime:0.000184s ]
SQL: SELECT COUNT(*) AS tp_count FROM `tp_vote_item` WHERE ( `vid` = 14 ) AND ( `status` > 0 ) LIMIT 1   [ RunTime:0.000158s ]
SQL: SELECT COUNT(*) AS tp_count FROM `tp_vote_item` WHERE ( `vid` = 13 ) AND ( `status` > 0 ) LIMIT 1   [ RunTime:0.000167s ]
SQL: SELECT COUNT(*) AS tp_count FROM `tp_vote_item` WHERE ( `vid` = 12 ) AND ( `status` > 0 ) LIMIT 1   [ RunTime:0.000171s ]
SQL: SELECT COUNT(*) AS tp_count FROM `tp_vote_item` WHERE ( `vid` = 11 ) AND ( `status` > 0 ) LIMIT 1   [ RunTime:0.000161s ]
SQL: SELECT COUNT(*) AS tp_count FROM `tp_vote_item` WHERE ( `vid` = 9 ) AND ( `status` > 0 ) LIMIT 1   [ RunTime:0.000165s ]
SQL: SELECT COUNT(*) AS tp_count FROM `tp_vote` WHERE ( `token` = 'Eioa5C5oj3S32qhH' ) LIMIT 1   [ RunTime:0.000260s ]
INFO: [ view_template ] --START--
INFO: Run LocationTemplate Behavior [ RunTime:-0.025386s ]
INFO: [ view_template ] --END-- [ RunTime:0.000134s ]
INFO: [ view_parse ] --START--
NOTIC: [8] Undefined variable: ok /var/www/html/vote/Data/logs/Cache/User/f70321ef24e437eb7147c67ab8f0460a.php 第 165 行.
NOTIC: [8] Undefined index: id /var/www/html/vote/Data/logs/Cache/User/f70321ef24e437eb7147c67ab8f0460a.php 第 180 行.
INFO: Run ParseTemplate Behavior [ RunTime:-0.025572s ]
INFO: [ view_parse ] --END-- [ RunTime:0.009837s ]
INFO: [ view_filter ] --START--
INFO: Run ContentReplace Behavior [ RunTime:-0.035446s ]
INFO: Run TokenBuild Behavior [ RunTime:-0.035639s ]
INFO: Run WriteHtmlCache Behavior [ RunTime:-0.035791s ]
INFO: Run ShowRuntime Behavior [ RunTime:-0.035841s ]
INFO: [ view_filter ] --END-- [ RunTime:0.000505s ]
INFO: [ view_end ] --START--
INFO: Run ShowPageTrace Behavior [ RunTime:-0.036010s ]
INFO: [ view_end ] --END-- [ RunTime:0.000092s ]

[ 2018-11-30T13:58:14+08:00 ] 1.255.36.168 /index.php?g=User&m=Vote&a=gongzhong&id=1
INFO: [ app_begin ] --START--
INFO: Run ReadHtmlCache Behavior [ RunTime:0.000081s ]
INFO: [ app_begin ] --END-- [ RunTime:0.000148s ]
NOTIC: [2] Cannot use a scalar value as an array /var/www/html/vote/31cms/_Core/Lib/Core/Action.class.php 第 209 行.
SQL: SHOW COLUMNS FROM `tp_agent` [ RunTime:0.001885s ]
SQL: SELECT * FROM `tp_agent` WHERE ( `siteurl` = 'http://www.8leyoyo.com' ) LIMIT 1   [ RunTime:0.000523s ]
SQL: SHOW COLUMNS FROM `tp_user_group` [ RunTime:0.001052s ]
SQL: SELECT * FROM `tp_user_group` WHERE ( `id` = 7 ) LIMIT 1   [ RunTime:0.000421s ]
SQL: SHOW COLUMNS FROM `tp_users` [ RunTime:0.001472s ]
SQL: SELECT * FROM `tp_users` WHERE ( `id` = 1 ) LIMIT 1   [ RunTime:0.000501s ]
SQL: SELECT * FROM `tp_users` WHERE ( `id` = 1 ) LIMIT 1   [ RunTime:0.000293s ]
SQL: SHOW COLUMNS FROM `tp_wxuser` [ RunTime:0.001226s ]
SQL: SELECT `wxname`,`weixin`,`wxid`,`headerpic` FROM `tp_wxuser` WHERE ( `token` = 'Eioa5C5oj3S32qhH' ) AND ( `uid` = 1 ) LIMIT 1   [ RunTime:0.000377s ]
SQL: SHOW COLUMNS FROM `tp_token_open` [ RunTime:0.000913s ]
SQL: SELECT `queryname` FROM `tp_token_open` WHERE ( `token` = 'Eioa5C5oj3S32qhH' ) LIMIT 1   [ RunTime:0.000333s ]
SQL: SHOW COLUMNS FROM `tp_diymen_set` [ RunTime:0.000915s ]
SQL: SELECT * FROM `tp_users` WHERE id=1 LIMIT 1   [ RunTime:0.000398s ]
SQL: SELECT * FROM `tp_diymen_set` WHERE token='Eioa5C5oj3S32qhH' LIMIT 1   [ RunTime:0.000387s ]
SQL: SHOW COLUMNS FROM `tp_lottery` [ RunTime:0.001166s ]
SQL: SELECT * FROM `tp_lottery` WHERE token='Eioa5C5oj3S32qhH'  [ RunTime:0.000521s ]
INFO: [ view_template ] --START--
INFO: Run LocationTemplate Behavior [ RunTime:-0.020160s ]
INFO: [ view_template ] --END-- [ RunTime:0.000130s ]
INFO: [ view_parse ] --START--
NOTIC: [8] Undefined variable: rep /var/www/html/vote/Data/logs/Cache/User/2c82b2a3ea1058422dd13bc243082fe2.php 第 344 行.
INFO: Run ParseTemplate Behavior [ RunTime:-0.020333s ]
INFO: [ view_parse ] --END-- [ RunTime:0.011585s ]
INFO: [ view_filter ] --START--
INFO: Run ContentReplace Behavior [ RunTime:-0.031960s ]
INFO: Run TokenBuild Behavior [ RunTime:-0.032110s ]
INFO: Run WriteHtmlCache Behavior [ RunTime:-0.033039s ]
INFO: Run ShowRuntime Behavior [ RunTime:-0.033128s ]
INFO: [ view_filter ] --END-- [ RunTime:0.001296s ]
INFO: [ view_end ] --START--
INFO: Run ShowPageTrace Behavior [ RunTime:-0.033330s ]
INFO: [ view_end ] --END-- [ RunTime:0.000098s ]

[ 2018-11-30T13:58:16+08:00 ] 1.255.36.168 /index.php?g=User&m=Areply&a=index&token=Eioa5C5oj3S32qhH
INFO: [ app_begin ] --START--
INFO: Run ReadHtmlCache Behavior [ RunTime:0.000085s ]
INFO: [ app_begin ] --END-- [ RunTime:0.000152s ]
NOTIC: [2048] Declaration of AreplyAction::insert() should be compatible with BaseAction::insert($IIIIIIIlIIII = '', $IIIIIIIlIIIl = '/index') /var/www/html/vote/31cms/Lib/Action/User/AreplyAction.class.php 第 4 行.
NOTIC: [2] Cannot use a scalar value as an array /var/www/html/vote/31cms/_Core/Lib/Core/Action.class.php 第 209 行.
SQL: SHOW COLUMNS FROM `tp_agent` [ RunTime:0.002058s ]
SQL: SELECT * FROM `tp_agent` WHERE ( `siteurl` = 'http://www.8leyoyo.com' ) LIMIT 1   [ RunTime:0.000532s ]
SQL: SHOW COLUMNS FROM `tp_user_group` [ RunTime:0.001118s ]
SQL: SELECT * FROM `tp_user_group` WHERE ( `id` = 7 ) LIMIT 1   [ RunTime:0.000386s ]
SQL: SHOW COLUMNS FROM `tp_users` [ RunTime:0.001426s ]
SQL: SELECT * FROM `tp_users` WHERE ( `id` = 1 ) LIMIT 1   [ RunTime:0.000525s ]
SQL: SELECT * FROM `tp_users` WHERE ( `id` = 1 ) LIMIT 1   [ RunTime:0.000285s ]
SQL: SHOW COLUMNS FROM `tp_wxuser` [ RunTime:0.001347s ]
SQL: SELECT `wxname`,`weixin`,`wxid`,`headerpic` FROM `tp_wxuser` WHERE ( `token` = 'Eioa5C5oj3S32qhH' ) AND ( `uid` = 1 ) LIMIT 1   [ RunTime:0.000438s ]
SQL: SHOW COLUMNS FROM `tp_token_open` [ RunTime:0.000956s ]
SQL: SELECT `queryname` FROM `tp_token_open` WHERE ( `token` = 'Eioa5C5oj3S32qhH' ) LIMIT 1   [ RunTime:0.000582s ]
SQL: SHOW COLUMNS FROM `tp_areply` [ RunTime:0.001151s ]
SQL: SELECT * FROM `tp_areply` WHERE ( `uid` = 1 ) AND ( `token` = 'Eioa5C5oj3S32qhH' ) LIMIT 1   [ RunTime:0.000394s ]
SQL: SHOW COLUMNS FROM `tp_keyword` [ RunTime:0.001031s ]
SQL: SELECT * FROM `tp_keyword` WHERE ( `pid` = 1 ) AND ( `token` = 'Eioa5C5oj3S32qhH' ) AND ( `module` = 'gjz' )  [ RunTime:0.001140s ]
INFO: [ view_template ] --START--
INFO: Run LocationTemplate Behavior [ RunTime:-0.023763s ]
INFO: [ view_template ] --END-- [ RunTime:0.000134s ]
INFO: [ view_parse ] --START--
INFO: Run ParseTemplate Behavior [ RunTime:-0.023930s ]
INFO: [ view_parse ] --END-- [ RunTime:0.005841s ]
INFO: [ view_filter ] --START--
INFO: Run ContentReplace Behavior [ RunTime:-0.029823s ]
INFO: Run TokenBuild Behavior [ RunTime:-0.030010s ]
INFO: Run WriteHtmlCache Behavior [ RunTime:-0.030157s ]
INFO: Run ShowRuntime Behavior [ RunTime:-0.030199s ]
INFO: [ view_filter ] --END-- [ RunTime:0.000479s ]
INFO: [ view_end ] --START--
INFO: Run ShowPageTrace Behavior [ RunTime:-0.030361s ]
INFO: [ view_end ] --END-- [ RunTime:0.000092s ]

[ 2018-11-30T13:59:15+08:00 ] 1.255.36.168 /index.php?g=User&m=Areply&a=insert
INFO: [ app_begin ] --START--
INFO: Run ReadHtmlCache Behavior [ RunTime:0.000130s ]
INFO: [ app_begin ] --END-- [ RunTime:0.000259s ]
NOTIC: [2048] Declaration of AreplyAction::insert() should be compatible with BaseAction::insert($IIIIIIIlIIII = '', $IIIIIIIlIIIl = '/index') /var/www/html/vote/31cms/Lib/Action/User/AreplyAction.class.php 第 4 行.
NOTIC: [2] Cannot use a scalar value as an array /var/www/html/vote/31cms/_Core/Lib/Core/Action.class.php 第 209 行.
SQL: SHOW COLUMNS FROM `tp_agent` [ RunTime:0.003401s ]
SQL: SELECT * FROM `tp_agent` WHERE ( `siteurl` = 'http://www.8leyoyo.com' ) LIMIT 1   [ RunTime:0.000781s ]
SQL: SHOW COLUMNS FROM `tp_user_group` [ RunTime:0.001166s ]
SQL: SELECT * FROM `tp_user_group` WHERE ( `id` = 7 ) LIMIT 1   [ RunTime:0.000489s ]
SQL: SHOW COLUMNS FROM `tp_users` [ RunTime:0.001619s ]
SQL: SELECT * FROM `tp_users` WHERE ( `id` = 1 ) LIMIT 1   [ RunTime:0.000580s ]
SQL: SELECT * FROM `tp_users` WHERE ( `id` = 1 ) LIMIT 1   [ RunTime:0.000281s ]
SQL: SHOW COLUMNS FROM `tp_wxuser` [ RunTime:0.001298s ]
SQL: SELECT `wxname`,`weixin`,`wxid`,`headerpic` FROM `tp_wxuser` WHERE ( `token` = 'Eioa5C5oj3S32qhH' ) AND ( `uid` = 1 ) LIMIT 1   [ RunTime:0.000488s ]
SQL: SHOW COLUMNS FROM `tp_token_open` [ RunTime:0.000983s ]
SQL: SELECT `queryname` FROM `tp_token_open` WHERE ( `token` = 'Eioa5C5oj3S32qhH' ) LIMIT 1   [ RunTime:0.000375s ]
SQL: SHOW COLUMNS FROM `tp_areply` [ RunTime:0.000900s ]
SQL: SELECT * FROM `tp_areply` WHERE ( `uid` = 1 ) AND ( `token` = 'Eioa5C5oj3S32qhH' ) LIMIT 1   [ RunTime:0.000345s ]
SQL: UPDATE `tp_areply` SET `uid`=1,`token`='Eioa5C5oj3S32qhH',`content`='欢迎成为隆昌圈内人，感谢关注，不胜感激。',`content2`='直接点击菜单【参赛投票】或输入&quot;我要参加&quot; 即可参加报名或投票，并且直接输入选手编号即可为选手投票。',`home`=0,`updatetime`=1543557555 WHERE ( `id` = 1 ) [ RunTime:0.000397s ]
INFO: [ view_template ] --START--
INFO: Run LocationTemplate Behavior [ RunTime:-0.023847s ]
INFO: [ view_template ] --END-- [ RunTime:0.000134s ]
INFO: [ view_parse ] --START--
INFO: Run ParseTemplate Behavior [ RunTime:-0.024042s ]
INFO: [ view_parse ] --END-- [ RunTime:0.002244s ]
INFO: [ view_filter ] --START--
INFO: Run ContentReplace Behavior [ RunTime:-0.026314s ]
INFO: Run TokenBuild Behavior [ RunTime:-0.026458s ]
INFO: Run WriteHtmlCache Behavior [ RunTime:-0.026559s ]
INFO: Run ShowRuntime Behavior [ RunTime:-0.026617s ]
INFO: [ view_filter ] --END-- [ RunTime:0.000432s ]
INFO: [ view_end ] --START--
INFO: Run ShowPageTrace Behavior [ RunTime:-0.026801s ]
INFO: [ view_end ] --END-- [ RunTime:0.000101s ]

[ 2018-11-30T13:59:16+08:00 ] 1.255.36.168 /index.php?g=User&m=Vote&a=index
INFO: [ app_begin ] --START--
INFO: Run ReadHtmlCache Behavior [ RunTime:0.000106s ]
INFO: [ app_begin ] --END-- [ RunTime:0.000198s ]
NOTIC: [2] Cannot use a scalar value as an array /var/www/html/vote/31cms/_Core/Lib/Core/Action.class.php 第 209 行.
SQL: SHOW COLUMNS FROM `tp_agent` [ RunTime:0.002031s ]
SQL: SELECT * FROM `tp_agent` WHERE ( `siteurl` = 'http://www.8leyoyo.com' ) LIMIT 1   [ RunTime:0.000503s ]
SQL: SHOW COLUMNS FROM `tp_user_group` [ RunTime:0.001338s ]
SQL: SELECT * FROM `tp_user_group` WHERE ( `id` = 7 ) LIMIT 1   [ RunTime:0.000471s ]
SQL: SHOW COLUMNS FROM `tp_users` [ RunTime:0.001843s ]
SQL: SELECT * FROM `tp_users` WHERE ( `id` = 1 ) LIMIT 1   [ RunTime:0.000637s ]
SQL: SELECT * FROM `tp_users` WHERE ( `id` = 1 ) LIMIT 1   [ RunTime:0.000359s ]
SQL: SHOW COLUMNS FROM `tp_wxuser` [ RunTime:0.001549s ]
SQL: SELECT `wxname`,`weixin`,`wxid`,`headerpic` FROM `tp_wxuser` WHERE ( `token` = 'Eioa5C5oj3S32qhH' ) AND ( `uid` = 1 ) LIMIT 1   [ RunTime:0.000460s ]
SQL: SHOW COLUMNS FROM `tp_token_open` [ RunTime:0.001415s ]
SQL: SELECT `queryname` FROM `tp_token_open` WHERE ( `token` = 'Eioa5C5oj3S32qhH' ) LIMIT 1   [ RunTime:0.000389s ]
SQL: SELECT `gid`,`activitynum`,`sum` FROM `tp_users` WHERE ( `id` = 1 ) LIMIT 1   [ RunTime:0.000206s ]
SQL: SELECT * FROM `tp_user_group` WHERE ( `id` = 7 ) LIMIT 1   [ RunTime:0.000226s ]
SQL: SHOW COLUMNS FROM `tp_vote` [ RunTime:0.001162s ]
SQL: SELECT * FROM `tp_vote` WHERE ( `token` = 'Eioa5C5oj3S32qhH' ) ORDER BY id DESC  [ RunTime:0.000702s ]
SQL: SHOW COLUMNS FROM `tp_vote_item` [ RunTime:0.001011s ]
SQL: SELECT COUNT(*) AS tp_count FROM `tp_vote_item` WHERE ( `vid` = 16 ) AND ( `status` > 0 ) LIMIT 1   [ RunTime:0.000363s ]
SQL: SELECT COUNT(*) AS tp_count FROM `tp_vote_item` WHERE ( `vid` = 15 ) AND ( `status` > 0 ) LIMIT 1   [ RunTime:0.000174s ]
SQL: SELECT COUNT(*) AS tp_count FROM `tp_vote_item` WHERE ( `vid` = 14 ) AND ( `status` > 0 ) LIMIT 1   [ RunTime:0.000181s ]
SQL: SELECT COUNT(*) AS tp_count FROM `tp_vote_item` WHERE ( `vid` = 13 ) AND ( `status` > 0 ) LIMIT 1   [ RunTime:0.000147s ]
SQL: SELECT COUNT(*) AS tp_count FROM `tp_vote_item` WHERE ( `vid` = 12 ) AND ( `status` > 0 ) LIMIT 1   [ RunTime:0.000150s ]
SQL: SELECT COUNT(*) AS tp_count FROM `tp_vote_item` WHERE ( `vid` = 11 ) AND ( `status` > 0 ) LIMIT 1   [ RunTime:0.000168s ]
SQL: SELECT COUNT(*) AS tp_count FROM `tp_vote_item` WHERE ( `vid` = 9 ) AND ( `status` > 0 ) LIMIT 1   [ RunTime:0.000148s ]
SQL: SELECT COUNT(*) AS tp_count FROM `tp_vote` WHERE ( `token` = 'Eioa5C5oj3S32qhH' ) LIMIT 1   [ RunTime:0.000246s ]
INFO: [ view_template ] --START--
INFO: Run LocationTemplate Behavior [ RunTime:-0.026007s ]
INFO: [ view_template ] --END-- [ RunTime:0.000129s ]
INFO: [ view_parse ] --START--
NOTIC: [8] Undefined variable: ok /var/www/html/vote/Data/logs/Cache/User/f70321ef24e437eb7147c67ab8f0460a.php 第 165 行.
NOTIC: [8] Undefined index: id /var/www/html/vote/Data/logs/Cache/User/f70321ef24e437eb7147c67ab8f0460a.php 第 180 行.
INFO: Run ParseTemplate Behavior [ RunTime:-0.026190s ]
INFO: [ view_parse ] --END-- [ RunTime:0.008819s ]
INFO: [ view_filter ] --START--
INFO: Run ContentReplace Behavior [ RunTime:-0.035053s ]
INFO: Run TokenBuild Behavior [ RunTime:-0.035249s ]
INFO: Run WriteHtmlCache Behavior [ RunTime:-0.035405s ]
INFO: Run ShowRuntime Behavior [ RunTime:-0.035446s ]
INFO: [ view_filter ] --END-- [ RunTime:0.000501s ]
INFO: [ view_end ] --START--
INFO: Run ShowPageTrace Behavior [ RunTime:-0.035611s ]
INFO: [ view_end ] --END-- [ RunTime:0.000073s ]

[ 2018-11-30T13:59:26+08:00 ] 1.255.36.168 /index.php?g=User&m=Vote&a=add&type=img
INFO: [ app_begin ] --START--
INFO: Run ReadHtmlCache Behavior [ RunTime:0.000139s ]
INFO: [ app_begin ] --END-- [ RunTime:0.000232s ]
NOTIC: [2] Cannot use a scalar value as an array /var/www/html/vote/31cms/_Core/Lib/Core/Action.class.php 第 209 行.
SQL: SHOW COLUMNS FROM `tp_agent` [ RunTime:0.002065s ]
SQL: SELECT * FROM `tp_agent` WHERE ( `siteurl` = 'http://www.8leyoyo.com' ) LIMIT 1   [ RunTime:0.000397s ]
SQL: SHOW COLUMNS FROM `tp_user_group` [ RunTime:0.001019s ]
SQL: SELECT * FROM `tp_user_group` WHERE ( `id` = 7 ) LIMIT 1   [ RunTime:0.000384s ]
SQL: SHOW COLUMNS FROM `tp_users` [ RunTime:0.001352s ]
SQL: SELECT * FROM `tp_users` WHERE ( `id` = 1 ) LIMIT 1   [ RunTime:0.000527s ]
SQL: SELECT * FROM `tp_users` WHERE ( `id` = 1 ) LIMIT 1   [ RunTime:0.000258s ]
SQL: SHOW COLUMNS FROM `tp_wxuser` [ RunTime:0.001189s ]
SQL: SELECT `wxname`,`weixin`,`wxid`,`headerpic` FROM `tp_wxuser` WHERE ( `token` = 'Eioa5C5oj3S32qhH' ) AND ( `uid` = 1 ) LIMIT 1   [ RunTime:0.000416s ]
SQL: SHOW COLUMNS FROM `tp_token_open` [ RunTime:0.000859s ]
SQL: SELECT `queryname` FROM `tp_token_open` WHERE ( `token` = 'Eioa5C5oj3S32qhH' ) LIMIT 1   [ RunTime:0.000355s ]
SQL: SELECT `sum` FROM `tp_users` WHERE ( `id` = 1 ) LIMIT 1   [ RunTime:0.000215s ]
SQL: SHOW COLUMNS FROM `tp_vote` [ RunTime:0.001390s ]
SQL: SELECT COUNT(*) AS tp_count FROM `tp_vote` WHERE ( `token` = 'Eioa5C5oj3S32qhH' ) LIMIT 1   [ RunTime:0.000424s ]
INFO: [ view_template ] --START--
INFO: Run LocationTemplate Behavior [ RunTime:-0.018749s ]
INFO: [ view_template ] --END-- [ RunTime:0.000110s ]
INFO: [ view_parse ] --START--
NOTIC: [8] Undefined index: type /var/www/html/vote/Data/logs/Cache/User/06910c565e1450d396eed27237367a2f.php 第 166 行.
NOTIC: [8] Undefined index: type /var/www/html/vote/Data/logs/Cache/User/06910c565e1450d396eed27237367a2f.php 第 171 行.
NOTIC: [8] Undefined index: id /var/www/html/vote/Data/logs/Cache/User/06910c565e1450d396eed27237367a2f.php 第 175 行.
NOTIC: [8] Undefined index: moban /var/www/html/vote/Data/logs/Cache/User/06910c565e1450d396eed27237367a2f.php 第 181 行.
NOTIC: [8] Undefined index: moban /var/www/html/vote/Data/logs/Cache/User/06910c565e1450d396eed27237367a2f.php 第 182 行.
NOTIC: [8] Undefined index: moban /var/www/html/vote/Data/logs/Cache/User/06910c565e1450d396eed27237367a2f.php 第 183 行.
NOTIC: [8] Undefined index: moban /var/www/html/vote/Data/logs/Cache/User/06910c565e1450d396eed27237367a2f.php 第 184 行.
NOTIC: [8] Undefined index: moban /var/www/html/vote/Data/logs/Cache/User/06910c565e1450d396eed27237367a2f.php 第 185 行.
NOTIC: [8] Undefined index: moban /var/www/html/vote/Data/logs/Cache/User/06910c565e1450d396eed27237367a2f.php 第 186 行.
NOTIC: [8] Undefined index: moban /var/www/html/vote/Data/logs/Cache/User/06910c565e1450d396eed27237367a2f.php 第 187 行.
NOTIC: [8] Undefined index: keyword /var/www/html/vote/Data/logs/Cache/User/06910c565e1450d396eed27237367a2f.php 第 196 行.
NOTIC: [8] Undefined index: title /var/www/html/vote/Data/logs/Cache/User/06910c565e1450d396eed27237367a2f.php 第 200 行.
NOTIC: [8] Undefined variable: guanggao /var/www/html/vote/Data/logs/Cache/User/06910c565e1450d396eed27237367a2f.php 第 203 行.
NOTIC: [8] Undefined index: picurl_guanggao /var/www/html/vote/Data/logs/Cache/User/06910c565e1450d396eed27237367a2f.php 第 217 行.
NOTIC: [8] Undefined index: fxms /var/www/html/vote/Data/logs/Cache/User/06910c565e1450d396eed27237367a2f.php 第 226 行.
NOTIC: [8] Undefined index: wappicurl /var/www/html/vote/Data/logs/Cache/User/06910c565e1450d396eed27237367a2f.php 第 232 行.
NOTIC: [8] Undefined index: ydgzts /var/www/html/vote/Data/logs/Cache/User/06910c565e1450d396eed27237367a2f.php 第 238 行.
NOTIC: [8] Undefined index: wxgzurl /var/www/html/vote/Data/logs/Cache/User/06910c565e1450d396eed27237367a2f.php 第 242 行.
NOTIC: [8] Undefined index: tpnub /var/www/html/vote/Data/logs/Cache/User/06910c565e1450d396eed27237367a2f.php 第 247 行.
NOTIC: [8] Undefined index: ipnubs /var/www/html/vote/Data/logs/Cache/User/06910c565e1450d396eed27237367a2f.php 第 252 行.
NOTIC: [8] Undefined index: btcdxz /var/www/html/vote/Data/logs/Cache/User/06910c565e1450d396eed27237367a2f.php 第 256 行.
NOTIC: [8] Undefined index: shumat /var/www/html/vote/Data/logs/Cache/User/06910c565e1450d396eed27237367a2f.php 第 274 行.
NOTIC: [8] Undefined index: shuma /var/www/html/vote/Data/logs/Cache/User/06910c565e1450d396eed27237367a2f.php 第 278 行.
NOTIC: [8] Undefined index: shumbt /var/www/html/vote/Data/logs/Cache/User/06910c565e1450d396eed27237367a2f.php 第 284 行.
NOTIC: [8] Undefined index: shumb /var/www/html/vote/Data/logs/Cache/User/06910c565e1450d396eed27237367a2f.php 第 288 行.
NOTIC: [8] Undefined index: shumct /var/www/html/vote/Data/logs/Cache/User/06910c565e1450d396eed27237367a2f.php 第 294 行.
NOTIC: [8] Undefined index: shumc /var/www/html/vote/Data/logs/Cache/User/06910c565e1450d396eed27237367a2f.php 第 298 行.
NOTIC: [8] Undefined index: xncheck /var/www/html/vote/Data/logs/Cache/User/06910c565e1450d396eed27237367a2f.php 第 304 行.
NOTIC: [8] Undefined index: xntps /var/www/html/vote/Data/logs/Cache/User/06910c565e1450d396eed27237367a2f.php 第 308 行.
NOTIC: [8] Undefined index: xnbms /var/www/html/vote/Data/logs/Cache/User/06910c565e1450d396eed27237367a2f.php 第 312 行.
NOTIC: [8] Undefined index: cnzz /var/www/html/vote/Data/logs/Cache/User/06910c565e1450d396eed27237367a2f.php 第 321 行.
NOTIC: [8] Undefined index: music /var/www/html/vote/Data/logs/Cache/User/06910c565e1450d396eed27237367a2f.php 第 326 行.
NOTIC: [8] Undefined index: gonggao /var/www/html/vote/Data/logs/Cache/User/06910c565e1450d396eed27237367a2f.php 第 330 行.
NOTIC: [8] Undefined index: sms_content /var/www/html/vote/Data/logs/Cache/User/06910c565e1450d396eed27237367a2f.php 第 335 行.
NOTIC: [8] Undefined index: picurl_guanggao /var/www/html/vote/Data/logs/Cache/User/06910c565e1450d396eed27237367a2f.php 第 344 行.
NOTIC: [8] Undefined index: cknums /var/www/html/vote/Data/logs/Cache/User/06910c565e1450d396eed27237367a2f.php 第 476 行.
NOTIC: [8] Undefined index: cknums /var/www/html/vote/Data/logs/Cache/User/06910c565e1450d396eed27237367a2f.php 第 477 行.
NOTIC: [8] Undefined index: votelimit /var/www/html/vote/Data/logs/Cache/User/06910c565e1450d396eed27237367a2f.php 第 488 行.
NOTIC: [8] Undefined index: is_sendsms /var/www/html/vote/Data/logs/Cache/User/06910c565e1450d396eed27237367a2f.php 第 498 行.
NOTIC: [8] Undefined index: is_sendsms /var/www/html/vote/Data/logs/Cache/User/06910c565e1450d396eed27237367a2f.php 第 503 行.
NOTIC: [8] Undefined index: is_sh /var/www/html/vote/Data/logs/Cache/User/06910c565e1450d396eed27237367a2f.php 第 509 行.
NOTIC: [8] Undefined index: is_sh /var/www/html/vote/Data/logs/Cache/User/06910c565e1450d396eed27237367a2f.php 第 514 行.
INFO: Run ParseTemplate Behavior [ RunTime:-0.018889s ]
INFO: [ view_parse ] --END-- [ RunTime:0.012313s ]
INFO: [ view_filter ] --START--
INFO: Run ContentReplace Behavior [ RunTime:-0.031246s ]
INFO: Run TokenBuild Behavior [ RunTime:-0.031403s ]
INFO: Run WriteHtmlCache Behavior [ RunTime:-0.031685s ]
INFO: Run ShowRuntime Behavior [ RunTime:-0.031740s ]
INFO: [ view_filter ] --END-- [ RunTime:0.000608s ]
INFO: [ view_end ] --START--
INFO: Run ShowPageTrace Behavior [ RunTime:-0.031909s ]
INFO: [ view_end ] --END-- [ RunTime:0.000079s ]

[ 2018-11-30T13:59:47+08:00 ] 1.255.36.168 /index.php?g=User&m=Upyun&a=upload&token=Eioa5C5oj3S32qhH&width=700
INFO: [ app_begin ] --START--
INFO: Run ReadHtmlCache Behavior [ RunTime:0.000115s ]
INFO: [ app_begin ] --END-- [ RunTime:0.000192s ]
NOTIC: [2] Cannot use a scalar value as an array /var/www/html/vote/31cms/_Core/Lib/Core/Action.class.php 第 209 行.
SQL: SHOW COLUMNS FROM `tp_agent` [ RunTime:0.002099s ]
SQL: SELECT * FROM `tp_agent` WHERE ( `siteurl` = 'http://www.8leyoyo.com' ) LIMIT 1   [ RunTime:0.000356s ]
SQL: SHOW COLUMNS FROM `tp_user_group` [ RunTime:0.000983s ]
SQL: SELECT * FROM `tp_user_group` WHERE ( `id` = 7 ) LIMIT 1   [ RunTime:0.000454s ]
SQL: SHOW COLUMNS FROM `tp_users` [ RunTime:0.001459s ]
SQL: SELECT * FROM `tp_users` WHERE ( `id` = 1 ) LIMIT 1   [ RunTime:0.000571s ]
SQL: SELECT * FROM `tp_users` WHERE ( `id` = 1 ) LIMIT 1   [ RunTime:0.000282s ]
SQL: SHOW COLUMNS FROM `tp_wxuser` [ RunTime:0.001269s ]
SQL: SELECT `wxname`,`weixin`,`wxid`,`headerpic` FROM `tp_wxuser` WHERE ( `token` = 'Eioa5C5oj3S32qhH' ) AND ( `uid` = 1 ) LIMIT 1   [ RunTime:0.000452s ]
SQL: SHOW COLUMNS FROM `tp_token_open` [ RunTime:0.000856s ]
SQL: SELECT `queryname` FROM `tp_token_open` WHERE ( `token` = 'Eioa5C5oj3S32qhH' ) LIMIT 1   [ RunTime:0.000328s ]
INFO: [ view_template ] --START--
INFO: Run LocationTemplate Behavior [ RunTime:-0.020546s ]
INFO: [ view_template ] --END-- [ RunTime:0.000166s ]
INFO: [ view_parse ] --START--
NOTIC: [8] Undefined variable: apikey /var/www/html/vote/Data/logs/Cache/User/98b8848b68e15d866cd61a62155341bf.php 第 11 行.
INFO: Run ParseTemplate Behavior [ RunTime:-0.020731s ]
INFO: [ view_parse ] --END-- [ RunTime:0.002229s ]
INFO: [ view_filter ] --START--
INFO: Run ContentReplace Behavior [ RunTime:-0.022994s ]
INFO: Run TokenBuild Behavior [ RunTime:-0.023086s ]
INFO: Run WriteHtmlCache Behavior [ RunTime:-0.023188s ]
INFO: Run ShowRuntime Behavior [ RunTime:-0.023234s ]
INFO: [ view_filter ] --END-- [ RunTime:0.000331s ]
INFO: [ view_end ] --START--
INFO: Run ShowPageTrace Behavior [ RunTime:-0.023369s ]
INFO: [ view_end ] --END-- [ RunTime:0.000094s ]

[ 2018-11-30T14:00:09+08:00 ] 1.255.36.168 /index.php?g=User&m=Upyun&a=upload&token=Eioa5C5oj3S32qhH&width=700
INFO: [ app_begin ] --START--
INFO: Run ReadHtmlCache Behavior [ RunTime:0.000116s ]
INFO: [ app_begin ] --END-- [ RunTime:0.000234s ]
NOTIC: [2] Cannot use a scalar value as an array /var/www/html/vote/31cms/_Core/Lib/Core/Action.class.php 第 209 行.
SQL: SHOW COLUMNS FROM `tp_agent` [ RunTime:0.002942s ]
SQL: SELECT * FROM `tp_agent` WHERE ( `siteurl` = 'http://www.8leyoyo.com' ) LIMIT 1   [ RunTime:0.000409s ]
SQL: SHOW COLUMNS FROM `tp_user_group` [ RunTime:0.001003s ]
SQL: SELECT * FROM `tp_user_group` WHERE ( `id` = 7 ) LIMIT 1   [ RunTime:0.000340s ]
SQL: SHOW COLUMNS FROM `tp_users` [ RunTime:0.001399s ]
SQL: SELECT * FROM `tp_users` WHERE ( `id` = 1 ) LIMIT 1   [ RunTime:0.000489s ]
SQL: SELECT * FROM `tp_users` WHERE ( `id` = 1 ) LIMIT 1   [ RunTime:0.000276s ]
SQL: SHOW COLUMNS FROM `tp_wxuser` [ RunTime:0.001042s ]
SQL: SELECT `wxname`,`weixin`,`wxid`,`headerpic` FROM `tp_wxuser` WHERE ( `token` = 'Eioa5C5oj3S32qhH' ) AND ( `uid` = 1 ) LIMIT 1   [ RunTime:0.000328s ]
SQL: SHOW COLUMNS FROM `tp_token_open` [ RunTime:0.000729s ]
SQL: SELECT `queryname` FROM `tp_token_open` WHERE ( `token` = 'Eioa5C5oj3S32qhH' ) LIMIT 1   [ RunTime:0.000259s ]
NOTIC: [2] md5_file(./uploads/E/Eioa5C5oj3S32qhH/a/f/6/8/5c00d1e988a66.png): failed to open stream: No such file or directory /var/www/html/vote/31cms/Lib/ORG/UploadFile.class.php 第 197 行.
SQL: UPDATE `tp_users` SET `attachmentsize`=attachmentsize+18921 WHERE ( `id` = null ) [ RunTime:0.000465s ]
SQL: SHOW COLUMNS FROM `tp_files` [ RunTime:0.001105s ]
SQL: INSERT INTO `tp_files` (`token`,`size`,`time`,`type`,`url`) VALUES ('Eioa5C5oj3S32qhH',18921,1543557609,'png','http://www.8leyoyo.com/uploads/E/Eioa5C5oj3S32qhH/a/f/6/8/thumb_5c00d1e988a66.png') [ RunTime:0.000404s ]

[ 2018-11-30T14:00:09+08:00 ] 1.255.36.168 /index.php?g=User&m=Upyun&a=upload&error=0&msg=http://www.8leyoyo.com/uploads/E/Eioa5C5oj3S32qhH/a/f/6/8/thumb_5c00d1e988a66.png
INFO: [ app_begin ] --START--
INFO: Run ReadHtmlCache Behavior [ RunTime:0.000109s ]
INFO: [ app_begin ] --END-- [ RunTime:0.000208s ]
NOTIC: [2] Cannot use a scalar value as an array /var/www/html/vote/31cms/_Core/Lib/Core/Action.class.php 第 209 行.
SQL: SHOW COLUMNS FROM `tp_agent` [ RunTime:0.001898s ]
SQL: SELECT * FROM `tp_agent` WHERE ( `siteurl` = 'http://www.8leyoyo.com' ) LIMIT 1   [ RunTime:0.000527s ]
SQL: SHOW COLUMNS FROM `tp_user_group` [ RunTime:0.001082s ]
SQL: SELECT * FROM `tp_user_group` WHERE ( `id` = 7 ) LIMIT 1   [ RunTime:0.000482s ]
SQL: SHOW COLUMNS FROM `tp_users` [ RunTime:0.002378s ]
SQL: SELECT * FROM `tp_users` WHERE ( `id` = 1 ) LIMIT 1   [ RunTime:0.000958s ]
SQL: SELECT * FROM `tp_users` WHERE ( `id` = 1 ) LIMIT 1   [ RunTime:0.000593s ]
SQL: SHOW COLUMNS FROM `tp_wxuser` [ RunTime:0.001693s ]
SQL: SELECT `wxname`,`weixin`,`wxid`,`headerpic` FROM `tp_wxuser` WHERE ( `token` = 'Eioa5C5oj3S32qhH' ) AND ( `uid` = 1 ) LIMIT 1   [ RunTime:0.000574s ]
SQL: SHOW COLUMNS FROM `tp_token_open` [ RunTime:0.001187s ]
SQL: SELECT `queryname` FROM `tp_token_open` WHERE ( `token` = 'Eioa5C5oj3S32qhH' ) LIMIT 1   [ RunTime:0.000445s ]
INFO: [ view_template ] --START--
INFO: Run LocationTemplate Behavior [ RunTime:-0.019285s ]
INFO: [ view_template ] --END-- [ RunTime:0.000174s ]
INFO: [ view_parse ] --START--
NOTIC: [8] Undefined variable: apikey /var/www/html/vote/Data/logs/Cache/User/98b8848b68e15d866cd61a62155341bf.php 第 11 行.
INFO: Run ParseTemplate Behavior [ RunTime:-0.019518s ]
INFO: [ view_parse ] --END-- [ RunTime:0.002410s ]
INFO: [ view_filter ] --START--
INFO: Run ContentReplace Behavior [ RunTime:-0.021972s ]
INFO: Run TokenBuild Behavior [ RunTime:-0.022096s ]
INFO: Run WriteHtmlCache Behavior [ RunTime:-0.022210s ]
INFO: Run ShowRuntime Behavior [ RunTime:-0.022276s ]
INFO: [ view_filter ] --END-- [ RunTime:0.000454s ]
INFO: [ view_end ] --START--
INFO: Run ShowPageTrace Behavior [ RunTime:-0.022503s ]
INFO: [ view_end ] --END-- [ RunTime:0.000122s ]

[ 2018-11-30T14:01:27+08:00 ] 69.71.76.109 /
INFO: [ app_begin ] --START--
INFO: Run ReadHtmlCache Behavior [ RunTime:0.000165s ]
INFO: [ app_begin ] --END-- [ RunTime:0.000312s ]
NOTIC: [2048] Declaration of IndexAction::show() should be compatible with Action::show($content, $charset = '', $contentType = '') /var/www/html/vote/31cms/Lib/Action/Home/IndexAction.class.php 第 4 行.
NOTIC: [2] Cannot use a scalar value as an array /var/www/html/vote/31cms/_Core/Lib/Core/Action.class.php 第 209 行.
SQL: SHOW COLUMNS FROM `tp_agent` [ RunTime:0.004469s ]
SQL: SELECT * FROM `tp_agent` WHERE ( `siteurl` = 'http://45.77.45.47:80' ) LIMIT 1   [ RunTime:0.000583s ]
INFO: [ view_template ] --START--
INFO: Run LocationTemplate Behavior [ RunTime:-0.014107s ]
INFO: [ view_template ] --END-- [ RunTime:0.000172s ]
INFO: [ view_parse ] --START--
INFO: Run ParseTemplate Behavior [ RunTime:-0.014321s ]
INFO: [ view_parse ] --END-- [ RunTime:0.002452s ]
INFO: [ view_filter ] --START--
INFO: Run ContentReplace Behavior [ RunTime:-0.016812s ]
INFO: Run TokenBuild Behavior [ RunTime:-0.016963s ]
INFO: Run WriteHtmlCache Behavior [ RunTime:-0.017107s ]
INFO: Run ShowRuntime Behavior [ RunTime:-0.017165s ]
INFO: [ view_filter ] --END-- [ RunTime:0.000482s ]
INFO: [ view_end ] --START--
INFO: Run ShowPageTrace Behavior [ RunTime:-0.017354s ]
INFO: [ view_end ] --END-- [ RunTime:0.000103s ]

[ 2018-11-30T14:01:33+08:00 ] 43.231.229.11 /index.php?g=User&m=Upyun&a=upload&token=Eioa5C5oj3S32qhH&width=700
INFO: [ app_begin ] --START--
INFO: Run ReadHtmlCache Behavior [ RunTime:0.000134s ]
INFO: [ app_begin ] --END-- [ RunTime:0.000246s ]
NOTIC: [2] Cannot use a scalar value as an array /var/www/html/vote/31cms/_Core/Lib/Core/Action.class.php 第 209 行.
SQL: SHOW COLUMNS FROM `tp_agent` [ RunTime:0.002588s ]
SQL: SELECT * FROM `tp_agent` WHERE ( `siteurl` = 'http://www.8leyoyo.com' ) LIMIT 1   [ RunTime:0.000546s ]
SQL: SHOW COLUMNS FROM `tp_user_group` [ RunTime:0.001462s ]
SQL: SELECT * FROM `tp_user_group` WHERE ( `id` = 7 ) LIMIT 1   [ RunTime:0.000771s ]
SQL: SHOW COLUMNS FROM `tp_users` [ RunTime:0.002019s ]
SQL: SELECT * FROM `tp_users` WHERE ( `id` = 1 ) LIMIT 1   [ RunTime:0.000879s ]
SQL: SELECT * FROM `tp_users` WHERE ( `id` = 1 ) LIMIT 1   [ RunTime:0.000408s ]
SQL: SHOW COLUMNS FROM `tp_wxuser` [ RunTime:0.001958s ]
SQL: SELECT `wxname`,`weixin`,`wxid`,`headerpic` FROM `tp_wxuser` WHERE ( `token` = 'Eioa5C5oj3S32qhH' ) AND ( `uid` = 1 ) LIMIT 1   [ RunTime:0.000795s ]
SQL: SHOW COLUMNS FROM `tp_token_open` [ RunTime:0.001519s ]
SQL: SELECT `queryname` FROM `tp_token_open` WHERE ( `token` = 'Eioa5C5oj3S32qhH' ) LIMIT 1   [ RunTime:0.000404s ]
INFO: [ view_template ] --START--
INFO: Run LocationTemplate Behavior [ RunTime:-0.022597s ]
INFO: [ view_template ] --END-- [ RunTime:0.000210s ]
INFO: [ view_parse ] --START--
NOTIC: [8] Undefined variable: apikey /var/www/html/vote/Data/logs/Cache/User/98b8848b68e15d866cd61a62155341bf.php 第 11 行.
INFO: Run ParseTemplate Behavior [ RunTime:-0.022867s ]
INFO: [ view_parse ] --END-- [ RunTime:0.003584s ]
INFO: [ view_filter ] --START--
INFO: Run ContentReplace Behavior [ RunTime:-0.026512s ]
INFO: Run TokenBuild Behavior [ RunTime:-0.026673s ]
INFO: Run WriteHtmlCache Behavior [ RunTime:-0.026857s ]
INFO: Run ShowRuntime Behavior [ RunTime:-0.026942s ]
INFO: [ view_filter ] --END-- [ RunTime:0.000622s ]
INFO: [ view_end ] --START--
INFO: Run ShowPageTrace Behavior [ RunTime:-0.027221s ]
INFO: [ view_end ] --END-- [ RunTime:0.000156s ]

[ 2018-11-30T14:01:44+08:00 ] 43.231.229.11 /index.php?g=User&m=Upyun&a=upload&token=Eioa5C5oj3S32qhH&width=700
INFO: [ app_begin ] --START--
INFO: Run ReadHtmlCache Behavior [ RunTime:0.000130s ]
INFO: [ app_begin ] --END-- [ RunTime:0.000234s ]
NOTIC: [2] Cannot use a scalar value as an array /var/www/html/vote/31cms/_Core/Lib/Core/Action.class.php 第 209 行.
SQL: SHOW COLUMNS FROM `tp_agent` [ RunTime:0.002959s ]
SQL: SELECT * FROM `tp_agent` WHERE ( `siteurl` = 'http://www.8leyoyo.com' ) LIMIT 1   [ RunTime:0.000480s ]
SQL: SHOW COLUMNS FROM `tp_user_group` [ RunTime:0.001268s ]
SQL: SELECT * FROM `tp_user_group` WHERE ( `id` = 7 ) LIMIT 1   [ RunTime:0.000430s ]
SQL: SHOW COLUMNS FROM `tp_users` [ RunTime:0.001818s ]
SQL: SELECT * FROM `tp_users` WHERE ( `id` = 1 ) LIMIT 1   [ RunTime:0.000456s ]
SQL: SELECT * FROM `tp_users` WHERE ( `id` = 1 ) LIMIT 1   [ RunTime:0.000274s ]
SQL: SHOW COLUMNS FROM `tp_wxuser` [ RunTime:0.001334s ]
SQL: SELECT `wxname`,`weixin`,`wxid`,`headerpic` FROM `tp_wxuser` WHERE ( `token` = 'Eioa5C5oj3S32qhH' ) AND ( `uid` = 1 ) LIMIT 1   [ RunTime:0.000592s ]
SQL: SHOW COLUMNS FROM `tp_token_open` [ RunTime:0.001143s ]
SQL: SELECT `queryname` FROM `tp_token_open` WHERE ( `token` = 'Eioa5C5oj3S32qhH' ) LIMIT 1   [ RunTime:0.000318s ]
NOTIC: [2] md5_file(./uploads/E/Eioa5C5oj3S32qhH/8/f/a/7/5c00d248b60bd.png): failed to open stream: No such file or directory /var/www/html/vote/31cms/Lib/ORG/UploadFile.class.php 第 197 行.
SQL: UPDATE `tp_users` SET `attachmentsize`=attachmentsize+179639 WHERE ( `id` = null ) [ RunTime:0.000472s ]
SQL: SHOW COLUMNS FROM `tp_files` [ RunTime:0.001164s ]
SQL: INSERT INTO `tp_files` (`token`,`size`,`time`,`type`,`url`) VALUES ('Eioa5C5oj3S32qhH',179639,1543557704,'png','http://www.8leyoyo.com/uploads/E/Eioa5C5oj3S32qhH/8/f/a/7/thumb_5c00d248b60bd.png') [ RunTime:0.000580s ]

[ 2018-11-30T14:01:44+08:00 ] 43.231.229.11 /index.php?g=User&m=Upyun&a=upload&error=0&msg=http://www.8leyoyo.com/uploads/E/Eioa5C5oj3S32qhH/8/f/a/7/thumb_5c00d248b60bd.png
INFO: [ app_begin ] --START--
INFO: Run ReadHtmlCache Behavior [ RunTime:0.000102s ]
INFO: [ app_begin ] --END-- [ RunTime:0.000173s ]
NOTIC: [2] Cannot use a scalar value as an array /var/www/html/vote/31cms/_Core/Lib/Core/Action.class.php 第 209 行.
SQL: SHOW COLUMNS FROM `tp_agent` [ RunTime:0.001544s ]
SQL: SELECT * FROM `tp_agent` WHERE ( `siteurl` = 'http://www.8leyoyo.com' ) LIMIT 1   [ RunTime:0.000356s ]
SQL: SHOW COLUMNS FROM `tp_user_group` [ RunTime:0.000929s ]
SQL: SELECT * FROM `tp_user_group` WHERE ( `id` = 7 ) LIMIT 1   [ RunTime:0.000289s ]
SQL: SHOW COLUMNS FROM `tp_users` [ RunTime:0.001700s ]
SQL: SELECT * FROM `tp_users` WHERE ( `id` = 1 ) LIMIT 1   [ RunTime:0.000426s ]
SQL: SELECT * FROM `tp_users` WHERE ( `id` = 1 ) LIMIT 1   [ RunTime:0.000262s ]
SQL: SHOW COLUMNS FROM `tp_wxuser` [ RunTime:0.001143s ]
SQL: SELECT `wxname`,`weixin`,`wxid`,`headerpic` FROM `tp_wxuser` WHERE ( `token` = 'Eioa5C5oj3S32qhH' ) AND ( `uid` = 1 ) LIMIT 1   [ RunTime:0.000300s ]
SQL: SHOW COLUMNS FROM `tp_token_open` [ RunTime:0.000763s ]
SQL: SELECT `queryname` FROM `tp_token_open` WHERE ( `token` = 'Eioa5C5oj3S32qhH' ) LIMIT 1   [ RunTime:0.000265s ]
INFO: [ view_template ] --START--
INFO: Run LocationTemplate Behavior [ RunTime:-0.013523s ]
INFO: [ view_template ] --END-- [ RunTime:0.000120s ]
INFO: [ view_parse ] --START--
NOTIC: [8] Undefined variable: apikey /var/www/html/vote/Data/logs/Cache/User/98b8848b68e15d866cd61a62155341bf.php 第 11 行.
INFO: Run ParseTemplate Behavior [ RunTime:-0.013671s ]
INFO: [ view_parse ] --END-- [ RunTime:0.001958s ]
INFO: [ view_filter ] --START--
INFO: Run ContentReplace Behavior [ RunTime:-0.015662s ]
INFO: Run TokenBuild Behavior [ RunTime:-0.015755s ]
INFO: Run WriteHtmlCache Behavior [ RunTime:-0.015830s ]
INFO: Run ShowRuntime Behavior [ RunTime:-0.015872s ]
INFO: [ view_filter ] --END-- [ RunTime:0.000319s ]
INFO: [ view_end ] --START--
INFO: Run ShowPageTrace Behavior [ RunTime:-0.016027s ]
INFO: [ view_end ] --END-- [ RunTime:0.000071s ]

[ 2018-11-30T14:03:04+08:00 ] 43.231.229.11 /index.php?g=User&m=Vote&a=add&type=img
NOTIC: [2] htmlspecialchars() expects parameter 1 to be string, array given /var/www/html/vote/31cms/Common/common.php 第 10 行.
NOTIC: [2] htmlspecialchars() expects parameter 1 to be string, array given /var/www/html/vote/31cms/Common/common.php 第 10 行.
INFO: [ app_begin ] --START--
INFO: Run ReadHtmlCache Behavior [ RunTime:0.000182s ]
INFO: [ app_begin ] --END-- [ RunTime:0.000284s ]
NOTIC: [2] Cannot use a scalar value as an array /var/www/html/vote/31cms/_Core/Lib/Core/Action.class.php 第 209 行.
SQL: SHOW COLUMNS FROM `tp_agent` [ RunTime:0.004302s ]
SQL: SELECT * FROM `tp_agent` WHERE ( `siteurl` = 'http://www.8leyoyo.com' ) LIMIT 1   [ RunTime:0.000598s ]
SQL: SHOW COLUMNS FROM `tp_user_group` [ RunTime:0.001390s ]
SQL: SELECT * FROM `tp_user_group` WHERE ( `id` = 7 ) LIMIT 1   [ RunTime:0.000851s ]
SQL: SHOW COLUMNS FROM `tp_users` [ RunTime:0.001894s ]
SQL: SELECT * FROM `tp_users` WHERE ( `id` = 1 ) LIMIT 1   [ RunTime:0.000770s ]
SQL: SELECT * FROM `tp_users` WHERE ( `id` = 1 ) LIMIT 1   [ RunTime:0.000401s ]
SQL: SHOW COLUMNS FROM `tp_wxuser` [ RunTime:0.001659s ]
SQL: SELECT `wxname`,`weixin`,`wxid`,`headerpic` FROM `tp_wxuser` WHERE ( `token` = 'Eioa5C5oj3S32qhH' ) AND ( `uid` = 1 ) LIMIT 1   [ RunTime:0.000591s ]
SQL: SHOW COLUMNS FROM `tp_token_open` [ RunTime:0.001196s ]
SQL: SELECT `queryname` FROM `tp_token_open` WHERE ( `token` = 'Eioa5C5oj3S32qhH' ) LIMIT 1   [ RunTime:0.000495s ]
NOTIC: [8] Undefined index: add /var/www/html/vote/31cms/Lib/Action/User/VoteAction.class.php 第 278 行.
NOTIC: [2] Invalid argument supplied for foreach() /var/www/html/vote/31cms/Lib/Action/User/VoteAction.class.php 第 280 行.
SQL: SHOW COLUMNS FROM `tp_vote` [ RunTime:0.001480s ]
SQL: SELECT `keyword` FROM `tp_vote` WHERE ( `keyword` = '001' ) AND ( `token` = 'Eioa5C5oj3S32qhH' ) LIMIT 1   [ RunTime:0.000637s ]
SQL: SHOW COLUMNS FROM `tp_vote_item` [ RunTime:0.001738s ]
SQL: SHOW COLUMNS FROM `tp_guanggao` [ RunTime:0.001144s ]
SQL: INSERT INTO `tp_vote` (`token`,`type`,`statdate`,`enddate`,`start_time`,`over_time`,`cknums`,`is_sh`,`is_sendsms`,`xncheck`,`xntps`,`xnbms`,`moban`,`fxms`,`music`,`gonggao`,`wappicurl`,`ydgzts`,`wxgzurl`,`tpnub`,`ipnubs`,`btcdxz`,`shumat`,`shumbt`,`shumct`,`shuma`,`shumb`,`shumc`,`wfbmbz`,`title`,`keyword`,`cnzz`,`sms_content`) VALUES ('Eioa5C5oj3S32qhH','img',1543553940,1551333540,1543553940,1548914340,null,0,0,0,0,0,1,'','','','http://www.8leyoyo.com/uploads/E/Eioa5C5oj3S32qhH/8/f/a/7/thumb_5c00d248b60bd.png','，点击菜单【测试01】，或回复“萌宝”进入活动页面进行投票。','',3,3,0,'测试000001','','','测试000001','','','若在线报名失败，可以将报名信息：姓名+联系方式+描述+宝贝照片（1~5张，至少1张）发给我们：qq:[填写客服qq] ','第一次测试投票功能','001',' ',' ') [ RunTime:0.000731s ]
SQL: INSERT INTO `tp_guanggao` (`vid`,`ggurl`) VALUES (17,'http://www.8leyoyo.com/uploads/E/Eioa5C5oj3S32qhH/a/f/6/8/thumb_5c00d1e988a66.png') [ RunTime:0.000495s ]
SQL: SHOW COLUMNS FROM `tp_keyword` [ RunTime:0.001124s ]
SQL: INSERT INTO `tp_keyword` (`pid`,`module`,`token`,`keyword`) VALUES (17,'Vote','Eioa5C5oj3S32qhH','001') [ RunTime:0.000422s ]
INFO: [ view_template ] --START--
INFO: Run LocationTemplate Behavior [ RunTime:-0.039715s ]
INFO: [ view_template ] --END-- [ RunTime:0.000134s ]
INFO: [ view_parse ] --START--
INFO: Run ParseTemplate Behavior [ RunTime:-0.039893s ]
INFO: [ view_parse ] --END-- [ RunTime:0.002762s ]
INFO: [ view_filter ] --START--
INFO: Run ContentReplace Behavior [ RunTime:-0.042735s ]
INFO: Run TokenBuild Behavior [ RunTime:-0.042918s ]
INFO: Run WriteHtmlCache Behavior [ RunTime:-0.043062s ]
INFO: Run ShowRuntime Behavior [ RunTime:-0.043145s ]
INFO: [ view_filter ] --END-- [ RunTime:0.000603s ]
INFO: [ view_end ] --START--
INFO: Run ShowPageTrace Behavior [ RunTime:-0.043425s ]
INFO: [ view_end ] --END-- [ RunTime:0.000151s ]

[ 2018-11-30T14:03:05+08:00 ] 43.231.229.11 /index.php?g=User&m=Vote&a=index&token=Eioa5C5oj3S32qhH
INFO: [ app_begin ] --START--
INFO: Run ReadHtmlCache Behavior [ RunTime:0.000090s ]
INFO: [ app_begin ] --END-- [ RunTime:0.000178s ]
NOTIC: [2] Cannot use a scalar value as an array /var/www/html/vote/31cms/_Core/Lib/Core/Action.class.php 第 209 行.
SQL: SHOW COLUMNS FROM `tp_agent` [ RunTime:0.001764s ]
SQL: SELECT * FROM `tp_agent` WHERE ( `siteurl` = 'http://www.8leyoyo.com' ) LIMIT 1   [ RunTime:0.000535s ]
SQL: SHOW COLUMNS FROM `tp_user_group` [ RunTime:0.001220s ]
SQL: SELECT * FROM `tp_user_group` WHERE ( `id` = 7 ) LIMIT 1   [ RunTime:0.000377s ]
SQL: SHOW COLUMNS FROM `tp_users` [ RunTime:0.002080s ]
SQL: SELECT * FROM `tp_users` WHERE ( `id` = 1 ) LIMIT 1   [ RunTime:0.000509s ]
SQL: SELECT * FROM `tp_users` WHERE ( `id` = 1 ) LIMIT 1   [ RunTime:0.000258s ]
SQL: SHOW COLUMNS FROM `tp_wxuser` [ RunTime:0.001180s ]
SQL: SELECT `wxname`,`weixin`,`wxid`,`headerpic` FROM `tp_wxuser` WHERE ( `token` = 'Eioa5C5oj3S32qhH' ) AND ( `uid` = 1 ) LIMIT 1   [ RunTime:0.000474s ]
SQL: SHOW COLUMNS FROM `tp_token_open` [ RunTime:0.001049s ]
SQL: SELECT `queryname` FROM `tp_token_open` WHERE ( `token` = 'Eioa5C5oj3S32qhH' ) LIMIT 1   [ RunTime:0.000273s ]
SQL: SELECT `gid`,`activitynum`,`sum` FROM `tp_users` WHERE ( `id` = 1 ) LIMIT 1   [ RunTime:0.000230s ]
SQL: SELECT * FROM `tp_user_group` WHERE ( `id` = 7 ) LIMIT 1   [ RunTime:0.000235s ]
SQL: SHOW COLUMNS FROM `tp_vote` [ RunTime:0.001202s ]
SQL: SELECT * FROM `tp_vote` WHERE ( `token` = 'Eioa5C5oj3S32qhH' ) ORDER BY id DESC  [ RunTime:0.000709s ]
SQL: SHOW COLUMNS FROM `tp_vote_item` [ RunTime:0.000919s ]
SQL: SELECT COUNT(*) AS tp_count FROM `tp_vote_item` WHERE ( `vid` = 17 ) AND ( `status` > 0 ) LIMIT 1   [ RunTime:0.000440s ]
SQL: SELECT COUNT(*) AS tp_count FROM `tp_vote_item` WHERE ( `vid` = 16 ) AND ( `status` > 0 ) LIMIT 1   [ RunTime:0.000186s ]
SQL: SELECT COUNT(*) AS tp_count FROM `tp_vote_item` WHERE ( `vid` = 15 ) AND ( `status` > 0 ) LIMIT 1   [ RunTime:0.000158s ]
SQL: SELECT COUNT(*) AS tp_count FROM `tp_vote_item` WHERE ( `vid` = 14 ) AND ( `status` > 0 ) LIMIT 1   [ RunTime:0.000170s ]
SQL: SELECT COUNT(*) AS tp_count FROM `tp_vote_item` WHERE ( `vid` = 13 ) AND ( `status` > 0 ) LIMIT 1   [ RunTime:0.000242s ]
SQL: SELECT COUNT(*) AS tp_count FROM `tp_vote_item` WHERE ( `vid` = 12 ) AND ( `status` > 0 ) LIMIT 1   [ RunTime:0.000215s ]
SQL: SELECT COUNT(*) AS tp_count FROM `tp_vote_item` WHERE ( `vid` = 11 ) AND ( `status` > 0 ) LIMIT 1   [ RunTime:0.000171s ]
SQL: SELECT COUNT(*) AS tp_count FROM `tp_vote_item` WHERE ( `vid` = 9 ) AND ( `status` > 0 ) LIMIT 1   [ RunTime:0.000164s ]
SQL: SELECT COUNT(*) AS tp_count FROM `tp_vote` WHERE ( `token` = 'Eioa5C5oj3S32qhH' ) LIMIT 1   [ RunTime:0.000259s ]
INFO: [ view_template ] --START--
INFO: Run LocationTemplate Behavior [ RunTime:-0.024420s ]
INFO: [ view_template ] --END-- [ RunTime:0.000125s ]
INFO: [ view_parse ] --START--
NOTIC: [8] Undefined variable: ok /var/www/html/vote/Data/logs/Cache/User/f70321ef24e437eb7147c67ab8f0460a.php 第 165 行.
NOTIC: [8] Undefined index: id /var/www/html/vote/Data/logs/Cache/User/f70321ef24e437eb7147c67ab8f0460a.php 第 180 行.
INFO: Run ParseTemplate Behavior [ RunTime:-0.024580s ]
INFO: [ view_parse ] --END-- [ RunTime:0.008876s ]
INFO: [ view_filter ] --START--
INFO: Run ContentReplace Behavior [ RunTime:-0.033491s ]
INFO: Run TokenBuild Behavior [ RunTime:-0.033651s ]
INFO: Run WriteHtmlCache Behavior [ RunTime:-0.033845s ]
INFO: Run ShowRuntime Behavior [ RunTime:-0.033899s ]
INFO: [ view_filter ] --END-- [ RunTime:0.000507s ]
INFO: [ view_end ] --START--
INFO: Run ShowPageTrace Behavior [ RunTime:-0.034074s ]
INFO: [ view_end ] --END-- [ RunTime:0.000077s ]

[ 2018-11-30T14:03:36+08:00 ] 43.231.229.11 /index.php?g=User&m=Vote&a=eitem&token=Eioa5C5oj3S32qhH&id=16
INFO: [ app_begin ] --START--
INFO: Run ReadHtmlCache Behavior [ RunTime:0.000091s ]
INFO: [ app_begin ] --END-- [ RunTime:0.000159s ]
NOTIC: [2] Cannot use a scalar value as an array /var/www/html/vote/31cms/_Core/Lib/Core/Action.class.php 第 209 行.
SQL: SHOW COLUMNS FROM `tp_agent` [ RunTime:0.002070s ]
SQL: SELECT * FROM `tp_agent` WHERE ( `siteurl` = 'http://www.8leyoyo.com' ) LIMIT 1   [ RunTime:0.000429s ]
SQL: SHOW COLUMNS FROM `tp_user_group` [ RunTime:0.001080s ]
SQL: SELECT * FROM `tp_user_group` WHERE ( `id` = 7 ) LIMIT 1   [ RunTime:0.000353s ]
SQL: SHOW COLUMNS FROM `tp_users` [ RunTime:0.001333s ]
SQL: SELECT * FROM `tp_users` WHERE ( `id` = 1 ) LIMIT 1   [ RunTime:0.000470s ]
SQL: SELECT * FROM `tp_users` WHERE ( `id` = 1 ) LIMIT 1   [ RunTime:0.000266s ]
SQL: SHOW COLUMNS FROM `tp_wxuser` [ RunTime:0.001139s ]
SQL: SELECT `wxname`,`weixin`,`wxid`,`headerpic` FROM `tp_wxuser` WHERE ( `token` = 'Eioa5C5oj3S32qhH' ) AND ( `uid` = 1 ) LIMIT 1   [ RunTime:0.000325s ]
SQL: SHOW COLUMNS FROM `tp_token_open` [ RunTime:0.000831s ]
SQL: SELECT `queryname` FROM `tp_token_open` WHERE ( `token` = 'Eioa5C5oj3S32qhH' ) LIMIT 1   [ RunTime:0.000264s ]
SQL: SHOW COLUMNS FROM `tp_vote_item` [ RunTime:0.000903s ]
SQL: SELECT COUNT(*) AS tp_count FROM `tp_vote_item` WHERE ( `vid` = 16 ) AND ( `status` > 0 ) LIMIT 1   [ RunTime:0.000367s ]
SQL: SELECT * FROM `tp_vote_item` WHERE ( `vid` = 16 ) AND ( `status` > 0 ) ORDER BY vcount desc LIMIT 0,20   [ RunTime:0.000237s ]
INFO: [ view_template ] --START--
INFO: Run LocationTemplate Behavior [ RunTime:-0.018702s ]
INFO: [ view_template ] --END-- [ RunTime:0.000106s ]
INFO: [ view_parse ] --START--
INFO: Run ParseTemplate Behavior [ RunTime:-0.018863s ]
INFO: [ view_parse ] --END-- [ RunTime:0.007997s ]
INFO: [ view_filter ] --START--
INFO: Run ContentReplace Behavior [ RunTime:-0.026897s ]
INFO: Run TokenBuild Behavior [ RunTime:-0.027041s ]
INFO: Run WriteHtmlCache Behavior [ RunTime:-0.027241s ]
INFO: Run ShowRuntime Behavior [ RunTime:-0.027316s ]
INFO: [ view_filter ] --END-- [ RunTime:0.000595s ]
INFO: [ view_end ] --START--
INFO: Run ShowPageTrace Behavior [ RunTime:-0.027557s ]
INFO: [ view_end ] --END-- [ RunTime:0.000089s ]

[ 2018-11-30T14:04:01+08:00 ] ERR: (ThinkException) You have an error in your SQL syntax; check the manual that corresponds to your MySQL server version for the right syntax to use near 'DESC' at line 1
 [ SQL语句 ] : SELECT * FROM `tp_vote_item` WHERE ( `vid` = 16 ) AND ( `status` = 1 ) ORDER BY rank DESC 
[ 2018-11-30T14:04:23+08:00 ] ERR: (ThinkException) You have an error in your SQL syntax; check the manual that corresponds to your MySQL server version for the right syntax to use near 'DESC' at line 1
 [ SQL语句 ] : SELECT * FROM `tp_vote_item` WHERE ( `vid` = 14 ) AND ( `status` = 1 ) ORDER BY rank DESC 
[ 2018-11-30T14:10:03+08:00 ] ERR: (ThinkException) You have an error in your SQL syntax; check the manual that corresponds to your MySQL server version for the right syntax to use near 'DESC' at line 1
 [ SQL语句 ] : SELECT * FROM `tp_vote_item` WHERE ( `vid` = 17 ) AND ( `status` = 1 ) ORDER BY rank DESC 
[ 2018-11-30T15:06:29+08:00 ] 177.54.204.244 /
INFO: [ app_begin ] --START--
INFO: Run ReadHtmlCache Behavior [ RunTime:0.000163s ]
INFO: [ app_begin ] --END-- [ RunTime:0.000326s ]
NOTIC: [2048] Declaration of IndexAction::show() should be compatible with Action::show($content, $charset = '', $contentType = '') /var/www/html/vote/31cms/Lib/Action/Home/IndexAction.class.php 第 4 行.
NOTIC: [2] Cannot use a scalar value as an array /var/www/html/vote/31cms/_Core/Lib/Core/Action.class.php 第 209 行.
SQL: SHOW COLUMNS FROM `tp_agent` [ RunTime:0.004035s ]
SQL: SELECT * FROM `tp_agent` WHERE ( `siteurl` = 'http://45.77.45.47:80' ) LIMIT 1   [ RunTime:0.000919s ]
INFO: [ view_template ] --START--
INFO: Run LocationTemplate Behavior [ RunTime:-0.013196s ]
INFO: [ view_template ] --END-- [ RunTime:0.000229s ]
INFO: [ view_parse ] --START--
INFO: Run ParseTemplate Behavior [ RunTime:-0.013477s ]
INFO: [ view_parse ] --END-- [ RunTime:0.002289s ]
INFO: [ view_filter ] --START--
INFO: Run ContentReplace Behavior [ RunTime:-0.015791s ]
INFO: Run TokenBuild Behavior [ RunTime:-0.015912s ]
INFO: Run WriteHtmlCache Behavior [ RunTime:-0.016041s ]
INFO: Run ShowRuntime Behavior [ RunTime:-0.016094s ]
INFO: [ view_filter ] --END-- [ RunTime:0.000448s ]
INFO: [ view_end ] --START--
INFO: Run ShowPageTrace Behavior [ RunTime:-0.016305s ]
INFO: [ view_end ] --END-- [ RunTime:0.000127s ]

[ 2018-11-30T15:16:39+08:00 ] 46.238.33.91 /
INFO: [ app_begin ] --START--
INFO: Run ReadHtmlCache Behavior [ RunTime:0.000232s ]
INFO: [ app_begin ] --END-- [ RunTime:0.000417s ]
NOTIC: [2048] Declaration of IndexAction::show() should be compatible with Action::show($content, $charset = '', $contentType = '') /var/www/html/vote/31cms/Lib/Action/Home/IndexAction.class.php 第 4 行.
NOTIC: [2] Cannot use a scalar value as an array /var/www/html/vote/31cms/_Core/Lib/Core/Action.class.php 第 209 行.
SQL: SHOW COLUMNS FROM `tp_agent` [ RunTime:0.006052s ]
SQL: SELECT * FROM `tp_agent` WHERE ( `siteurl` = 'http://45.77.45.47' ) LIMIT 1   [ RunTime:0.001287s ]
INFO: [ view_template ] --START--
INFO: Run LocationTemplate Behavior [ RunTime:-0.023422s ]
INFO: [ view_template ] --END-- [ RunTime:0.000275s ]
INFO: [ view_parse ] --START--
INFO: Run ParseTemplate Behavior [ RunTime:-0.023745s ]
INFO: [ view_parse ] --END-- [ RunTime:0.003708s ]
INFO: [ view_filter ] --START--
INFO: Run ContentReplace Behavior [ RunTime:-0.027509s ]
INFO: Run TokenBuild Behavior [ RunTime:-0.027677s ]
INFO: Run WriteHtmlCache Behavior [ RunTime:-0.027922s ]
INFO: Run ShowRuntime Behavior [ RunTime:-0.028010s ]
INFO: [ view_filter ] --END-- [ RunTime:0.000719s ]
INFO: [ view_end ] --START--
INFO: Run ShowPageTrace Behavior [ RunTime:-0.028406s ]
INFO: [ view_end ] --END-- [ RunTime:0.000178s ]

[ 2018-11-30T15:19:12+08:00 ] ERR: (ThinkException) You have an error in your SQL syntax; check the manual that corresponds to your MySQL server version for the right syntax to use near 'DESC' at line 1
 [ SQL语句 ] : SELECT * FROM `tp_vote_item` WHERE ( `vid` = 16 ) AND ( `status` = 1 ) ORDER BY rank DESC 
[ 2018-11-30T15:23:34+08:00 ] 43.243.222.232 /index.php
INFO: [ app_begin ] --START--
INFO: Run ReadHtmlCache Behavior [ RunTime:0.000141s ]
INFO: [ app_begin ] --END-- [ RunTime:0.000281s ]
NOTIC: [2048] Declaration of IndexAction::show() should be compatible with Action::show($content, $charset = '', $contentType = '') /var/www/html/vote/31cms/Lib/Action/Home/IndexAction.class.php 第 4 行.
NOTIC: [2] Cannot use a scalar value as an array /var/www/html/vote/31cms/_Core/Lib/Core/Action.class.php 第 209 行.
SQL: SHOW COLUMNS FROM `tp_agent` [ RunTime:0.003220s ]
SQL: SELECT * FROM `tp_agent` WHERE ( `siteurl` = 'http://45.77.45.47' ) LIMIT 1   [ RunTime:0.000755s ]
INFO: [ view_template ] --START--
INFO: Run LocationTemplate Behavior [ RunTime:-0.010921s ]
INFO: [ view_template ] --END-- [ RunTime:0.000166s ]
INFO: [ view_parse ] --START--
INFO: Run ParseTemplate Behavior [ RunTime:-0.011123s ]
INFO: [ view_parse ] --END-- [ RunTime:0.002294s ]
INFO: [ view_filter ] --START--
INFO: Run ContentReplace Behavior [ RunTime:-0.013630s ]
INFO: Run TokenBuild Behavior [ RunTime:-0.013744s ]
INFO: Run WriteHtmlCache Behavior [ RunTime:-0.013871s ]
INFO: Run ShowRuntime Behavior [ RunTime:-0.013923s ]
INFO: [ view_filter ] --END-- [ RunTime:0.000409s ]
INFO: [ view_end ] --START--
INFO: Run ShowPageTrace Behavior [ RunTime:-0.014098s ]
INFO: [ view_end ] --END-- [ RunTime:0.000102s ]

[ 2018-11-30T15:26:22+08:00 ] 43.231.229.11 /index.php?g=User&m=Vote&a=eitem&token=Eioa5C5oj3S32qhH&id=17
INFO: [ app_begin ] --START--
INFO: Run ReadHtmlCache Behavior [ RunTime:0.000137s ]
INFO: [ app_begin ] --END-- [ RunTime:0.000265s ]
NOTIC: [2] Cannot use a scalar value as an array /var/www/html/vote/31cms/_Core/Lib/Core/Action.class.php 第 209 行.
SQL: SHOW COLUMNS FROM `tp_agent` [ RunTime:0.003625s ]
SQL: SELECT * FROM `tp_agent` WHERE ( `siteurl` = 'http://www.8leyoyo.com' ) LIMIT 1   [ RunTime:0.000746s ]
SQL: SHOW COLUMNS FROM `tp_user_group` [ RunTime:0.001215s ]
SQL: SELECT * FROM `tp_user_group` WHERE ( `id` = 7 ) LIMIT 1   [ RunTime:0.000518s ]
SQL: SHOW COLUMNS FROM `tp_users` [ RunTime:0.001464s ]
SQL: SELECT * FROM `tp_users` WHERE ( `id` = 1 ) LIMIT 1   [ RunTime:0.000513s ]
SQL: SELECT * FROM `tp_users` WHERE ( `id` = 1 ) LIMIT 1   [ RunTime:0.000264s ]
SQL: SHOW COLUMNS FROM `tp_wxuser` [ RunTime:0.001100s ]
SQL: SELECT `wxname`,`weixin`,`wxid`,`headerpic` FROM `tp_wxuser` WHERE ( `token` = 'Eioa5C5oj3S32qhH' ) AND ( `uid` = 1 ) LIMIT 1   [ RunTime:0.000596s ]
SQL: SHOW COLUMNS FROM `tp_token_open` [ RunTime:0.000927s ]
SQL: SELECT `queryname` FROM `tp_token_open` WHERE ( `token` = 'Eioa5C5oj3S32qhH' ) LIMIT 1   [ RunTime:0.000365s ]
SQL: SHOW COLUMNS FROM `tp_vote_item` [ RunTime:0.000897s ]
SQL: SELECT COUNT(*) AS tp_count FROM `tp_vote_item` WHERE ( `vid` = 17 ) AND ( `status` > 0 ) LIMIT 1   [ RunTime:0.000374s ]
SQL: SELECT * FROM `tp_vote_item` WHERE ( `vid` = 17 ) AND ( `status` > 0 ) ORDER BY vcount desc LIMIT 0,20   [ RunTime:0.000214s ]
INFO: [ view_template ] --START--
INFO: Run LocationTemplate Behavior [ RunTime:-0.023589s ]
INFO: [ view_template ] --END-- [ RunTime:0.000119s ]
INFO: [ view_parse ] --START--
INFO: Run ParseTemplate Behavior [ RunTime:-0.023746s ]
INFO: [ view_parse ] --END-- [ RunTime:0.007712s ]
INFO: [ view_filter ] --START--
INFO: Run ContentReplace Behavior [ RunTime:-0.031495s ]
INFO: Run TokenBuild Behavior [ RunTime:-0.031654s ]
INFO: Run WriteHtmlCache Behavior [ RunTime:-0.031788s ]
INFO: Run ShowRuntime Behavior [ RunTime:-0.031838s ]
INFO: [ view_filter ] --END-- [ RunTime:0.000461s ]
INFO: [ view_end ] --START--
INFO: Run ShowPageTrace Behavior [ RunTime:-0.032020s ]
INFO: [ view_end ] --END-- [ RunTime:0.000093s ]

[ 2018-11-30T15:38:58+08:00 ] 43.231.229.11 /index.php?g=Home&m=Index&a=index
INFO: [ app_begin ] --START--
INFO: Run ReadHtmlCache Behavior [ RunTime:0.000097s ]
INFO: [ app_begin ] --END-- [ RunTime:0.000177s ]
NOTIC: [2048] Declaration of IndexAction::show() should be compatible with Action::show($content, $charset = '', $contentType = '') /var/www/html/vote/31cms/Lib/Action/Home/IndexAction.class.php 第 4 行.
NOTIC: [2] Cannot use a scalar value as an array /var/www/html/vote/31cms/_Core/Lib/Core/Action.class.php 第 209 行.
SQL: SHOW COLUMNS FROM `tp_agent` [ RunTime:0.002311s ]
SQL: SELECT * FROM `tp_agent` WHERE ( `siteurl` = 'http://www.8leyoyo.com' ) LIMIT 1   [ RunTime:0.000471s ]
INFO: [ view_template ] --START--
INFO: Run LocationTemplate Behavior [ RunTime:-0.007839s ]
INFO: [ view_template ] --END-- [ RunTime:0.000214s ]
INFO: [ view_parse ] --START--
INFO: Run ParseTemplate Behavior [ RunTime:-0.008084s ]
INFO: [ view_parse ] --END-- [ RunTime:0.002708s ]
INFO: [ view_filter ] --START--
INFO: Run ContentReplace Behavior [ RunTime:-0.010849s ]
INFO: Run TokenBuild Behavior [ RunTime:-0.011000s ]
INFO: Run WriteHtmlCache Behavior [ RunTime:-0.011150s ]
INFO: Run ShowRuntime Behavior [ RunTime:-0.011208s ]
INFO: [ view_filter ] --END-- [ RunTime:0.000498s ]
INFO: [ view_end ] --START--
INFO: Run ShowPageTrace Behavior [ RunTime:-0.011406s ]
INFO: [ view_end ] --END-- [ RunTime:0.000144s ]

[ 2018-11-30T15:39:00+08:00 ] 43.231.229.11 /index.php?m=Users&a=checklogin
INFO: [ app_begin ] --START--
INFO: Run ReadHtmlCache Behavior [ RunTime:0.000130s ]
INFO: [ app_begin ] --END-- [ RunTime:0.000264s ]
NOTIC: [2] Cannot use a scalar value as an array /var/www/html/vote/31cms/_Core/Lib/Core/Action.class.php 第 209 行.
SQL: SHOW COLUMNS FROM `tp_agent` [ RunTime:0.002919s ]
SQL: SELECT * FROM `tp_agent` WHERE ( `siteurl` = 'http://www.8leyoyo.com' ) LIMIT 1   [ RunTime:0.000536s ]
SQL: SHOW COLUMNS FROM `tp_users` [ RunTime:0.002384s ]
SQL: SELECT * FROM `tp_users` WHERE ( `username` = 'admin' ) LIMIT 1   [ RunTime:0.000797s ]
SQL: SHOW COLUMNS FROM `tp_token_open` [ RunTime:0.001394s ]
SQL: SELECT `token` FROM `tp_token_open` WHERE ( `uid` = 1 ) LIMIT 1   [ RunTime:0.000391s ]
SQL: SHOW COLUMNS FROM `tp_user_group` [ RunTime:0.001318s ]
SQL: SELECT * FROM `tp_user_group` WHERE ( `id` = 7 ) LIMIT 1   [ RunTime:0.000423s ]
SQL: UPDATE `tp_users` SET `diynum`=0,`connectnum`=0,`activitynum`=0 WHERE ( `id` = 1 ) [ RunTime:0.000574s ]
SQL: UPDATE `tp_users` SET `lasttime`=1543563540,`lastloginmonth`=11,`lastip`='43.231.229.11' WHERE ( `id` = 1 ) [ RunTime:0.000394s ]
INFO: [ view_template ] --START--
INFO: Run LocationTemplate Behavior [ RunTime:-0.020290s ]
INFO: [ view_template ] --END-- [ RunTime:0.000152s ]
INFO: [ view_parse ] --START--
INFO: Run ParseTemplate Behavior [ RunTime:-0.020506s ]
INFO: [ view_parse ] --END-- [ RunTime:0.002820s ]
INFO: [ view_filter ] --START--
INFO: Run ContentReplace Behavior [ RunTime:-0.023382s ]
INFO: Run TokenBuild Behavior [ RunTime:-0.023518s ]
INFO: Run WriteHtmlCache Behavior [ RunTime:-0.023646s ]
INFO: Run ShowRuntime Behavior [ RunTime:-0.023711s ]
INFO: [ view_filter ] --END-- [ RunTime:0.000501s ]
INFO: [ view_end ] --START--
INFO: Run ShowPageTrace Behavior [ RunTime:-0.023976s ]
INFO: [ view_end ] --END-- [ RunTime:0.000304s ]

[ 2018-11-30T15:39:01+08:00 ] 43.231.229.11 /index.php?g=User&m=Vote&a=index
INFO: [ app_begin ] --START--
INFO: Run ReadHtmlCache Behavior [ RunTime:0.000115s ]
INFO: [ app_begin ] --END-- [ RunTime:0.000195s ]
NOTIC: [2] Cannot use a scalar value as an array /var/www/html/vote/31cms/_Core/Lib/Core/Action.class.php 第 209 行.
SQL: SHOW COLUMNS FROM `tp_agent` [ RunTime:0.002192s ]
SQL: SELECT * FROM `tp_agent` WHERE ( `siteurl` = 'http://www.8leyoyo.com' ) LIMIT 1   [ RunTime:0.000554s ]
SQL: SHOW COLUMNS FROM `tp_user_group` [ RunTime:0.001415s ]
SQL: SELECT * FROM `tp_user_group` WHERE ( `id` = 7 ) LIMIT 1   [ RunTime:0.000431s ]
SQL: SHOW COLUMNS FROM `tp_users` [ RunTime:0.001851s ]
SQL: SELECT * FROM `tp_users` WHERE ( `id` = 1 ) LIMIT 1   [ RunTime:0.000625s ]
SQL: SELECT * FROM `tp_users` WHERE ( `id` = 1 ) LIMIT 1   [ RunTime:0.000387s ]
SQL: SHOW COLUMNS FROM `tp_wxuser` [ RunTime:0.001516s ]
SQL: SELECT `wxname`,`weixin`,`wxid`,`headerpic` FROM `tp_wxuser` WHERE ( `token` = 'Eioa5C5oj3S32qhH' ) AND ( `uid` = 1 ) LIMIT 1   [ RunTime:0.000452s ]
SQL: SHOW COLUMNS FROM `tp_token_open` [ RunTime:0.001131s ]
SQL: SELECT `queryname` FROM `tp_token_open` WHERE ( `token` = 'Eioa5C5oj3S32qhH' ) LIMIT 1   [ RunTime:0.000325s ]
SQL: SELECT `gid`,`activitynum`,`sum` FROM `tp_users` WHERE ( `id` = 1 ) LIMIT 1   [ RunTime:0.000293s ]
SQL: SELECT * FROM `tp_user_group` WHERE ( `id` = 7 ) LIMIT 1   [ RunTime:0.000255s ]
SQL: SHOW COLUMNS FROM `tp_vote` [ RunTime:0.001521s ]
SQL: SELECT * FROM `tp_vote` WHERE ( `token` = 'Eioa5C5oj3S32qhH' ) ORDER BY id DESC  [ RunTime:0.000874s ]
SQL: SHOW COLUMNS FROM `tp_vote_item` [ RunTime:0.001403s ]
SQL: SELECT COUNT(*) AS tp_count FROM `tp_vote_item` WHERE ( `vid` = 16 ) AND ( `status` > 0 ) LIMIT 1   [ RunTime:0.000357s ]
SQL: SELECT COUNT(*) AS tp_count FROM `tp_vote_item` WHERE ( `vid` = 15 ) AND ( `status` > 0 ) LIMIT 1   [ RunTime:0.000244s ]
SQL: SELECT COUNT(*) AS tp_count FROM `tp_vote_item` WHERE ( `vid` = 14 ) AND ( `status` > 0 ) LIMIT 1   [ RunTime:0.000212s ]
SQL: SELECT COUNT(*) AS tp_count FROM `tp_vote_item` WHERE ( `vid` = 13 ) AND ( `status` > 0 ) LIMIT 1   [ RunTime:0.000195s ]
SQL: SELECT COUNT(*) AS tp_count FROM `tp_vote_item` WHERE ( `vid` = 12 ) AND ( `status` > 0 ) LIMIT 1   [ RunTime:0.000212s ]
SQL: SELECT COUNT(*) AS tp_count FROM `tp_vote_item` WHERE ( `vid` = 11 ) AND ( `status` > 0 ) LIMIT 1   [ RunTime:0.000197s ]
SQL: SELECT COUNT(*) AS tp_count FROM `tp_vote_item` WHERE ( `vid` = 9 ) AND ( `status` > 0 ) LIMIT 1   [ RunTime:0.000206s ]
SQL: SELECT COUNT(*) AS tp_count FROM `tp_vote` WHERE ( `token` = 'Eioa5C5oj3S32qhH' ) LIMIT 1   [ RunTime:0.000349s ]
INFO: [ view_template ] --START--
INFO: Run LocationTemplate Behavior [ RunTime:-0.028574s ]
INFO: [ view_template ] --END-- [ RunTime:0.000134s ]
INFO: [ view_parse ] --START--
NOTIC: [8] Undefined variable: ok /var/www/html/vote/Data/logs/Cache/User/f70321ef24e437eb7147c67ab8f0460a.php 第 165 行.
NOTIC: [8] Undefined index: id /var/www/html/vote/Data/logs/Cache/User/f70321ef24e437eb7147c67ab8f0460a.php 第 180 行.
INFO: Run ParseTemplate Behavior [ RunTime:-0.028755s ]
INFO: [ view_parse ] --END-- [ RunTime:0.011509s ]
INFO: [ view_filter ] --START--
INFO: Run ContentReplace Behavior [ RunTime:-0.040333s ]
INFO: Run TokenBuild Behavior [ RunTime:-0.040597s ]
INFO: Run WriteHtmlCache Behavior [ RunTime:-0.040892s ]
INFO: Run ShowRuntime Behavior [ RunTime:-0.040982s ]
INFO: [ view_filter ] --END-- [ RunTime:0.000871s ]
INFO: [ view_end ] --START--
INFO: Run ShowPageTrace Behavior [ RunTime:-0.041304s ]
INFO: [ view_end ] --END-- [ RunTime:0.000149s ]

[ 2018-11-30T15:39:03+08:00 ] ERR: (ThinkException) You have an error in your SQL syntax; check the manual that corresponds to your MySQL server version for the right syntax to use near 'DESC' at line 1
 [ SQL语句 ] : SELECT * FROM `tp_vote_item` WHERE ( `vid` = 16 ) AND ( `status` = 1 ) ORDER BY rank DESC 
[ 2018-11-30T16:08:10+08:00 ] 177.95.81.65 /
INFO: [ app_begin ] --START--
INFO: Run ReadHtmlCache Behavior [ RunTime:0.000144s ]
INFO: [ app_begin ] --END-- [ RunTime:0.000273s ]
NOTIC: [2048] Declaration of IndexAction::show() should be compatible with Action::show($content, $charset = '', $contentType = '') /var/www/html/vote/31cms/Lib/Action/Home/IndexAction.class.php 第 4 行.
NOTIC: [2] Cannot use a scalar value as an array /var/www/html/vote/31cms/_Core/Lib/Core/Action.class.php 第 209 行.
SQL: SHOW COLUMNS FROM `tp_agent` [ RunTime:0.004728s ]
SQL: SELECT * FROM `tp_agent` WHERE ( `siteurl` = 'http://45.77.45.47:80' ) LIMIT 1   [ RunTime:0.000745s ]
INFO: [ view_template ] --START--
INFO: Run LocationTemplate Behavior [ RunTime:-0.014006s ]
INFO: [ view_template ] --END-- [ RunTime:0.000281s ]
INFO: [ view_parse ] --START--
INFO: Run ParseTemplate Behavior [ RunTime:-0.014341s ]
INFO: [ view_parse ] --END-- [ RunTime:0.003265s ]
INFO: [ view_filter ] --START--
INFO: Run ContentReplace Behavior [ RunTime:-0.017656s ]
INFO: Run TokenBuild Behavior [ RunTime:-0.017815s ]
INFO: Run WriteHtmlCache Behavior [ RunTime:-0.018002s ]
INFO: Run ShowRuntime Behavior [ RunTime:-0.018078s ]
INFO: [ view_filter ] --END-- [ RunTime:0.000607s ]
INFO: [ view_end ] --START--
INFO: Run ShowPageTrace Behavior [ RunTime:-0.018429s ]
INFO: [ view_end ] --END-- [ RunTime:0.000242s ]

[ 2018-11-30T16:22:16+08:00 ] 201.4.156.153 /
INFO: [ app_begin ] --START--
INFO: Run ReadHtmlCache Behavior [ RunTime:0.000193s ]
INFO: [ app_begin ] --END-- [ RunTime:0.000374s ]
NOTIC: [2048] Declaration of IndexAction::show() should be compatible with Action::show($content, $charset = '', $contentType = '') /var/www/html/vote/31cms/Lib/Action/Home/IndexAction.class.php 第 4 行.
NOTIC: [2] Cannot use a scalar value as an array /var/www/html/vote/31cms/_Core/Lib/Core/Action.class.php 第 209 行.
SQL: SHOW COLUMNS FROM `tp_agent` [ RunTime:0.004373s ]
SQL: SELECT * FROM `tp_agent` WHERE ( `siteurl` = 'http://45.77.45.47:80' ) LIMIT 1   [ RunTime:0.001128s ]
INFO: [ view_template ] --START--
INFO: Run LocationTemplate Behavior [ RunTime:-0.015913s ]
INFO: [ view_template ] --END-- [ RunTime:0.000260s ]
INFO: [ view_parse ] --START--
INFO: Run ParseTemplate Behavior [ RunTime:-0.016235s ]
INFO: [ view_parse ] --END-- [ RunTime:0.007202s ]
INFO: [ view_filter ] --START--
INFO: Run ContentReplace Behavior [ RunTime:-0.023468s ]
INFO: Run TokenBuild Behavior [ RunTime:-0.025259s ]
INFO: Run WriteHtmlCache Behavior [ RunTime:-0.025418s ]
INFO: Run ShowRuntime Behavior [ RunTime:-0.025497s ]
INFO: [ view_filter ] --END-- [ RunTime:0.002192s ]
INFO: [ view_end ] --START--
INFO: Run ShowPageTrace Behavior [ RunTime:-0.025717s ]
INFO: [ view_end ] --END-- [ RunTime:0.000115s ]

[ 2018-11-30T16:22:16+08:00 ] 201.4.156.153 /
INFO: [ app_begin ] --START--
INFO: Run ReadHtmlCache Behavior [ RunTime:0.000111s ]
INFO: [ app_begin ] --END-- [ RunTime:0.000194s ]
NOTIC: [2048] Declaration of IndexAction::show() should be compatible with Action::show($content, $charset = '', $contentType = '') /var/www/html/vote/31cms/Lib/Action/Home/IndexAction.class.php 第 4 行.
NOTIC: [2] Cannot use a scalar value as an array /var/www/html/vote/31cms/_Core/Lib/Core/Action.class.php 第 209 行.
SQL: SHOW COLUMNS FROM `tp_agent` [ RunTime:0.002135s ]
SQL: SELECT * FROM `tp_agent` WHERE ( `siteurl` = 'http://45.77.45.47:80' ) LIMIT 1   [ RunTime:0.001154s ]
INFO: [ view_template ] --START--
INFO: Run LocationTemplate Behavior [ RunTime:-0.010708s ]
INFO: [ view_template ] --END-- [ RunTime:0.000165s ]
INFO: [ view_parse ] --START--
INFO: Run ParseTemplate Behavior [ RunTime:-0.010915s ]
INFO: [ view_parse ] --END-- [ RunTime:0.002230s ]
INFO: [ view_filter ] --START--
INFO: Run ContentReplace Behavior [ RunTime:-0.013191s ]
INFO: Run TokenBuild Behavior [ RunTime:-0.013302s ]
INFO: Run WriteHtmlCache Behavior [ RunTime:-0.013434s ]
INFO: Run ShowRuntime Behavior [ RunTime:-0.018114s ]
INFO: [ view_filter ] --END-- [ RunTime:0.005103s ]
INFO: [ view_end ] --START--
INFO: Run ShowPageTrace Behavior [ RunTime:-0.018364s ]
INFO: [ view_end ] --END-- [ RunTime:0.000105s ]

[ 2018-11-30T16:22:16+08:00 ] 201.4.156.153 /
INFO: [ app_begin ] --START--
INFO: Run ReadHtmlCache Behavior [ RunTime:0.000091s ]
INFO: [ app_begin ] --END-- [ RunTime:0.000149s ]
NOTIC: [2048] Declaration of IndexAction::show() should be compatible with Action::show($content, $charset = '', $contentType = '') /var/www/html/vote/31cms/Lib/Action/Home/IndexAction.class.php 第 4 行.
NOTIC: [2] Cannot use a scalar value as an array /var/www/html/vote/31cms/_Core/Lib/Core/Action.class.php 第 209 行.
SQL: SHOW COLUMNS FROM `tp_agent` [ RunTime:0.002354s ]
SQL: SELECT * FROM `tp_agent` WHERE ( `siteurl` = 'http://45.77.45.47:80' ) LIMIT 1   [ RunTime:0.001133s ]
INFO: [ view_template ] --START--
INFO: Run LocationTemplate Behavior [ RunTime:-0.007995s ]
INFO: [ view_template ] --END-- [ RunTime:0.000117s ]
INFO: [ view_parse ] --START--
INFO: Run ParseTemplate Behavior [ RunTime:-0.008144s ]
INFO: [ view_parse ] --END-- [ RunTime:0.003808s ]
INFO: [ view_filter ] --START--
INFO: Run ContentReplace Behavior [ RunTime:-0.011989s ]
INFO: Run TokenBuild Behavior [ RunTime:-0.012104s ]
INFO: Run WriteHtmlCache Behavior [ RunTime:-0.012210s ]
INFO: Run ShowRuntime Behavior [ RunTime:-0.012251s ]
INFO: [ view_filter ] --END-- [ RunTime:0.000358s ]
INFO: [ view_end ] --START--
INFO: Run ShowPageTrace Behavior [ RunTime:-0.012394s ]
INFO: [ view_end ] --END-- [ RunTime:0.000078s ]

[ 2018-11-30T16:22:16+08:00 ] 201.4.156.153 /
INFO: [ app_begin ] --START--
INFO: Run ReadHtmlCache Behavior [ RunTime:0.000056s ]
INFO: [ app_begin ] --END-- [ RunTime:0.000097s ]
NOTIC: [2048] Declaration of IndexAction::show() should be compatible with Action::show($content, $charset = '', $contentType = '') /var/www/html/vote/31cms/Lib/Action/Home/IndexAction.class.php 第 4 行.
NOTIC: [2] Cannot use a scalar value as an array /var/www/html/vote/31cms/_Core/Lib/Core/Action.class.php 第 209 行.
SQL: SHOW COLUMNS FROM `tp_agent` [ RunTime:0.002040s ]
SQL: SELECT * FROM `tp_agent` WHERE ( `siteurl` = 'http://45.77.45.47:80' ) LIMIT 1   [ RunTime:0.001236s ]
INFO: [ view_template ] --START--
INFO: Run LocationTemplate Behavior [ RunTime:-0.008093s ]
INFO: [ view_template ] --END-- [ RunTime:0.000174s ]
INFO: [ view_parse ] --START--
INFO: Run ParseTemplate Behavior [ RunTime:-0.008276s ]
INFO: [ view_parse ] --END-- [ RunTime:0.001981s ]
INFO: [ view_filter ] --START--
INFO: Run ContentReplace Behavior [ RunTime:-0.010293s ]
INFO: Run TokenBuild Behavior [ RunTime:-0.010399s ]
INFO: Run WriteHtmlCache Behavior [ RunTime:-0.010542s ]
INFO: Run ShowRuntime Behavior [ RunTime:-0.011036s ]
INFO: [ view_filter ] --END-- [ RunTime:0.000924s ]
INFO: [ view_end ] --START--
INFO: Run ShowPageTrace Behavior [ RunTime:-0.011337s ]
INFO: [ view_end ] --END-- [ RunTime:0.000169s ]

